Stepper Pin: 14

1073495784

1073495324

    F_CPU=240000000

    TICKS_PER_S=16000000





 _____  ___  ___  __  __          

(  _  )/ __)/ __)(  \/  )        

 )(_)( \__ \\__ \ )    (      

(_____)(___/(___/(_/\/\_)  ____ 

/ __)  /__\  (  )(  )/ __)( ___) 

\__ \ /(__)\  )(__)(( (__  )__)

(___/(__)(__)(______)\___)(____) 

 Firmware v1.1





-- CONNECTING TO WIFI --

--     PLEASE WAIT    --



.



-- WiFi connected! --





-- Connected to WebSocket server! --





Beginning sensorless homing...

1852.00, 0.01

1859.20, 0.03

1857.50, 0.07

1874.20, 0.15

1854.51, 0.25

1849.81, 0.40

1859.93, 0.59

1838.04, 0.83

1859.56, 1.13

1843.98, 1.49

1876.71, 1.91

1843.15, 2.40

1853.39, 2.96

1863.74, 3.60

1844.00, 4.31

1847.36, 5.11

1845.13, 6.00

1849.91, 6.97

1853.70, 8.03

1849.70, 9.18

1847.20, 10.43

1843.02, 11.77

1857.24, 13.21

1850.08, 14.75

1853.72, 16.39

1860.58, 18.14

1832.54, 19.98

1858.81, 21.93

1861.20, 23.98

1867.99, 26.14

1854.90, 28.41

1853.71, 30.78

1848.44, 33.26

1838.88, 35.84

1857.43, 38.54

1851.88, 41.34

1867.35, 44.24

1866.13, 47.25

1868.12, 50.37

1863.23, 53.60

1855.84, 56.93

1851.36, 60.37

1878.99, 63.91

1871.24, 67.55

1850.19, 71.30

1860.26, 75.15

1873.03, 79.10

1879.52, 83.16

1873.31, 87.31

1859.62, 91.56

1854.93, 95.92

1870.16, 100.36

1856.29, 104.91

1848.24, 109.55

1869.89, 114.28

1858.25, 119.10

1846.03, 124.02

1871.11, 129.03

1865.60, 134.12

1863.90, 139.30

1875.61, 144.57

1869.93, 149.92

1856.76, 155.35

1871.09, 160.87

1883.64, 166.47

1882.99, 172.14

1880.75, 177.89

1890.41, 183.72

1872.89, 189.63

1871.27, 195.61

1880.06, 201.65

1857.06, 207.77

1866.37, 213.96

1883.48, 220.22

1893.80, 226.54

1879.82, 232.93

1879.55, 239.37

1882.29, 245.89

1902.54, 252.46

1891.19, 259.08

1898.75, 265.77

1884.41, 272.51

1876.08, 279.31

1879.55, 286.16

1882.53, 293.06

1881.82, 300.01

1884.11, 307.01

1882.40, 314.05

1867.90, 321.14

1863.11, 328.28

1901.71, 335.46

1897.13, 342.67

1866.15, 349.93

1871.77, 357.23

1886.59, 364.56

1884.72, 371.93

1897.96, 379.34

1884.49, 386.77

1893.83, 394.24

1884.68, 401.74

1904.42, 409.27

1894.37, 416.83

1922.63, 424.41

1899.58, 432.02

1902.84, 439.65

1907.70, 447.31

1903.26, 454.98

1893.43, 462.68

1893.20, 470.40

1886.57, 478.14

1907.34, 485.89

1907.41, 493.66

1902.79, 501.45

1910.37, 509.25

1906.95, 517.07

1886.93, 524.89

1904.61, 532.73

1902.49, 540.57

1909.47, 548.43

1888.26, 556.29

1911.64, 564.17

1913.93, 572.04

1900.72, 579.92

1910.00, 587.81

1899.49, 595.70

1899.98, 603.59

1904.17, 611.49

1923.66, 619.38

1910.15, 627.27

1929.54, 635.17

1902.33, 643.06

1908.82, 650.95

1920.41, 658.83

1926.99, 666.71

1909.38, 674.59

1911.27, 682.46

1935.16, 690.32

1914.45, 698.18

1907.53, 706.03

1911.12, 713.87

1934.30, 721.70

1918.69, 729.53

1942.77, 737.34

1937.85, 745.14

1930.43, 752.93

1918.91, 760.71

1932.89, 768.47

1925.37, 776.23

1943.05, 783.97

1932.02, 791.69

1942.20, 799.40

1920.17, 807.10

1947.34, 814.78

1955.01, 822.44

1935.68, 830.09

1937.94, 837.72

1951.91, 845.33

1948.07, 852.93

1931.73, 860.50

1932.39, 868.06

1950.45, 875.60

1944.91, 883.12

1919.36, 890.62

1927.21, 898.10

1956.76, 905.56

1937.41, 913.00

1942.06, 920.41

1935.40, 927.81

1950.84, 935.18

1962.68, 942.53

1934.32, 949.86

1941.95, 957.17

1951.29, 964.45

1955.02, 971.71

1959.44, 978.94

1956.87, 986.15

1945.79, 993.34

1962.32, 1000.50

1970.43, 1007.63

1957.65, 1014.75

1943.66, 1021.83

1951.67, 1028.89

1964.68, 1035.93

1958.99, 1042.94

1949.59, 1049.92

1955.59, 1056.88

1947.09, 1063.81

1962.49, 1070.72

1965.08, 1077.60

1953.17, 1084.45

1954.86, 1091.27

1961.74, 1098.07

1973.13, 1104.84

1968.71, 1111.58

1978.98, 1118.29

1962.46, 1124.98

1987.13, 1131.64

1984.40, 1138.27

1955.76, 1144.88

1964.73, 1151.45

1968.89, 1158.00

1972.55, 1164.52

1956.80, 1171.02

1960.15, 1177.48

1957.00, 1183.91

1964.95, 1190.32

1970.69, 1196.70

1998.53, 1203.05

1959.97, 1209.37

1990.40, 1215.66

1978.74, 1221.93

1965.37, 1228.16

1960.29, 1234.37

1967.62, 1240.55

1981.94, 1246.69

1991.95, 1252.81

1998.47, 1258.91

1988.88, 1264.97

1988.09, 1271.00

1991.00, 1277.01

1981.10, 1282.98

1974.90, 1288.93

2001.80, 1294.85

1978.29, 1300.74

1983.49, 1306.60

1961.47, 1312.44

1981.06, 1318.24

2000.24, 1324.02

1998.22, 1329.76

1983.80, 1335.48

1992.18, 1341.17

1993.65, 1346.84

1988.82, 1352.47

1988.08, 1358.08

1996.25, 1363.65

1983.11, 1369.20

1989.57, 1374.72

1984.32, 1380.21

2007.37, 1385.68

1989.52, 1391.11

2001.57, 1396.52

1997.11, 1401.90

1981.85, 1407.25

2001.19, 1412.58

2002.93, 1417.88

2017.76, 1423.14

1987.79, 1428.39

2008.31, 1433.60

2001.44, 1438.79

1990.46, 1443.95

2005.58, 1449.08

2012.89, 1454.18

2003.11, 1459.26

2003.02, 1464.31

1994.73, 1469.34

2007.03, 1474.34

2017.13, 1479.31

2004.23, 1484.25

2010.83, 1489.17

2037.82, 1494.06

2016.02, 1498.93

1995.41, 1503.77

2010.79, 1508.58

2006.48, 1513.37

2001.16, 1518.13

2008.84, 1522.86

2017.21, 1527.57

1999.09, 1532.26

2011.16, 1536.92

2009.63, 1541.55

2002.19, 1546.16

2018.55, 1550.74

1999.02, 1555.30

2004.27, 1559.83

1994.63, 1564.33

2012.68, 1568.82

2018.83, 1573.27

2024.08, 1577.70

2037.53, 1582.11

2011.17, 1586.49

2013.61, 1590.85

2026.65, 1595.19

2008.19, 1599.50

2022.52, 1603.78

2020.25, 1608.04

2001.58, 1612.28

2011.30, 1616.50

2001.13, 1620.69

2002.85, 1624.85

2026.67, 1628.99

2024.99, 1633.11

2010.40, 1637.21

1999.91, 1641.28

2026.12, 1645.33

2016.73, 1649.35

2023.93, 1653.36

2002.04, 1657.34

2040.54, 1661.29

2025.83, 1665.23

2021.23, 1669.14

1999.22, 1673.02

2016.11, 1676.89

2028.50, 1680.73

2012.29, 1684.55

2019.77, 1688.35

2026.46, 1692.13

2029.74, 1695.88

2024.41, 1699.62

2021.69, 1703.33

2043.06, 1707.02

2019.73, 1710.69

2031.60, 1714.33

2013.47, 1717.96

2028.63, 1721.56

2026.10, 1725.14

2033.56, 1728.71

2036.31, 1732.25

2041.97, 1735.77

2022.72, 1739.27

2039.38, 1742.75

2027.13, 1746.21

2034.07, 1749.65

2041.32, 1753.06

2016.66, 1756.46

2023.41, 1759.84

2029.25, 1763.20

2033.48, 1766.54

2053.72, 1769.86

2027.95, 1773.16

2026.79, 1776.44

2026.02, 1779.70

2041.54, 1782.95

2028.67, 1786.17

2033.99, 1789.37

2040.72, 1792.56

2030.74, 1795.73

2021.56, 1798.88

2038.87, 1802.01

2028.99, 1805.12

2035.10, 1808.21

2021.71, 1811.28

2031.12, 1814.34

2023.43, 1817.38

2027.23, 1820.40

2034.64, 1823.40

2046.24, 1826.38

2041.44, 1829.35

2050.34, 1832.30

2041.03, 1835.23

2023.13, 1838.14

2056.52, 1841.03

2038.21, 1843.91

2038.00, 1846.77

2050.79, 1849.62

2043.18, 1852.45

2025.06, 1855.26

2037.44, 1858.05

2039.03, 1860.83

2048.81, 1863.59

2036.28, 1866.33

2062.36, 1869.06

2043.63, 1871.77

2043.81, 1874.47

2046.98, 1877.14

2036.05, 1879.81

2030.21, 1882.46

2048.68, 1885.09

2044.15, 1887.70

2037.81, 1890.30

2022.17, 1892.89

2046.63, 1895.46

2023.69, 1898.01

2056.55, 1900.55

2030.90, 1903.07

2043.56, 1905.58

2058.91, 1908.07

2044.86, 1910.55

2075.11, 1913.01

2046.26, 1915.46

2033.30, 1917.90

2038.15, 1920.31

2034.69, 1922.72

2029.03, 1925.11

2041.27, 1927.48

2057.91, 1929.84

2032.85, 1932.19

2053.78, 1934.52

2054.12, 1936.84

2060.05, 1939.15

2052.28, 1941.44

2045.41, 1943.71

2073.44, 1945.98

2050.57, 1948.22

2055.50, 1950.46

2036.62, 1952.68

2061.85, 1954.89

2063.47, 1957.09

2048.09, 1959.27

2058.81, 1961.44

2052.23, 1963.60

2035.84, 1965.74

2061.06, 1967.88

2049.67, 1970.00

2069.89, 1972.10

2053.20, 1974.20

2061.11, 1976.28

2060.92, 1978.35

2055.83, 1980.40

2056.13, 1982.45

2051.84, 1984.48

2045.34, 1986.50

2047.25, 1988.51

2049.45, 1990.51

2060.25, 1992.49

2054.45, 1994.47

2054.75, 1996.43

2050.85, 1998.38

2056.14, 2000.32

2040.84, 2002.24

2045.53, 2004.16

2053.92, 2006.06

2060.12, 2007.95

2044.71, 2009.83

2055.50, 2011.70

2065.38, 2013.56

2044.67, 2015.41

2053.76, 2017.25

2039.64, 2019.07

2064.32, 2020.88

2057.81, 2022.69

2049.79, 2024.48

2061.97, 2026.26

2052.65, 2028.03

2060.43, 2029.79

2072.50, 2031.54

2062.68, 2033.28

2064.85, 2035.00

2055.63, 2036.72

2043.50, 2038.43

2068.37, 2040.12

2048.84, 2041.81

2067.31, 2043.49

2051.88, 2045.15

2040.75, 2046.81

2055.92, 2048.46

2042.18, 2050.09

2076.75, 2051.72

2067.11, 2053.34

2071.37, 2054.94

2065.93, 2056.54

2056.19, 2058.13

2050.95, 2059.70

2067.81, 2061.27

2082.17, 2062.83

2064.13, 2064.38

2056.48, 2065.92

2059.04, 2067.45

2048.09, 2068.97

2082.95, 2070.49

2066.90, 2071.99

2065.45, 2073.48

2053.00, 2074.97

2062.55, 2076.45

2057.20, 2077.92

2053.74, 2079.37

2052.39, 2080.83

2051.64, 2082.27

2056.18, 2083.70

2059.53, 2085.12

2060.07, 2086.54

2052.31, 2087.95

2062.65, 2089.34

2062.39, 2090.73

2081.43, 2092.12

2054.67, 2093.49

2047.11, 2094.85

2054.85, 2096.21

2064.79, 2097.56

2058.82, 2098.90

2050.76, 2100.23

2064.69, 2101.55

2079.32, 2102.86

2055.25, 2104.17

2054.09, 2105.47

2070.32, 2106.76

2053.15, 2108.04

2068.58, 2109.31

2050.10, 2110.58

2070.83, 2111.84

2060.16, 2113.09

2092.28, 2114.33

2045.61, 2115.57

2063.83, 2116.80

2094.66, 2118.02

2056.88, 2119.23

2075.80, 2120.44

2059.12, 2121.63

2054.24, 2122.82

2077.56, 2124.01

2060.88, 2125.18

2070.40, 2126.35

2065.22, 2127.52

2077.54, 2128.67

2062.45, 2129.82

2046.47, 2130.96

2072.58, 2132.09

2056.00, 2133.22

2045.71, 2134.34

2060.62, 2135.45

2070.63, 2136.56

2091.05, 2137.66

2066.46, 2138.75

2070.17, 2139.84

2080.78, 2140.92

2088.88, 2141.99

2076.79, 2143.06

2065.90, 2144.12

2082.31, 2145.17

2060.61, 2146.22

2081.52, 2147.26

2064.32, 2148.30

2064.03, 2149.33

2065.03, 2150.35

2083.03, 2151.37

2066.04, 2152.38

2072.94, 2153.39

2075.64, 2154.39

2073.64, 2155.38

2066.94, 2156.37

2089.84, 2157.35

2082.04, 2158.33

2077.23, 2159.30

2072.33, 2160.26

2066.83, 2161.22

2086.43, 2162.18

2087.62, 2163.13

2078.92, 2164.07

2075.71, 2165.01

2079.11, 2165.94

2076.90, 2166.87

2084.79, 2167.79

2059.99, 2168.71

2074.58, 2169.63

2072.07, 2170.53

2060.16, 2171.44

2067.95, 2172.33

2062.24, 2173.23

2086.13, 2174.11

2080.62, 2175.00

2060.31, 2175.87

2060.00, 2176.75

2079.69, 2177.61

2066.27, 2178.48

2076.26, 2179.33

2073.45, 2180.18

2071.53, 2181.03

2080.32, 2181.87

2070.50, 2182.71

2085.69, 2183.54

2077.07, 2184.37

2082.15, 2185.19

2083.74, 2186.01

2078.12, 2186.83

2075.70, 2187.64

2086.58, 2188.44

2071.46, 2189.24

2059.64, 2190.04

2072.82, 2190.83

2066.60, 2191.61

2082.98, 2192.40

2075.96, 2193.17

2077.64, 2193.94

2082.02, 2194.71

2080.79, 2195.48

2072.37, 2196.24

2072.25, 2196.99

2088.62, 2197.74

2067.30, 2198.49

2085.67, 2199.23

2066.85, 2199.97

2077.72, 2200.70

2083.10, 2201.43

2105.17, 2202.16

2073.64, 2202.88

2080.52, 2203.60

2077.89, 2204.31

2070.56, 2205.02

2072.63, 2205.72

2071.30, 2206.43

2082.37, 2207.12

2060.94, 2207.82

2086.11, 2208.51

2080.78, 2209.19

2078.25, 2209.87

2081.52, 2210.55

2042.39, 2211.22

2066.35, 2211.89

2066.52, 2212.56

2057.59, 2213.22

2066.56, 2213.88

2077.92, 2214.53

2078.29, 2215.18

2068.75, 2215.82

2084.32, 2216.46

2077.78, 2217.10

2091.25, 2217.73

2072.21, 2218.36

2083.77, 2218.99

2077.04, 2219.61

2094.10, 2220.22

2087.36, 2220.84

2078.62, 2221.45

2074.78, 2222.05

2062.74, 2222.66

2066.41, 2223.26

2075.77, 2223.85

2063.73, 2224.44

2061.09, 2225.03

2077.34, 2225.62

2081.20, 2226.20

2108.76, 2226.77

2093.12, 2227.35

2065.98, 2227.92

2066.83, 2228.48

2069.29, 2229.05

2074.35, 2229.61

2072.10, 2230.16

2097.96, 2230.71

2087.32, 2231.26

2089.87, 2231.81

2082.43, 2232.35

2075.18, 2232.89

2075.64, 2233.43

2096.09, 2233.96

2095.74, 2234.49

2063.00, 2235.02

2094.95, 2235.54

2091.00, 2236.06

2075.95, 2236.58

2070.41, 2237.09

2074.36, 2237.61

2060.41, 2238.11

2068.26, 2238.62

2068.11, 2239.12

2084.86, 2239.62

2082.71, 2240.12

2065.86, 2240.61

2069.41, 2241.10

2075.46, 2241.59

2071.61, 2242.07

2088.66, 2242.55

2067.81, 2243.03

2070.86, 2243.51

2077.40, 2243.98

2099.55, 2244.45

2066.70, 2244.91

2070.54, 2245.38

2076.09, 2245.84

2072.44, 2246.29

2076.98, 2246.75

2092.53, 2247.20

2083.77, 2247.65

2085.02, 2248.09

2083.06, 2248.54

2073.91, 2248.98

2081.35, 2249.41

2073.30, 2249.85

2093.54, 2250.28

2088.98, 2250.71

2063.43, 2251.13

2087.37, 2251.56

2099.71, 2251.98

2084.46, 2252.40

2081.90, 2252.81

2093.54, 2253.23

2096.88, 2253.64

2091.72, 2254.05

2084.06, 2254.46

2062.80, 2254.86

2088.85, 2255.26

2073.09, 2255.66

2061.83, 2256.06

2089.37, 2256.46

2065.51, 2256.85

2076.65, 2257.24

2075.89, 2257.63

2064.32, 2258.01

2080.56, 2258.40

2094.40, 2258.78

2089.24, 2259.16

2079.58, 2259.53

2081.72, 2259.91

2094.15, 2260.28

2080.09, 2260.65

2078.23, 2261.02

2087.47, 2261.38

2090.60, 2261.75

2086.74, 2262.11

2064.67, 2262.47

2071.51, 2262.82

2076.55, 2263.18

2086.38, 2263.53

2074.72, 2263.88

2091.15, 2264.23

2068.69, 2264.58

2088.02, 2264.92

2075.16, 2265.26

2073.59, 2265.60

2096.83, 2265.94

2092.86, 2266.28

2077.79, 2266.61

2087.93, 2266.94

2084.96, 2267.27

2088.99, 2267.60

2076.63, 2267.93

2078.16, 2268.25

2092.79, 2268.57

2079.73, 2268.90

2065.56, 2269.21

2097.39, 2269.53

2097.22, 2269.85

2064.95, 2270.16

2093.38, 2270.47

2082.12, 2270.78

2077.85, 2271.09

2081.38, 2271.39

2080.01, 2271.70

2075.94, 2272.00

2081.67, 2272.30

2074.90, 2272.60

2079.13, 2272.90

2081.06, 2273.19

2077.49, 2273.49

2083.82, 2273.78

2078.85, 2274.07

2092.48, 2274.35

2066.41, 2274.64

2085.04, 2274.93

2090.06, 2275.21

2075.89, 2275.49

2085.42, 2275.77

2082.05, 2276.05

2069.08, 2276.32

2077.40, 2276.60

2085.93, 2276.87

2101.96, 2277.14

2080.29, 2277.41

2102.31, 2277.68

2080.94, 2277.94

2081.87, 2278.21

2063.89, 2278.47

2065.92, 2278.73

2088.35, 2278.99

2078.47, 2279.25

2067.00, 2279.50

2067.22, 2279.76

2093.15, 2280.01

2095.98, 2280.26

2076.30, 2280.51

2084.03, 2280.76

2115.45, 2281.00

2071.38, 2281.25

2082.40, 2281.49

2076.32, 2281.73

2083.75, 2281.97

2092.37, 2282.21

2089.60, 2282.45

2103.42, 2282.68

2101.54, 2282.92

2087.77, 2283.15

2093.99, 2283.38

2072.72, 2283.61

2078.14, 2283.84

2070.96, 2284.07

2071.18, 2284.30

2086.51, 2284.52

2080.43, 2284.75

2102.05, 2284.97

2074.88, 2285.19

2108.30, 2285.41

2092.82, 2285.63

2064.64, 2285.85

2091.46, 2286.07

2080.79, 2286.29

2070.91, 2286.50

2089.33, 2286.71

2074.45, 2286.93

2079.57, 2287.14

2088.69, 2287.35

2064.31, 2287.55

2072.53, 2287.76

2091.86, 2287.97

2072.78, 2288.17

2101.20, 2288.38

2078.72, 2288.58

2075.64, 2288.78

2082.76, 2288.98

2073.48, 2289.17

2092.50, 2289.37

2087.62, 2289.57

2085.84, 2289.76

2083.16, 2289.95

2076.48, 2290.15

2096.00, 2290.34

2088.11, 2290.53

2074.83, 2290.71

2091.55, 2290.90

2075.07, 2291.09

2083.99, 2291.27

2103.91, 2291.45

2067.13, 2291.64

2075.15, 2291.82

2100.46, 2292.00

2073.68, 2292.18

2103.10, 2292.36

2101.52, 2292.53

2085.34, 2292.71

2101.95, 2292.89

2088.97, 2293.06

2089.39, 2293.23

2071.81, 2293.41

2081.72, 2293.58

2076.14, 2293.75

2084.76, 2293.92

2065.27, 2294.09

2091.89, 2294.25

2092.21, 2294.42

2085.13, 2294.59

2078.94, 2294.75

2082.46, 2294.92

2071.18, 2295.08

2091.89, 2295.24

2086.41, 2295.40

2086.42, 2295.56

2089.34, 2295.72

2090.26, 2295.88

2076.47, 2296.04

2090.39, 2296.19

2099.70, 2296.35

2101.02, 2296.50

2089.63, 2296.66

2072.55, 2296.81

2091.57, 2296.96

2070.88, 2297.11

2086.90, 2297.26

2093.51, 2297.41

2075.13, 2297.56

2080.94, 2297.71

2076.56, 2297.85

2080.67, 2298.00

2071.39, 2298.15

2075.60, 2298.29

2107.91, 2298.43

2080.83, 2298.58

2110.84, 2298.72

2088.16, 2298.86

2080.17, 2299.00

2083.09, 2299.14

2104.20, 2299.28

2081.41, 2299.41

2081.93, 2299.55

2100.44, 2299.69

2088.56, 2299.82

2092.57, 2299.96

2092.88, 2300.09

2079.90, 2300.23

2085.31, 2300.36

2096.82, 2300.49

2095.34, 2300.62

2077.15, 2300.75

2080.36, 2300.89

2072.08, 2301.01

2090.69, 2301.14

2096.60, 2301.27

2083.91, 2301.40

2072.83, 2301.53

2093.64, 2301.65

2078.95, 2301.78

2085.37, 2301.91

2060.78, 2302.03

2074.89, 2302.15

2063.10, 2302.28

2084.02, 2302.40

2079.83, 2302.52

2104.84, 2302.64

2077.85, 2302.76

2097.86, 2302.87

2094.08, 2302.99

2091.39, 2303.11

2067.40, 2303.22

2095.71, 2303.34

2069.32, 2303.45

2094.13, 2303.57

2086.65, 2303.68

2095.76, 2303.79

2085.87, 2303.90

2086.98, 2304.01

2077.79, 2304.12

2069.90, 2304.23

2096.91, 2304.34

2104.72, 2304.45

2088.93, 2304.56

2090.24, 2304.66

2084.96, 2304.77

2077.17, 2304.87

2086.38, 2304.98

2100.79, 2305.08

2085.10, 2305.18

2085.61, 2305.29

2095.52, 2305.39

2083.13, 2305.49

2088.24, 2305.59

2098.75, 2305.69

2071.56, 2305.79

2091.17, 2305.89

2093.88, 2305.99

2082.09, 2306.09

2102.90, 2306.19

2090.11, 2306.29

2072.52, 2306.38

2066.23, 2306.48

2094.14, 2306.57

2098.75, 2306.67

2086.66, 2306.77

2093.27, 2306.86

2088.08, 2306.95

2106.39, 2307.05

2059.80, 2307.14

2089.70, 2307.23

2083.71, 2307.33

2094.22, 2307.42

2093.63, 2307.51

2081.54, 2307.60

2083.15, 2307.69

2072.36, 2307.78

2082.57, 2307.87

2081.08, 2307.96

2071.29, 2308.05

2054.90, 2308.14

2083.40, 2308.22

2093.31, 2308.31

2080.12, 2308.39

2081.23, 2308.48

2096.64, 2308.56

2089.25, 2308.64

2113.86, 2308.73

2080.86, 2308.81

2091.27, 2308.89

2081.88, 2308.97

2102.59, 2309.05

2098.70, 2309.13

2083.81, 2309.21

2098.31, 2309.29

2107.22, 2309.37

2078.53, 2309.45

2089.54, 2309.53

2083.34, 2309.61

2106.15, 2309.68

2086.36, 2309.76

2099.17, 2309.84

2078.48, 2309.92

2094.08, 2309.99

2085.29, 2310.07

2089.50, 2310.15

2070.11, 2310.22

2086.21, 2310.30

2080.02, 2310.37

2100.13, 2310.45

2082.24, 2310.52

2070.54, 2310.60

2087.65, 2310.67

2108.46, 2310.74

2098.37, 2310.82

2074.17, 2310.89

2095.48, 2310.96

2073.09, 2311.04

2102.10, 2311.11

2098.30, 2311.18

2079.81, 2311.25

2093.62, 2311.32

2094.83, 2311.39

2070.93, 2311.46

2083.54, 2311.54

2098.25, 2311.61

2085.05, 2311.68

2096.66, 2311.75

2071.47, 2311.81

2085.97, 2311.88

2099.88, 2311.95

2085.89, 2312.02

2093.40, 2312.09

2109.50, 2312.16

2089.81, 2312.23

2088.62, 2312.29

2068.02, 2312.36

2069.13, 2312.43

2071.94, 2312.49

2079.14, 2312.56

2068.15, 2312.63

2060.96, 2312.69

2096.76, 2312.75

2085.57, 2312.82

2095.88, 2312.88

2095.58, 2312.94

2091.39, 2313.01

2087.19, 2313.07

2101.30, 2313.13

2076.71, 2313.19

2075.01, 2313.25

2078.52, 2313.31

2075.43, 2313.37

2085.03, 2313.43

2075.24, 2313.49

2104.74, 2313.54

2119.35, 2313.60

2100.25, 2313.66

2083.36, 2313.71

2096.27, 2313.77

2107.37, 2313.83

2100.18, 2313.88

2106.38, 2313.94

2077.09, 2313.99

2076.79, 2314.05

2076.50, 2314.11

2115.41, 2314.16

2095.61, 2314.22

2085.62, 2314.27

2081.52, 2314.32

2083.73, 2314.38

2092.03, 2314.43

2101.24, 2314.49

2085.54, 2314.54

2089.45, 2314.60

2083.75, 2314.65

2076.36, 2314.70

2090.66, 2314.76

2077.07, 2314.81

2087.68, 2314.86

2090.38, 2314.91

2110.09, 2314.97

2090.09, 2315.02

2079.60, 2315.07

2065.30, 2315.12

2076.31, 2315.17

2097.31, 2315.23

2105.52, 2315.28

2073.62, 2315.33

2084.83, 2315.38

2080.63, 2315.43

2080.64, 2315.48

2079.44, 2315.53

2079.05, 2315.57

2071.25, 2315.62

2104.46, 2315.67

2094.06, 2315.72

2077.17, 2315.77

2100.27, 2315.81

2083.58, 2315.86

2098.98, 2315.91

2090.69, 2315.95

2084.09, 2316.00

2092.60, 2316.04

2083.30, 2316.09

2080.40, 2316.13

2092.51, 2316.18

2081.91, 2316.22

2061.52, 2316.26

2078.32, 2316.31

2094.43, 2316.35

2066.63, 2316.39

2097.73, 2316.43

2091.74, 2316.47

2093.54, 2316.51

2100.15, 2316.56

2072.85, 2316.60

2084.36, 2316.64

2080.56, 2316.67

2081.26, 2316.71

2081.17, 2316.75

2106.57, 2316.79

2066.78, 2316.83

2075.38, 2316.87

2098.58, 2316.90

2071.39, 2316.94

2098.79, 2316.98

2067.69, 2317.01

2100.40, 2317.05

2087.70, 2317.08

2094.10, 2317.11

2067.41, 2317.15

2073.11, 2317.18

2103.81, 2317.22

2089.02, 2317.25

2087.32, 2317.28

2089.82, 2317.31

2083.13, 2317.34

2094.53, 2317.37

2107.43, 2317.40

2094.84, 2317.44

2103.04, 2317.47

2114.64, 2317.50

2093.85, 2317.53

2083.35, 2317.56

2097.95, 2317.59

2088.56, 2317.62

2083.56, 2317.65

2075.46, 2317.68

2083.96, 2317.71

2080.17, 2317.74

2092.77, 2317.77

2094.87, 2317.80

2072.58, 2317.83

2088.98, 2317.86

2076.18, 2317.89

2088.59, 2317.92

2082.69, 2317.95

2084.49, 2317.98

2086.49, 2318.00

2091.40, 2318.03

2073.70, 2318.06

2088.50, 2318.09

2087.91, 2318.12

2081.81, 2318.14

2091.21, 2318.17

2086.81, 2318.20

2090.42, 2318.22

2087.52, 2318.25

2072.42, 2318.28

2096.43, 2318.30

2108.43, 2318.33

2087.93, 2318.35

2077.63, 2318.38

2085.24, 2318.40

2095.24, 2318.43

2100.34, 2318.45

2092.64, 2318.48

2098.95, 2318.50

2092.35, 2318.53

2092.95, 2318.55

2094.85, 2318.57

2072.76, 2318.60

2085.26, 2318.62

2088.76, 2318.65

2072.96, 2318.67

2085.86, 2318.70

2104.07, 2318.72

2095.97, 2318.74

2103.57, 2318.77

2088.47, 2318.79

2067.68, 2318.81

2092.88, 2318.84

2088.58, 2318.86

2093.38, 2318.89

2093.79, 2318.91

2072.89, 2318.93

2093.69, 2318.96

2089.09, 2318.98

2087.40, 2319.00

2086.70, 2319.03

2112.50, 2319.05

2070.90, 2319.07

2082.00, 2319.09

2101.11, 2319.12

2097.31, 2319.14

2082.41, 2319.16

2092.61, 2319.19

2111.32, 2319.21

2092.02, 2319.23

2064.62, 2319.26

2087.72, 2319.28

2082.43, 2319.30

2087.73, 2319.32

2081.23, 2319.35

2076.63, 2319.37

2082.73, 2319.39

2090.34, 2319.42

2079.64, 2319.44

2081.74, 2319.46

2081.54, 2319.48

2089.85, 2319.50

2075.25, 2319.52

2084.45, 2319.54

2108.15, 2319.57

2083.95, 2319.59

2085.16, 2319.61

2086.86, 2319.63

2072.86, 2319.65

2080.56, 2319.67

2085.36, 2319.69

2075.47, 2319.70

2084.37, 2319.72

2107.57, 2319.74

2095.17, 2319.76

2082.67, 2319.78

2087.28, 2319.80

2089.28, 2319.81

2085.78, 2319.83

2084.38, 2319.85

2099.98, 2319.87

2079.28, 2319.88

2104.09, 2319.90

2078.51, 2319.92

2067.85, 2319.93

2058.29, 2319.95

2061.83, 2319.96

2057.18, 2319.98

2057.92, 2319.99

2082.19, 2320.00

2075.32, 2320.01

2078.73, 2320.02

2055.47, 2320.03

2079.55, 2320.04

2070.55, 2320.04

2055.36, 2320.04

2067.34, 2320.05

2079.93, 2320.04

2057.59, 2320.04

2067.86, 2320.04

2057.69, 2320.03

2063.07, 2320.02

2067.71, 2320.01

2052.07, 2319.99

2053.21, 2319.97

2070.02, 2319.95

2079.30, 2319.93

2075.43, 2319.91

2058.64, 2319.88

2075.46, 2319.85

2047.95, 2319.82

2065.19, 2319.78

2062.32, 2319.74

2062.23, 2319.70

2038.62, 2319.66

2052.16, 2319.61

2074.72, 2319.56

2058.57, 2319.51

2062.46, 2319.45

2064.05, 2319.40

2060.50, 2319.33

2059.55, 2319.27

2062.26, 2319.20

2059.43, 2319.13

2042.44, 2319.06

2063.64, 2318.98

2053.26, 2318.90

2062.03, 2318.82

2067.50, 2318.73

2053.25, 2318.64

2068.13, 2318.55

2061.31, 2318.46

2074.23, 2318.36

2059.42, 2318.26

2086.24, 2318.16

2075.32, 2318.05

2074.93, 2317.95

2076.79, 2317.83

2060.88, 2317.72

2067.59, 2317.61

2073.16, 2317.49

2096.62, 2317.37

2082.86, 2317.25

2063.09, 2317.12

2060.51, 2317.00

2062.35, 2316.87

2075.94, 2316.74

2051.09, 2316.61

2071.51, 2316.48

2064.55, 2316.34

2040.36, 2316.20

2074.54, 2316.06

2050.65, 2315.92

2036.27, 2315.78

2072.23, 2315.64

2053.02, 2315.49

2068.60, 2315.34

2066.26, 2315.19

2057.53, 2315.04

2042.15, 2314.88

2062.02, 2314.73

2060.80, 2314.57

2056.88, 2314.41

2057.89, 2314.25

2073.39, 2314.09

2076.04, 2313.92

2046.40, 2313.75

2058.24, 2313.59

2074.32, 2313.42

2061.03, 2313.25

2074.60, 2313.08

2083.06, 2312.90

2059.01, 2312.73

2057.80, 2312.55

2056.88, 2312.38

2087.89, 2312.20

2056.19, 2312.02

2072.12, 2311.84

2080.11, 2311.66

2070.41, 2311.48

2080.44, 2311.30

2073.24, 2311.11

2068.12, 2310.93

2074.11, 2310.75

2083.71, 2310.56

2057.07, 2310.38

2071.31, 2310.19

2078.53, 2310.01

2055.85, 2309.82

2075.19, 2309.63

2048.92, 2309.45

2054.69, 2309.26

2076.87, 2309.07

2062.69, 2308.89

2067.87, 2308.70

2056.29, 2308.51

2057.53, 2308.33

2067.75, 2308.14

2060.78, 2307.95

2069.38, 2307.76

2048.94, 2307.57

2083.19, 2307.38

2056.62, 2307.20

2051.96, 2307.01

2049.10, 2306.82

2065.31, 2306.63

2048.03, 2306.44

2058.50, 2306.25

2054.05, 2306.06

2066.21, 2305.87

2054.12, 2305.68

2059.21, 2305.49

2054.32, 2305.30

2075.73, 2305.11

2082.07, 2304.92

2061.71, 2304.73

2058.77, 2304.54

2070.98, 2304.35

2067.90, 2304.16

2070.69, 2303.97

2066.17, 2303.78

2078.52, 2303.59

2066.25, 2303.40

2068.03, 2303.21

2067.40, 2303.02

2086.34, 2302.83

2061.33, 2302.64

2059.73, 2302.45

2065.97, 2302.27

2071.30, 2302.08

2099.73, 2301.90

2072.47, 2301.71

2054.15, 2301.53

2078.51, 2301.34

2060.05, 2301.16

2070.41, 2300.98

2075.04, 2300.80

2059.20, 2300.62

2065.22, 2300.44

2074.92, 2300.26

2051.99, 2300.08

2061.00, 2299.90

2064.80, 2299.72

2076.68, 2299.55

2060.47, 2299.37

2069.85, 2299.20

2071.28, 2299.03

2064.43, 2298.85

2065.94, 2298.68

2075.39, 2298.51

2087.44, 2298.34

2072.94, 2298.17

2069.59, 2298.00

2082.06, 2297.84

2090.01, 2297.67

2066.80, 2297.51

2061.98, 2297.34

2093.10, 2297.18

2059.71, 2297.02

2060.27, 2296.86

2064.73, 2296.70

2060.17, 2296.54

2070.62, 2296.39

2062.26, 2296.23

2081.43, 2296.08

2075.74, 2295.92

2088.67, 2295.77

2061.07, 2295.62

2058.01, 2295.47

2041.60, 2295.32

2074.66, 2295.17

2068.17, 2295.03

2045.42, 2294.88

2076.04, 2294.73

2044.80, 2294.59

2049.18, 2294.45

2066.72, 2294.30

2061.27, 2294.16

2057.83, 2294.02

2052.08, 2293.88

2043.41, 2293.74

2058.54, 2293.60

2066.75, 2293.46

2082.58, 2293.32

2082.76, 2293.19

2064.08, 2293.05

2054.71, 2292.91

2073.07, 2292.78

2060.31, 2292.64

2056.73, 2292.51

2092.07, 2292.38

2070.01, 2292.24

2070.10, 2292.11

2046.41, 2291.98

2103.34, 2291.85

2088.03, 2291.72

2090.60, 2291.59

2075.36, 2291.47

2061.04, 2291.34

2072.90, 2291.22

2067.69, 2291.09

2055.67, 2290.97

2061.87, 2290.85

2065.89, 2290.73

2053.89, 2290.61

2067.49, 2290.49

2055.45, 2290.37

2078.94, 2290.25

2075.19, 2290.14

2073.12, 2290.02

2073.81, 2289.91

2050.38, 2289.79

2067.24, 2289.68

2065.52, 2289.57

2061.75, 2289.46

2065.98, 2289.35

2058.20, 2289.24

2064.12, 2289.13

2053.71, 2289.02

2060.87, 2288.91

2073.59, 2288.81

2057.16, 2288.70

2057.92, 2288.60

2064.49, 2288.49

2059.25, 2288.39

2068.82, 2288.28

2067.58, 2288.18

2057.66, 2288.08

2073.77, 2287.98

2072.18, 2287.87

2050.82, 2287.77

2063.58, 2287.67

2062.46, 2287.57

2071.35, 2287.47

2072.93, 2287.38

2058.09, 2287.28

2065.91, 2287.18

2080.79, 2287.08

2069.68, 2286.99

2072.87, 2286.89

2061.79, 2286.80

2067.58, 2286.70

2067.16, 2286.61

2057.62, 2286.52

2057.06, 2286.42

2054.71, 2286.33

2062.87, 2286.24

2071.79, 2286.15

2054.48, 2286.06

2076.55, 2285.97

2050.95, 2285.88

2065.20, 2285.79

2061.02, 2285.70

2066.70, 2285.61

2074.27, 2285.53

2080.73, 2285.44

2068.07, 2285.35

2066.51, 2285.27

2068.05, 2285.18

2061.31, 2285.10

2062.03, 2285.01

2062.60, 2284.93

2072.96, 2284.85

2071.80, 2284.77

2061.78, 2284.69

2073.58, 2284.60

2047.16, 2284.52

2065.52, 2284.44

2052.95, 2284.36

2063.60, 2284.29

2080.16, 2284.21

2060.92, 2284.13

2057.19, 2284.05

2069.12, 2283.98

2076.81, 2283.90

2074.58, 2283.82

2052.06, 2283.75

2075.61, 2283.67

2052.16, 2283.60

2044.02, 2283.53

2055.30, 2283.45

2045.63, 2283.38

2051.66, 2283.31

2080.07, 2283.23

2053.11, 2283.16

2060.51, 2283.09

2058.55, 2283.02

2067.56, 2282.95

2059.06, 2282.87

2054.81, 2282.80

2075.78, 2282.73

2068.08, 2282.66

2079.21, 2282.59

2064.02, 2282.52

2059.50, 2282.45

2070.45, 2282.38

2057.84, 2282.31

2061.98, 2282.24

2059.10, 2282.17

2060.61, 2282.11

2075.26, 2282.04

2054.33, 2281.97

2084.03, 2281.90

2086.60, 2281.84

2067.16, 2281.77

2061.62, 2281.71

2071.16, 2281.64

2063.92, 2281.58

2070.19, 2281.51

2071.52, 2281.45

2058.85, 2281.38

2072.19, 2281.32

2060.12, 2281.26

2051.01, 2281.20

2061.10, 2281.14

2052.11, 2281.08

2077.61, 2281.02

2072.46, 2280.96

2061.35, 2280.90

2076.73, 2280.84

2078.37, 2280.78

2068.84, 2280.72

2069.38, 2280.67

2085.84, 2280.61

2065.38, 2280.56

2066.54, 2280.50

2063.15, 2280.45

2091.62, 2280.39

2045.46, 2280.34

2058.45, 2280.29

2048.94, 2280.24

2054.09, 2280.19

2089.41, 2280.13

2073.74, 2280.08

2071.67, 2280.04

2059.97, 2279.99

2081.90, 2279.94

2087.19, 2279.89

2071.62, 2279.84

2048.66, 2279.80

2055.57, 2279.75

2058.66, 2279.71

2069.17, 2279.66

2062.22, 2279.62

2078.92, 2279.58

2072.69, 2279.53

2078.57, 2279.49

2073.26, 2279.45

2070.93, 2279.41

2070.19, 2279.37

2075.82, 2279.33

2079.08, 2279.29

2089.11, 2279.25

2043.81, 2279.22

2058.68, 2279.18

2071.37, 2279.15

2065.54, 2279.11

2049.15, 2279.08

2064.82, 2279.04

2083.78, 2279.01

2060.18, 2278.97

2065.72, 2278.94

2057.17, 2278.91

2056.22, 2278.88

2081.82, 2278.85

2065.68, 2278.82

2056.37, 2278.79

2066.04, 2278.76

2065.70, 2278.73

2055.97, 2278.70

2060.50, 2278.67

2063.45, 2278.64

2055.74, 2278.61

2049.77, 2278.58

2058.98, 2278.56

2054.60, 2278.53

2058.26, 2278.50

2073.43, 2278.47

2061.44, 2278.44

2075.84, 2278.42

2076.18, 2278.39

2055.92, 2278.36

2062.09, 2278.33

2068.51, 2278.31

2065.85, 2278.28

2054.79, 2278.25

2060.98, 2278.23

2058.90, 2278.20

2050.39, 2278.17

2082.74, 2278.14

2081.47, 2278.12

2076.35, 2278.09

2056.93, 2278.06

2077.59, 2278.04

2055.26, 2278.01

2068.43, 2277.99

2093.94, 2277.96

2067.59, 2277.93

2066.86, 2277.91

2065.89, 2277.88

2093.59, 2277.86

2059.46, 2277.84

2078.35, 2277.81

2082.83, 2277.79

2062.08, 2277.76

2047.81, 2277.74

2047.38, 2277.72

2061.34, 2277.70

2055.23, 2277.68

2057.82, 2277.65

2066.08, 2277.63

2070.91, 2277.61

2050.59, 2277.59

2086.06, 2277.57

2063.61, 2277.55

2074.76, 2277.53

2072.58, 2277.51

2057.26, 2277.49

2080.23, 2277.47

2066.32, 2277.45

2068.23, 2277.43

2068.42, 2277.41

2064.04, 2277.39

2078.70, 2277.37

2078.07, 2277.35

2072.31, 2277.33

2062.73, 2277.31

2081.07, 2277.29

2061.11, 2277.28

2049.01, 2277.26

2078.30, 2277.24

2050.33, 2277.23

2071.03, 2277.21

2056.50, 2277.20

2052.65, 2277.18

2048.77, 2277.16

2064.28, 2277.15

2046.63, 2277.13

2067.56, 2277.12

2070.76, 2277.10

2077.68, 2277.09

2066.67, 2277.07

2060.57, 2277.05

2062.46, 2277.04

2075.95, 2277.02

2056.89, 2277.01

2058.69, 2276.99

2058.17, 2276.98

2054.72, 2276.96

2078.07, 2276.95

2060.31, 2276.93

2050.43, 2276.92

2062.54, 2276.90

2072.65, 2276.89

2070.27, 2276.87

2066.43, 2276.86

2063.94, 2276.84

2071.39, 2276.82

2069.74, 2276.81

2070.77, 2276.79

2085.08, 2276.78

2069.11, 2276.76

2063.81, 2276.75

2070.18, 2276.73

2058.52, 2276.72

2071.15, 2276.70

2066.32, 2276.69

2060.33, 2276.68

2063.13, 2276.66

2064.21, 2276.65

2060.72, 2276.63

2068.37, 2276.62

2066.74, 2276.60

2056.17, 2276.59

2069.52, 2276.58

2089.25, 2276.56

2076.33, 2276.55

2058.13, 2276.54

2074.91, 2276.52

2088.99, 2276.51

2062.80, 2276.50

2061.28, 2276.49

2064.23, 2276.47

2062.62, 2276.46

2071.76, 2276.45

2084.58, 2276.44

2081.06, 2276.43

2073.61, 2276.42

2052.16, 2276.41

2059.52, 2276.40

2081.85, 2276.39

2061.79, 2276.38

2078.68, 2276.37

2055.07, 2276.37

2053.81, 2276.36

2065.18, 2276.35

2073.02, 2276.34

2074.70, 2276.33

2063.57, 2276.33

2069.26, 2276.32

2080.13, 2276.31

2069.31, 2276.31

2071.23, 2276.30

2050.32, 2276.30

2055.83, 2276.29

2049.68, 2276.28

2067.07, 2276.28

2070.11, 2276.27

2077.01, 2276.27

2064.80, 2276.26

2065.38, 2276.26

2076.44, 2276.25

2069.24, 2276.25

2060.12, 2276.24

2059.61, 2276.24

2050.56, 2276.23

2054.66, 2276.23

2059.57, 2276.22

2068.66, 2276.22

2062.97, 2276.21

2071.70, 2276.21

2067.07, 2276.21

2061.01, 2276.20

2080.40, 2276.20

2086.64, 2276.19

2065.46, 2276.19

2081.05, 2276.18

2062.70, 2276.18

2063.97, 2276.17

2071.90, 2276.17

2081.29, 2276.16

2071.43, 2276.16

2065.64, 2276.16

2065.26, 2276.15

2080.73, 2276.15

2069.77, 2276.15

2063.88, 2276.14

2065.89, 2276.14

2071.99, 2276.14

2055.30, 2276.14

2084.43, 2276.14

2076.94, 2276.13

2081.49, 2276.13

2064.45, 2276.13

2069.24, 2276.13

2067.52, 2276.13

2055.85, 2276.13

2067.29, 2276.13

2065.43, 2276.13

2098.64, 2276.13

2067.26, 2276.13

2055.73, 2276.13

2059.17, 2276.13

2065.72, 2276.13

2068.87, 2276.13

2053.19, 2276.14

2058.42, 2276.14

2075.94, 2276.14

2066.09, 2276.14

2058.71, 2276.14

2074.77, 2276.14

2078.38, 2276.15

2077.64, 2276.15

2076.96, 2276.15

2053.50, 2276.15

2068.85, 2276.16

2061.39, 2276.16

2061.04, 2276.16

2074.10, 2276.16

2072.81, 2276.17

2087.18, 2276.17

2084.72, 2276.17

2062.57, 2276.18

2094.06, 2276.18

2060.51, 2276.18

2066.85, 2276.19

2053.79, 2276.19

2048.98, 2276.20

2043.80, 2276.20

2046.78, 2276.21

2062.78, 2276.21

2059.68, 2276.22

2063.27, 2276.22

2063.63, 2276.22

2060.76, 2276.23

2065.08, 2276.23

2063.81, 2276.24

2048.98, 2276.24

2076.90, 2276.24

2081.49, 2276.24

2067.15, 2276.25

2065.61, 2276.25

2062.36, 2276.25

2053.04, 2276.25

2086.40, 2276.26

2066.34, 2276.26

2071.43, 2276.26

2064.24, 2276.26

2065.52, 2276.26

2060.85, 2276.27

2050.79, 2276.27

2051.58, 2276.27

2068.36, 2276.27

2070.84, 2276.27

2060.78, 2276.27

2064.38, 2276.27

2072.44, 2276.27

2075.54, 2276.27

2070.35, 2276.27

2068.34, 2276.27

2043.23, 2276.27

2071.12, 2276.27

2077.11, 2276.27

2060.61, 2276.27

2083.66, 2276.26

2068.87, 2276.26

2069.09, 2276.26

2066.71, 2276.26

2056.47, 2276.26

2063.75, 2276.26

2053.57, 2276.26

2068.96, 2276.25

2069.50, 2276.25

2060.15, 2276.25

2065.41, 2276.25

2074.34, 2276.25

2061.93, 2276.24

2074.19, 2276.24

2063.52, 2276.24

2054.75, 2276.24

2059.18, 2276.24

2069.02, 2276.23

2043.10, 2276.23

2071.01, 2276.23

2089.60, 2276.22

2055.36, 2276.22

2057.84, 2276.22

2063.78, 2276.21

2068.08, 2276.21

2077.01, 2276.21

2061.50, 2276.20

2094.85, 2276.20

2061.48, 2276.19

2058.95, 2276.19

2077.09, 2276.19

2056.01, 2276.18

2046.60, 2276.18

2067.96, 2276.18

2066.60, 2276.17

2070.26, 2276.17

2070.83, 2276.16

2065.18, 2276.16

2070.92, 2276.16

2089.19, 2276.15

2082.32, 2276.15

2067.23, 2276.14

2073.12, 2276.14

2065.71, 2276.14

2059.97, 2276.13

2075.10, 2276.13

2062.31, 2276.13

2079.53, 2276.12

2038.75, 2276.12

2055.98, 2276.12

2072.20, 2276.12

2050.22, 2276.11

2079.72, 2276.11

2064.47, 2276.11

2072.95, 2276.10

2069.99, 2276.10

2069.60, 2276.10

2072.96, 2276.10

2094.20, 2276.09

2057.62, 2276.09

2046.76, 2276.09

2041.28, 2276.09

2079.63, 2276.09

2065.06, 2276.08

2068.51, 2276.08

2067.95, 2276.08

2085.20, 2276.08

2061.42, 2276.08

2082.84, 2276.08

2064.48, 2276.07

2076.35, 2276.07

2075.63, 2276.07

2070.06, 2276.07

2054.81, 2276.07

2055.48, 2276.07

2080.05, 2276.07

2067.80, 2276.07

2099.68, 2276.07

2072.97, 2276.07

2057.30, 2276.07

2051.13, 2276.07

2064.91, 2276.07

2055.09, 2276.07

2050.01, 2276.07

2086.80, 2276.07

2088.48, 2276.07

2057.95, 2276.08

2068.99, 2276.08

2091.80, 2276.08

2069.98, 2276.08

2095.70, 2276.08

2062.87, 2276.09

2062.09, 2276.09

2063.21, 2276.09

2076.82, 2276.09

2060.38, 2276.10

2076.54, 2276.10

2063.85, 2276.11

2055.39, 2276.11

2062.34, 2276.12

2063.93, 2276.12

2059.79, 2276.13

2073.18, 2276.13

2083.12, 2276.14

2075.31, 2276.14

2060.93, 2276.15

2069.79, 2276.15

2072.88, 2276.16

2059.29, 2276.16

2063.03, 2276.17

2089.00, 2276.18

2065.30, 2276.18

2067.63, 2276.19

2084.86, 2276.20

2080.79, 2276.20

2066.68, 2276.21

2062.87, 2276.22

2046.79, 2276.23

2052.78, 2276.23

2092.48, 2276.24

2059.05, 2276.25

2060.30, 2276.26

2080.63, 2276.26

2092.96, 2276.27

2066.70, 2276.28

2067.87, 2276.29

2054.19, 2276.30

2052.72, 2276.31

2087.17, 2276.32

2054.42, 2276.33

2067.64, 2276.33

2057.56, 2276.34

2062.36, 2276.35

2083.04, 2276.36

2085.00, 2276.37

2047.70, 2276.38

2057.07, 2276.39

2078.91, 2276.40

2071.09, 2276.41

2068.11, 2276.41

2052.91, 2276.42

2064.19, 2276.43

2073.12, 2276.44

2075.31, 2276.45

2052.83, 2276.46

2058.68, 2276.47

2057.77, 2276.47

2076.58, 2276.48

2068.66, 2276.49

2066.47, 2276.50

2087.95, 2276.51

2089.09, 2276.51

2070.91, 2276.52

2064.69, 2276.53

2095.17, 2276.54

2059.92, 2276.55

2064.09, 2276.55

2084.41, 2276.56

2066.14, 2276.57

2055.91, 2276.58

2056.69, 2276.59

2054.67, 2276.60

2053.37, 2276.60

2082.54, 2276.61

2074.85, 2276.62

2054.29, 2276.63

2057.93, 2276.64

2071.29, 2276.65

2076.63, 2276.65

2054.86, 2276.66

2077.49, 2276.67

2061.45, 2276.68

2065.84, 2276.68

2059.88, 2276.69

2078.79, 2276.70

2067.88, 2276.71

2070.09, 2276.71

2078.61, 2276.72

2060.36, 2276.73

2066.64, 2276.73

2055.46, 2276.74

2063.55, 2276.75

2050.45, 2276.75

2050.65, 2276.76

2069.86, 2276.77

2083.59, 2276.77

2055.36, 2276.78

2065.84, 2276.78

2057.08, 2276.79

2065.21, 2276.79

2080.12, 2276.80

2060.31, 2276.80

2063.93, 2276.80

2069.69, 2276.81

2047.87, 2276.81

2058.79, 2276.82

2055.98, 2276.82

2041.80, 2276.82

2067.28, 2276.82

2052.03, 2276.82

2085.20, 2276.83

2075.32, 2276.83

2065.63, 2276.83

2057.66, 2276.83

2056.17, 2276.83

2070.12, 2276.83

2045.41, 2276.82

2075.84, 2276.82

2064.58, 2276.82

2056.76, 2276.82

2072.08, 2276.82

2068.01, 2276.81

2062.80, 2276.81

2063.98, 2276.80

2068.00, 2276.80

2047.10, 2276.80

2055.31, 2276.79

2073.43, 2276.79

2085.24, 2276.78

2055.62, 2276.77

2068.06, 2276.77

2068.31, 2276.76

2063.13, 2276.76

2086.41, 2276.75

2055.54, 2276.74

2040.15, 2276.73

2063.32, 2276.73

2054.53, 2276.72

2065.45, 2276.71

2055.45, 2276.70

2084.14, 2276.69

2071.31, 2276.68

2048.93, 2276.68

2057.49, 2276.67

2069.75, 2276.66

2081.68, 2276.65

2063.27, 2276.64

2065.13, 2276.63

2092.21, 2276.61

2078.02, 2276.60

2066.40, 2276.59

2080.44, 2276.58

2051.44, 2276.57

2049.34, 2276.56

2068.73, 2276.55

2065.17, 2276.54

2067.42, 2276.53

2070.14, 2276.52

2063.31, 2276.51

2070.83, 2276.50

2063.28, 2276.49

2073.73, 2276.48

2061.67, 2276.47

2060.67, 2276.46

2056.57, 2276.45

2074.56, 2276.44

2063.36, 2276.43

2065.44, 2276.42

2070.64, 2276.41

2075.06, 2276.40

2060.81, 2276.39

2080.28, 2276.38

2088.63, 2276.37

2078.06, 2276.36

2054.71, 2276.35

2069.87, 2276.34

2064.09, 2276.33

2055.41, 2276.32

2075.14, 2276.31

2062.01, 2276.30

2053.60, 2276.30

2043.46, 2276.29

2050.45, 2276.28

2055.14, 2276.27

2068.61, 2276.26

2050.26, 2276.25

2071.63, 2276.25

2066.96, 2276.24

2052.20, 2276.23

2063.32, 2276.22

2074.43, 2276.21

2062.94, 2276.20

2071.99, 2276.19

2073.70, 2276.18

2071.47, 2276.17

2052.75, 2276.17

2063.37, 2276.16

2062.74, 2276.15

2055.37, 2276.14

2066.74, 2276.13

2083.57, 2276.12

2077.36, 2276.11

2067.04, 2276.10

2058.20, 2276.09

2079.72, 2276.08

2079.87, 2276.08

2070.39, 2276.07

2075.34, 2276.06

2073.73, 2276.05

2062.97, 2276.04

2062.20, 2276.03

2059.02, 2276.03

2063.10, 2276.02

2064.21, 2276.01

2069.82, 2276.01

2050.28, 2276.00

2068.73, 2275.99

2049.67, 2275.98

2059.57, 2275.98

2059.76, 2275.97

2055.58, 2275.96

2070.16, 2275.96

2053.02, 2275.95

2051.10, 2275.94

2058.21, 2275.94

2047.22, 2275.93

2057.12, 2275.92

2068.61, 2275.91

2053.86, 2275.90

2072.49, 2275.89

2052.15, 2275.88

2074.51, 2275.87

2071.35, 2275.86

2068.64, 2275.85

2058.76, 2275.84

2052.78, 2275.83

2056.98, 2275.82

2084.50, 2275.81

2080.05, 2275.80

2068.41, 2275.79

2049.64, 2275.78

2071.76, 2275.77

2054.18, 2275.76

2058.42, 2275.75

2061.94, 2275.73

2054.29, 2275.72

2070.43, 2275.71

2050.34, 2275.70

2072.13, 2275.69

2069.81, 2275.67

2055.88, 2275.66

2064.89, 2275.65

2065.89, 2275.63

2052.29, 2275.62

2078.33, 2275.61

2058.03, 2275.59

2058.30, 2275.58

2082.53, 2275.57

2057.35, 2275.55

2058.94, 2275.54

2059.49, 2275.53

2082.15, 2275.51

2055.91, 2275.50

2078.79, 2275.48

2085.28, 2275.47

2091.63, 2275.46

2078.56, 2275.44

2074.06, 2275.43

2077.21, 2275.42

2051.92, 2275.41

2063.99, 2275.39

2083.40, 2275.38

2052.54, 2275.37

2071.55, 2275.36

2058.76, 2275.35

2062.78, 2275.34

2071.18, 2275.33

2054.92, 2275.32

2067.79, 2275.31

2055.48, 2275.30

2048.05, 2275.29

2066.80, 2275.28

2078.48, 2275.27

2050.95, 2275.26

2052.90, 2275.25

2057.39, 2275.24

2074.74, 2275.23

2062.37, 2275.22

2063.74, 2275.21

2061.47, 2275.21

2070.75, 2275.20

2081.17, 2275.19

2072.82, 2275.18

2056.78, 2275.17

2072.28, 2275.16

2051.53, 2275.15

2078.55, 2275.14

2068.36, 2275.14

2064.74, 2275.13

2071.47, 2275.12

2062.35, 2275.11

2062.73, 2275.10

2059.37, 2275.10

2069.04, 2275.09

2080.40, 2275.08

2062.04, 2275.08

2053.60, 2275.07

2078.66, 2275.06

2075.37, 2275.06

2087.24, 2275.05

2059.32, 2275.04

2057.73, 2275.04

2083.87, 2275.03

2046.99, 2275.03

2063.00, 2275.02

2058.10, 2275.02

2072.31, 2275.01

2070.03, 2275.01

2056.30, 2275.00

2056.03, 2275.00

2055.40, 2275.00

2076.44, 2274.99

2074.74, 2274.99

2079.07, 2274.98

2082.61, 2274.98

2051.16, 2274.98

2062.82, 2274.97

2060.58, 2274.97

2051.06, 2274.97

2071.21, 2274.96

2081.42, 2274.96

2062.54, 2274.96

2067.55, 2274.96

2073.46, 2274.95

2070.25, 2274.95

2059.52, 2274.95

2065.45, 2274.95

2073.35, 2274.95

2061.03, 2274.94

2063.70, 2274.94

2064.17, 2274.94

2065.82, 2274.94

2064.78, 2274.94

2067.08, 2274.94

2059.21, 2274.94

2064.42, 2274.94

2066.44, 2274.93

2065.54, 2274.93

2073.75, 2274.93

2068.98, 2274.93

2069.40, 2274.93

2063.44, 2274.93

2049.24, 2274.93

2066.52, 2274.93

2057.15, 2274.93

2073.02, 2274.93

2077.30, 2274.93

2074.83, 2274.93

2082.78, 2274.93

2070.88, 2274.93

2080.89, 2274.93

2055.49, 2274.93

2066.35, 2274.94

2069.63, 2274.94

2057.46, 2274.94

2072.25, 2274.94

2060.12, 2274.94

2077.91, 2274.95

2053.19, 2274.95

2060.22, 2274.95

2062.32, 2274.95

2071.03, 2274.96

2057.50, 2274.96

2060.15, 2274.96

2058.42, 2274.96

2061.74, 2274.97

2059.07, 2274.97

2085.31, 2274.97

2065.93, 2274.98

2064.29, 2274.98

2076.13, 2274.98

2069.51, 2274.98

2068.55, 2274.99

2069.26, 2274.99

2056.63, 2274.99

2070.16, 2275.00

2074.42, 2275.00

2076.94, 2275.00

2070.89, 2275.01

2072.19, 2275.01

2056.72, 2275.02

2057.77, 2275.02

2060.68, 2275.02

2052.77, 2275.03

2061.38, 2275.03

2072.74, 2275.04

2056.47, 2275.04

2047.65, 2275.05

2060.36, 2275.05

2047.54, 2275.05

2056.15, 2275.06

2064.32, 2275.06

2071.43, 2275.06

2088.64, 2275.07

2060.26, 2275.07

2063.73, 2275.07

2074.47, 2275.07

2071.65, 2275.08

2056.16, 2275.08

2056.02, 2275.08

2059.30, 2275.08

2050.13, 2275.08

2053.51, 2275.09

2074.05, 2275.09

2068.60, 2275.09

2063.46, 2275.09

2062.75, 2275.09

2068.57, 2275.09

2065.66, 2275.09

2081.57, 2275.09

2052.76, 2275.09

2063.18, 2275.09

2064.22, 2275.09

2068.32, 2275.09

2073.23, 2275.09

2064.32, 2275.09

2054.93, 2275.09

2068.29, 2275.09

2056.23, 2275.08

2052.82, 2275.08

2072.58, 2275.08

2079.36, 2275.08

2060.44, 2275.08

2056.94, 2275.08

2049.99, 2275.08

2068.50, 2275.07

2066.55, 2275.07

2071.66, 2275.07

2068.97, 2275.07

2059.30, 2275.06

2066.83, 2275.06

2072.78, 2275.06

2072.88, 2275.06

2071.89, 2275.05

2073.39, 2275.05

2064.74, 2275.05

2052.27, 2275.05

2050.43, 2275.04

2089.64, 2275.04

2049.46, 2275.04

2062.75, 2275.04

2057.27, 2275.03

2060.83, 2275.03

2067.78, 2275.03

2065.98, 2275.02

2051.90, 2275.02

2063.69, 2275.02

2067.27, 2275.01

2054.83, 2275.01

2047.48, 2275.01

2064.45, 2275.00

2065.94, 2275.00

2063.89, 2274.99

2072.29, 2274.99

2063.53, 2274.98

2075.05, 2274.98

2096.31, 2274.97

2075.33, 2274.97

2074.43, 2274.97

2056.84, 2274.96

2055.18, 2274.96

2069.42, 2274.95

2053.74, 2274.95

2072.57, 2274.95

2080.66, 2274.94

2056.47, 2274.94

2068.15, 2274.93

2055.51, 2274.93

2059.05, 2274.93

2063.21, 2274.92

2061.82, 2274.92

2066.68, 2274.92

2057.27, 2274.91

2060.93, 2274.91

2062.19, 2274.90

2059.72, 2274.90

2074.07, 2274.90

2081.01, 2274.89

2038.30, 2274.89

2062.83, 2274.88

2052.88, 2274.88

2053.39, 2274.88

2068.64, 2274.87

2062.36, 2274.87

2050.24, 2274.86

2079.32, 2274.86

2056.73, 2274.85

2057.87, 2274.84

2058.09, 2274.84

2076.61, 2274.83

2073.06, 2274.83

2060.41, 2274.82

2082.14, 2274.81

2061.61, 2274.81

2057.16, 2274.80

2061.12, 2274.80

2062.41, 2274.79

2060.14, 2274.78

2061.51, 2274.78

2064.05, 2274.77

2071.21, 2274.76

2056.42, 2274.76

2084.04, 2274.75

2071.20, 2274.74

2077.62, 2274.74

2063.76, 2274.73

2056.38, 2274.72

2050.54, 2274.71

2063.05, 2274.71

2063.71, 2274.70

2056.77, 2274.69

2070.58, 2274.69

2054.36, 2274.68

2064.54, 2274.67

2067.05, 2274.66

2064.81, 2274.66

2072.98, 2274.65

2073.70, 2274.64

2058.27, 2274.63

2060.73, 2274.63

2069.17, 2274.62

2052.72, 2274.61

2091.87, 2274.60

2084.39, 2274.60

2064.54, 2274.59

2079.95, 2274.58

2066.90, 2274.58

2074.99, 2274.57

2076.50, 2274.56

2090.45, 2274.56

2062.94, 2274.55

2071.09, 2274.55

2062.21, 2274.54

2071.12, 2274.54

2064.41, 2274.54

2056.84, 2274.53

2058.98, 2274.53

2064.00, 2274.53

2095.20, 2274.52

2064.82, 2274.52

2060.48, 2274.52

2055.65, 2274.52

2079.46, 2274.52

2076.95, 2274.52

2059.49, 2274.51

2047.25, 2274.51

2064.23, 2274.51

2066.12, 2274.51

2072.31, 2274.51

2063.63, 2274.51

2070.56, 2274.51

2083.16, 2274.51

2067.52, 2274.52

2068.25, 2274.52

2057.23, 2274.52

2046.42, 2274.52

2052.24, 2274.52

2061.12, 2274.52

2060.61, 2274.52

2074.96, 2274.52

2046.10, 2274.53

2054.71, 2274.53

2073.97, 2274.53

2063.50, 2274.53

2065.85, 2274.53

2063.39, 2274.53

2076.74, 2274.53

2074.17, 2274.53

2060.02, 2274.53

2074.50, 2274.54

2063.15, 2274.54

2075.92, 2274.54

2086.49, 2274.54

2089.15, 2274.54

2061.21, 2274.54

2068.12, 2274.54

2055.01, 2274.55

2076.60, 2274.55

2061.76, 2274.55

2038.98, 2274.55

2072.60, 2274.56

2061.26, 2274.56

2055.53, 2274.56

2063.95, 2274.56

2057.50, 2274.57

2053.75, 2274.57

2057.27, 2274.57

2080.73, 2274.57

2053.97, 2274.58

2080.60, 2274.58

2053.96, 2274.58

2063.70, 2274.58

2074.27, 2274.58

2069.33, 2274.59

2054.53, 2274.59

2064.75, 2274.59

2049.38, 2274.59

2083.24, 2274.59

2077.12, 2274.59

2049.91, 2274.60

2061.59, 2274.60

2069.46, 2274.60

2076.55, 2274.60

2068.75, 2274.60

2070.28, 2274.60

2049.43, 2274.60

2078.34, 2274.60

2049.73, 2274.61

2058.87, 2274.61

2065.99, 2274.61

2053.10, 2274.61

2066.71, 2274.61

2065.97, 2274.61

2088.00, 2274.61

2076.90, 2274.61

2062.19, 2274.61

2053.32, 2274.61

2066.23, 2274.61

2063.52, 2274.61

2075.15, 2274.62

2056.22, 2274.62

2066.92, 2274.62

2073.79, 2274.62

2051.18, 2274.62

2061.62, 2274.62

2062.86, 2274.62

2060.19, 2274.62

2074.82, 2274.62

2054.18, 2274.62

2073.22, 2274.62

2056.92, 2274.62

2060.79, 2274.62

2056.38, 2274.62

2067.34, 2274.62

2050.23, 2274.62

2051.92, 2274.62

2060.79, 2274.62

2067.78, 2274.62

2052.78, 2274.61

2059.38, 2274.61

2080.74, 2274.61

2065.37, 2274.61

2056.34, 2274.61

2069.33, 2274.60

2078.93, 2274.60

2063.89, 2274.60

2077.29, 2274.60

2078.33, 2274.59

2055.73, 2274.59

2064.87, 2274.59

2073.39, 2274.59

2077.44, 2274.58

2066.14, 2274.58

2067.51, 2274.58

2063.15, 2274.57

2091.52, 2274.57

2066.05, 2274.57

2065.71, 2274.57

2054.17, 2274.57

2050.62, 2274.56

2062.96, 2274.56

2049.90, 2274.56

2071.29, 2274.56

2056.43, 2274.56

2050.34, 2274.56

2067.63, 2274.55

2068.66, 2274.55

2068.57, 2274.55

2056.36, 2274.55

2060.34, 2274.55

2060.73, 2274.54

2058.37, 2274.54

2055.64, 2274.54

2080.26, 2274.54

2059.23, 2274.53

2054.82, 2274.53

2066.08, 2274.53

2051.61, 2274.52

2063.56, 2274.52

2058.16, 2274.51

2074.12, 2274.51

2095.51, 2274.51

2075.05, 2274.50

2052.21, 2274.50

2062.22, 2274.50

2070.02, 2274.49

2068.30, 2274.49

2058.93, 2274.48

2048.59, 2274.48

2069.06, 2274.47

2060.61, 2274.47

2072.06, 2274.47

2068.21, 2274.46

2061.62, 2274.46

2060.76, 2274.45

2059.98, 2274.45

2059.70, 2274.44

2061.47, 2274.44

2077.65, 2274.43

2076.46, 2274.43

2059.35, 2274.42

2049.93, 2274.42

2084.59, 2274.41

2064.76, 2274.41

2052.38, 2274.41

2076.14, 2274.40

2082.61, 2274.40

2069.46, 2274.39

2070.85, 2274.39

2053.18, 2274.38

2071.82, 2274.38

2078.98, 2274.37

2086.70, 2274.37

2064.07, 2274.37

2080.91, 2274.36

2065.79, 2274.36

2078.78, 2274.36

2062.78, 2274.36

2058.08, 2274.35

2057.01, 2274.35

2061.90, 2274.35

2078.49, 2274.35

2064.65, 2274.35

2070.76, 2274.35

2069.18, 2274.35

2073.12, 2274.35

2066.31, 2274.35

2071.53, 2274.35

2051.15, 2274.35

2046.12, 2274.35

2049.71, 2274.35

2052.47, 2274.35

2062.65, 2274.35

2072.96, 2274.35

2049.00, 2274.35

2073.10, 2274.35

2083.01, 2274.35

2064.30, 2274.35

2075.23, 2274.35

2059.82, 2274.36

2043.58, 2274.36

2078.86, 2274.36

2074.19, 2274.36

2055.92, 2274.36

2066.59, 2274.36

2059.26, 2274.36

2054.03, 2274.36

2075.00, 2274.36

2058.90, 2274.36

2040.59, 2274.37

2072.86, 2274.37

2077.49, 2274.37

2046.55, 2274.37

2067.05, 2274.37

2063.01, 2274.37

2078.90, 2274.37

2064.69, 2274.37

2064.37, 2274.37

2045.94, 2274.37

2044.89, 2274.37

2063.69, 2274.37

2063.77, 2274.37

2057.58, 2274.37

2078.06, 2274.37

2070.41, 2274.36

2069.74, 2274.36

2048.57, 2274.36

2048.16, 2274.36

2061.52, 2274.36

2050.15, 2274.36

2076.02, 2274.35

2084.60, 2274.35

2079.36, 2274.35

2064.04, 2274.34

2065.20, 2274.34

2074.32, 2274.34

2051.93, 2274.34

2069.59, 2274.33

2071.46, 2274.33

2076.35, 2274.33

2062.63, 2274.32

2067.96, 2274.32

2087.60, 2274.32

2087.36, 2274.32

2061.94, 2274.31

2066.89, 2274.31

2066.99, 2274.31

2070.10, 2274.31

2068.01, 2274.31

2076.20, 2274.31

2060.22, 2274.31

2067.62, 2274.31

2041.76, 2274.31

2054.28, 2274.31

2053.73, 2274.31

2072.97, 2274.31

2054.00, 2274.31

2072.60, 2274.31

2060.96, 2274.31

2078.50, 2274.31

2084.35, 2274.31

2080.94, 2274.31

2078.29, 2274.31

2062.53, 2274.31

2063.85, 2274.31

2067.59, 2274.31

2062.36, 2274.31

2071.04, 2274.31

2064.60, 2274.31

2047.26, 2274.32

2057.53, 2274.32

2079.75, 2274.32

2063.68, 2274.32

2059.27, 2274.33

2057.63, 2274.33

2059.56, 2274.33

2069.36, 2274.33

2035.44, 2274.34

2052.34, 2274.34

2065.53, 2274.34

2069.75, 2274.34

2073.98, 2274.34

2076.60, 2274.35

2070.86, 2274.35

2069.59, 2274.35

2051.96, 2274.35

2059.30, 2274.35

2063.33, 2274.36

2063.93, 2274.36

2065.29, 2274.36

2075.63, 2274.36

2066.86, 2274.36

2082.89, 2274.36

2066.49, 2274.37

2064.35, 2274.37

2073.03, 2274.37

2076.90, 2274.37

2062.99, 2274.37

2069.10, 2274.38

2060.81, 2274.38

2086.08, 2274.38

2047.91, 2274.38

2075.89, 2274.39

2044.19, 2274.39

2066.92, 2274.39

2063.69, 2274.40

2082.67, 2274.40

2076.37, 2274.40

2038.54, 2274.40

2056.15, 2274.41

2047.32, 2274.41

2036.13, 2274.41

2062.81, 2274.42

2040.88, 2274.42

2086.99, 2274.42

2063.20, 2274.42

2057.12, 2274.42

2055.71, 2274.43

2092.27, 2274.43

2073.23, 2274.43

2068.92, 2274.43

2075.09, 2274.43

2071.91, 2274.43

2072.09, 2274.43

2085.61, 2274.43

2080.56, 2274.43

2083.86, 2274.43

2057.39, 2274.43

2062.74, 2274.44

2065.97, 2274.44

2050.20, 2274.44

2078.42, 2274.44

2060.34, 2274.44

2066.03, 2274.45

2067.90, 2274.45

2064.29, 2274.45

2076.53, 2274.46

2067.55, 2274.46

2079.56, 2274.46

2063.06, 2274.46

2063.01, 2274.47

2060.90, 2274.47

2068.99, 2274.48

2074.60, 2274.48

2076.76, 2274.48

2063.98, 2274.49

2083.70, 2274.49

2076.67, 2274.50

2061.87, 2274.50

2059.59, 2274.51

2063.56, 2274.51

2055.06, 2274.52

2056.41, 2274.52

2091.14, 2274.53

2080.11, 2274.54

2062.31, 2274.54

2049.63, 2274.55

2064.26, 2274.56

2058.63, 2274.56

2049.66, 2274.57

2054.27, 2274.58

2068.53, 2274.58

2054.75, 2274.59

2068.18, 2274.60

2068.32, 2274.60

2067.43, 2274.61

2068.34, 2274.62

2055.43, 2274.62

2061.24, 2274.63

2059.32, 2274.64

2065.73, 2274.64

2090.87, 2274.65

2080.89, 2274.65

2064.09, 2274.66

2060.51, 2274.67

2083.35, 2274.67

2058.54, 2274.68

2074.55, 2274.69

2069.96, 2274.69

2067.70, 2274.70

2060.07, 2274.71

2060.41, 2274.71

2065.24, 2274.72

2054.12, 2274.72

2048.21, 2274.73

2048.12, 2274.74

2054.51, 2274.74

2061.45, 2274.75

2063.95, 2274.76

2071.29, 2274.76

2068.33, 2274.77

2067.93, 2274.77

2077.79, 2274.78

2068.98, 2274.78

2077.20, 2274.78

2053.72, 2274.79

2052.17, 2274.79

2079.12, 2274.80

2071.41, 2274.80

2068.44, 2274.81

2072.34, 2274.81

2073.83, 2274.81

2072.08, 2274.82

2055.31, 2274.82

2065.23, 2274.83

2045.72, 2274.83

2077.27, 2274.84

2080.43, 2274.84

2073.74, 2274.84

2066.37, 2274.85

2077.34, 2274.85

2074.33, 2274.86

2076.33, 2274.86

2068.43, 2274.86

2063.24, 2274.87

2063.82, 2274.87

2066.18, 2274.88

2075.82, 2274.88

2063.48, 2274.89

2073.65, 2274.89

2083.16, 2274.90

2048.72, 2274.91

2059.87, 2274.91

2074.09, 2274.92

2064.41, 2274.92

2065.24, 2274.93

2065.52, 2274.94

2060.75, 2274.94

2067.08, 2274.95

2073.71, 2274.96

2063.07, 2274.96

2071.91, 2274.97

2056.19, 2274.98

2077.22, 2274.98

2059.72, 2274.99

2058.17, 2275.00

2066.82, 2275.00

2049.38, 2275.01

2089.54, 2275.02

2056.45, 2275.02

2075.25, 2275.03

2075.22, 2275.04

2069.22, 2275.05

2074.12, 2275.05

2069.81, 2275.06

2086.18, 2275.07

2071.62, 2275.08

2075.76, 2275.08

2069.78, 2275.09

2055.98, 2275.10

2049.40, 2275.11

2067.74, 2275.12

2065.77, 2275.13

2068.68, 2275.13

2065.47, 2275.14

2046.15, 2275.15

2056.51, 2275.16

2045.05, 2275.17

2074.60, 2275.18

2077.56, 2275.18

2078.56, 2275.19

2064.56, 2275.20

2072.66, 2275.21

2076.37, 2275.22

2070.94, 2275.22

2072.99, 2275.23

2062.10, 2275.24

2067.31, 2275.25

2066.33, 2275.26

2078.23, 2275.27

2051.82, 2275.27

2064.38, 2275.28

2066.34, 2275.29

2053.13, 2275.30

2065.41, 2275.31

2065.24, 2275.32

2069.42, 2275.32

2072.14, 2275.33

2058.11, 2275.34

2058.51, 2275.35

2060.25, 2275.35

2075.73, 2275.36

2076.17, 2275.37

2048.72, 2275.38

2092.97, 2275.38

2085.50, 2275.39

2073.25, 2275.40

2087.02, 2275.41

2061.90, 2275.41

2069.09, 2275.42

2075.71, 2275.43

2067.27, 2275.44

2066.23, 2275.45

2066.12, 2275.46

2047.21, 2275.46

2081.82, 2275.47

2057.38, 2275.48

2068.04, 2275.49

2054.50, 2275.50

2046.35, 2275.51

2044.34, 2275.51

2072.83, 2275.52

2062.68, 2275.53

2088.67, 2275.54

2054.77, 2275.55

2080.88, 2275.55

2058.59, 2275.56

2061.66, 2275.57

2086.67, 2275.58

2063.27, 2275.58

2062.23, 2275.59

2070.32, 2275.60

2061.23, 2275.61

2068.42, 2275.61

2059.64, 2275.62

2071.46, 2275.63

2055.95, 2275.63

2059.59, 2275.64

2078.86, 2275.65

2053.89, 2275.65

2046.49, 2275.66

2060.05, 2275.67

2076.00, 2275.67

2081.60, 2275.68

2065.26, 2275.68

2068.73, 2275.69

2061.87, 2275.69

2073.19, 2275.70

2069.52, 2275.70

2062.75, 2275.71

2074.38, 2275.71

2077.34, 2275.72

2057.43, 2275.72

2057.74, 2275.72

2069.97, 2275.73

2048.40, 2275.73

2049.64, 2275.74

2064.26, 2275.74

2054.73, 2275.74

2072.27, 2275.75

2056.93, 2275.75

2062.29, 2275.75

2068.73, 2275.76

2081.17, 2275.76

2056.62, 2275.76

2045.16, 2275.76

2057.52, 2275.76

2065.45, 2275.76

2073.75, 2275.77

2080.97, 2275.77

2076.30, 2275.77

2074.13, 2275.77

2059.11, 2275.77

2065.91, 2275.77

2063.39, 2275.77

2044.84, 2275.77

2066.28, 2275.77

2065.73, 2275.77

2071.47, 2275.76

2061.05, 2275.76

2075.50, 2275.76

2051.55, 2275.76

2075.35, 2275.76

2062.54, 2275.76

2067.75, 2275.76

2053.68, 2275.75

2072.17, 2275.75

2071.42, 2275.75

2063.54, 2275.75

2068.85, 2275.75

2067.49, 2275.74

2069.05, 2275.74

2071.60, 2275.74

2064.76, 2275.74

2059.08, 2275.73

2058.01, 2275.73

2058.50, 2275.73

2074.35, 2275.73

2062.03, 2275.72

2063.90, 2275.72

2050.99, 2275.72

2073.10, 2275.71

2078.01, 2275.71

2042.70, 2275.71

2055.27, 2275.70

2060.13, 2275.70

2071.71, 2275.69

2058.17, 2275.69

2082.92, 2275.69

2057.99, 2275.68

2072.70, 2275.68

2082.37, 2275.67

2070.24, 2275.67

2059.42, 2275.66

2069.04, 2275.66

2051.70, 2275.65

2062.97, 2275.65

2069.40, 2275.64

2065.24, 2275.64

2060.62, 2275.63

2052.06, 2275.63

2070.01, 2275.62

2051.80, 2275.62

2061.88, 2275.61

2059.19, 2275.61

2056.22, 2275.60

2063.92, 2275.60

2093.09, 2275.59

2048.51, 2275.58

2058.75, 2275.58

2053.27, 2275.57

2060.03, 2275.56

2054.20, 2275.56

2052.22, 2275.55

2052.82, 2275.54

2073.88, 2275.53

2074.19, 2275.52

2103.72, 2275.51

2066.87, 2275.51

2091.79, 2275.50

2052.38, 2275.49

2079.54, 2275.48

2063.45, 2275.47

2061.95, 2275.46

2059.19, 2275.46

2064.62, 2275.45

2064.76, 2275.44

2060.08, 2275.43

2073.11, 2275.42

2060.51, 2275.41

2072.05, 2275.41

2063.81, 2275.40

2071.08, 2275.39

2056.71, 2275.38

2061.87, 2275.37

2066.79, 2275.37

2066.58, 2275.36

2079.76, 2275.35

2078.18, 2275.34

2074.62, 2275.34

2078.46, 2275.33

2074.05, 2275.32

2052.50, 2275.32

2051.65, 2275.31

2061.86, 2275.30

2059.69, 2275.30

2072.77, 2275.29

2070.38, 2275.29

2085.94, 2275.28

2066.49, 2275.28

2059.05, 2275.27

2065.70, 2275.27

2054.17, 2275.26

2050.62, 2275.26

2072.96, 2275.25

2058.50, 2275.25

2070.55, 2275.24

2066.16, 2275.24

2056.32, 2275.23

2048.53, 2275.23

2085.75, 2275.23

2057.48, 2275.22

2048.45, 2275.22

2047.64, 2275.21

2085.86, 2275.21

2070.79, 2275.20

2041.08, 2275.20

2066.71, 2275.19

2071.37, 2275.19

2045.44, 2275.18

2068.34, 2275.18

2059.83, 2275.17

2050.28, 2275.17

2059.63, 2275.16

2068.86, 2275.16

2079.69, 2275.15

2067.97, 2275.14

2061.70, 2275.14

2068.37, 2275.13

2060.94, 2275.12

2054.19, 2275.12

2056.72, 2275.11

2078.37, 2275.10

2079.44, 2275.10

2048.94, 2275.09

2054.09, 2275.08

2061.31, 2275.08

2062.13, 2275.07

2080.91, 2275.06

2066.99, 2275.05

2057.30, 2275.05

2068.03, 2275.04

2082.10, 2275.03

2074.51, 2275.02

2073.55, 2275.02

2072.96, 2275.01

2065.10, 2275.00

2067.51, 2275.00

2057.65, 2274.99

2059.17, 2274.98

2090.42, 2274.98

2071.54, 2274.97

2076.95, 2274.97

2080.00, 2274.96

2053.10, 2274.95

2052.11, 2274.95

2066.71, 2274.94

2062.27, 2274.94

2075.63, 2274.93

2064.66, 2274.93

2067.37, 2274.93

2058.54, 2274.92

2069.15, 2274.92

2066.62, 2274.91

2052.06, 2274.91

2063.71, 2274.91

2056.37, 2274.90

2052.94, 2274.90

2065.39, 2274.90

2062.44, 2274.89

2054.54, 2274.89

2071.85, 2274.89

2063.59, 2274.88

2064.06, 2274.88

2062.41, 2274.87

2067.24, 2274.87

2060.52, 2274.87

2053.75, 2274.86

2057.08, 2274.86

2052.61, 2274.85

2085.36, 2274.85

2085.34, 2274.84

2057.03, 2274.84

2057.80, 2274.84

2061.58, 2274.83

2047.26, 2274.83

2048.43, 2274.82

2053.04, 2274.82

2049.10, 2274.81

2097.71, 2274.80

2068.17, 2274.80

2061.42, 2274.79

2075.74, 2274.79

2083.87, 2274.78

2077.69, 2274.78

2050.67, 2274.77

2077.07, 2274.76

2064.51, 2274.76

2059.25, 2274.75

2072.52, 2274.75

2083.05, 2274.74

2070.71, 2274.74

2069.57, 2274.73

2085.46, 2274.73

2063.05, 2274.72

2064.80, 2274.72

2069.68, 2274.71

2065.77, 2274.71

2069.08, 2274.71

2069.41, 2274.70

2054.74, 2274.70

2081.97, 2274.70

2064.00, 2274.69

2085.30, 2274.69

2059.93, 2274.69

2046.59, 2274.69

2057.86, 2274.69

2081.39, 2274.69

2063.14, 2274.68

2052.91, 2274.68

2087.59, 2274.68

2068.16, 2274.68

2065.62, 2274.68

2055.96, 2274.68

2050.40, 2274.68

2061.54, 2274.68

2064.95, 2274.68

2062.20, 2274.68

2068.02, 2274.68

2063.60, 2274.68

2063.76, 2274.68

2065.98, 2274.68

2057.60, 2274.68

2068.46, 2274.68

2078.75, 2274.68

2069.67, 2274.68

2067.87, 2274.68

2074.49, 2274.68

2065.45, 2274.68

2063.24, 2274.68

2054.82, 2274.68

2059.18, 2274.68

2059.22, 2274.68

2063.02, 2274.69

2072.40, 2274.69

2060.24, 2274.69

2061.72, 2274.69

2047.67, 2274.69

2023.57, 2274.69

2067.56, 2274.69

2068.36, 2274.69

2075.14, 2274.69

2058.41, 2274.69

2075.54, 2274.68

2058.45, 2274.68

2060.05, 2274.68

2061.80, 2274.68

2083.68, 2274.68

2068.87, 2274.68

2084.19, 2274.68

2090.12, 2274.67

2083.51, 2274.67

2072.15, 2274.67

2059.72, 2274.67

2079.17, 2274.67

2078.12, 2274.67

2077.91, 2274.67

2059.69, 2274.67

2073.27, 2274.67

2071.13, 2274.67

2064.01, 2274.67

2061.00, 2274.67

2059.40, 2274.67

2046.54, 2274.68

2071.85, 2274.68

2053.49, 2274.68

2053.35, 2274.68

2074.43, 2274.68

2064.34, 2274.69

2085.13, 2274.69

2091.81, 2274.69

2068.28, 2274.69

2065.63, 2274.70

2050.36, 2274.70

2065.84, 2274.70

2064.58, 2274.71

2042.86, 2274.71

2069.09, 2274.71

2058.31, 2274.72

2063.53, 2274.72

2059.05, 2274.72

2061.11, 2274.73

2076.11, 2274.73

2087.51, 2274.73

2062.35, 2274.74

2062.84, 2274.74

2061.28, 2274.74

2069.53, 2274.75

2052.15, 2274.75

2069.92, 2274.76

2060.09, 2274.76

2057.81, 2274.76

2059.08, 2274.77

2062.31, 2274.77

2058.93, 2274.77

2071.89, 2274.77

2069.69, 2274.78

2050.87, 2274.78

2081.79, 2274.78

2074.78, 2274.78

2095.28, 2274.79

2088.03, 2274.79

2056.90, 2274.79

2066.89, 2274.80

2062.29, 2274.80

2069.43, 2274.80

2089.74, 2274.81

2086.87, 2274.81

2058.89, 2274.81

2052.79, 2274.82

2063.48, 2274.82

2073.65, 2274.83

2064.66, 2274.83

2076.37, 2274.84

2064.74, 2274.84

2056.97, 2274.85

2045.70, 2274.85

2075.57, 2274.86

2047.66, 2274.86

2045.87, 2274.87

2052.19, 2274.87

2084.02, 2274.88

2059.70, 2274.88

2036.27, 2274.89

2074.03, 2274.89

2088.30, 2274.90

2062.53, 2274.90

2059.75, 2274.91

2073.58, 2274.91

2068.46, 2274.92

2042.75, 2274.92

2073.57, 2274.93

2064.66, 2274.93

2078.87, 2274.93

2067.59, 2274.94

2066.96, 2274.94

2061.00, 2274.95

2068.60, 2274.95

2054.56, 2274.95

2064.76, 2274.96

2061.28, 2274.96

2061.43, 2274.96

2077.44, 2274.97

2048.54, 2274.97

2045.65, 2274.97

2066.27, 2274.98

2079.13, 2274.98

2071.81, 2274.98

2053.68, 2274.98

2052.57, 2274.98

2060.46, 2274.99

2054.45, 2274.99

2051.24, 2274.99

2053.32, 2274.99

2063.43, 2274.99

2064.34, 2274.99

2064.43, 2274.99

2066.24, 2274.99

2054.62, 2274.99

2070.66, 2274.99

2063.27, 2274.98

2073.33, 2274.98

2072.03, 2274.98

2080.70, 2274.98

2049.77, 2274.97

2058.98, 2274.97

2086.40, 2274.97

2078.94, 2274.97

2063.39, 2274.96

2086.54, 2274.96

2075.55, 2274.96

2071.66, 2274.95

2062.67, 2274.95

2068.17, 2274.95

2044.02, 2274.95

2056.30, 2274.94

2074.83, 2274.94

2062.88, 2274.94

2061.59, 2274.94

2047.16, 2274.93

2051.72, 2274.93

2051.57, 2274.93

2072.96, 2274.93

2060.40, 2274.92

2075.94, 2274.92

2041.79, 2274.92

2054.28, 2274.91

2063.13, 2274.91

2059.61, 2274.90

2089.16, 2274.90

2074.92, 2274.89

2053.39, 2274.89

2072.54, 2274.88

2052.85, 2274.88

2060.49, 2274.87

2082.75, 2274.87

2062.07, 2274.86

2095.61, 2274.86

2073.56, 2274.85

2048.36, 2274.85

2065.24, 2274.84

2075.42, 2274.84

2062.14, 2274.83

2052.91, 2274.83

2059.39, 2274.82

2048.64, 2274.82

2052.36, 2274.81

2069.94, 2274.81

2060.59, 2274.80

2046.76, 2274.79

2068.28, 2274.79

2068.83, 2274.78

2068.68, 2274.78

2059.67, 2274.77

2059.47, 2274.76

2057.45, 2274.76

2053.24, 2274.75

2082.42, 2274.74

2083.34, 2274.74

2065.13, 2274.73

2070.41, 2274.72

2060.04, 2274.71

2067.20, 2274.71

2065.12, 2274.70

2056.91, 2274.69

2064.29, 2274.69

2040.63, 2274.68

2058.16, 2274.67

2053.02, 2274.66

2045.30, 2274.66

2064.63, 2274.65

2076.56, 2274.64

2053.36, 2274.63

2056.04, 2274.62

2048.30, 2274.61

2077.83, 2274.60

2071.18, 2274.59

2061.62, 2274.58

2070.66, 2274.57

2069.67, 2274.56

2056.37, 2274.55

2055.94, 2274.54

2058.79, 2274.53

2065.88, 2274.52

2059.09, 2274.51

2052.11, 2274.50

2057.11, 2274.49

2059.91, 2274.47

2049.39, 2274.46

2057.54, 2274.45

2064.85, 2274.44

2064.79, 2274.42

2058.08, 2274.41

2053.61, 2274.40

2070.36, 2274.38

2069.04, 2274.37

2067.10, 2274.35

2064.21, 2274.34

2059.02, 2274.32

2057.20, 2274.31

2074.02, 2274.29

2072.00, 2274.28

2052.70, 2274.26

2033.87, 2274.25

2050.49, 2274.23

2062.95, 2274.22

2056.40, 2274.20

2073.64, 2274.18

2054.06, 2274.17

2062.21, 2274.15

2067.42, 2274.13

2080.34, 2274.12

2064.13, 2274.10

2051.11, 2274.08

2047.91, 2274.06

2047.09, 2274.04

2060.81, 2274.03

2050.68, 2274.01

2057.77, 2273.99

2049.38, 2273.97

2068.04, 2273.95

2082.50, 2273.93

2091.45, 2273.91

2078.74, 2273.89

2052.37, 2273.87

2063.64, 2273.85

2062.26, 2273.83

2070.73, 2273.81

2049.97, 2273.79

2047.90, 2273.77

2064.29, 2273.75

2040.43, 2273.73

2059.14, 2273.71

2050.41, 2273.69

2061.54, 2273.67

2066.05, 2273.65

2061.61, 2273.63

2060.96, 2273.61

2063.30, 2273.59

2049.53, 2273.57

2060.05, 2273.55

2075.71, 2273.53

2072.57, 2273.51

2071.26, 2273.48

2073.63, 2273.46

2073.06, 2273.44

2066.11, 2273.42

2057.51, 2273.40

2074.15, 2273.38

2061.72, 2273.36

2065.47, 2273.34

2052.55, 2273.32

2059.45, 2273.30

2061.35, 2273.28

2062.23, 2273.26

2066.72, 2273.24

2075.57, 2273.22

2071.46, 2273.20

2055.75, 2273.18

2077.87, 2273.17

2065.89, 2273.15

2056.29, 2273.13

2061.63, 2273.11

2064.86, 2273.09

2060.19, 2273.08

2069.22, 2273.06

2068.62, 2273.04

2058.96, 2273.03

2083.60, 2273.01

2065.86, 2272.99

2071.69, 2272.98

2056.57, 2272.96

2055.06, 2272.95

2061.41, 2272.94

2055.14, 2272.92

2097.41, 2272.91

2066.14, 2272.89

2067.81, 2272.88

2045.58, 2272.87

2082.16, 2272.86

2061.22, 2272.84

2062.72, 2272.83

2066.27, 2272.82

2056.83, 2272.81

2044.18, 2272.80

2069.22, 2272.79

2072.42, 2272.78

2048.94, 2272.77

2075.09, 2272.76

2071.41, 2272.75

2084.34, 2272.74

2067.33, 2272.73

2060.43, 2272.72

2055.94, 2272.72

2084.39, 2272.71

2072.94, 2272.70

2073.49, 2272.69

2073.75, 2272.69

2074.68, 2272.68

2078.47, 2272.68

2088.15, 2272.67

2074.71, 2272.67

2051.97, 2272.67

2082.00, 2272.67

2062.60, 2272.66

2068.66, 2272.66

2063.47, 2272.66

2077.95, 2272.66

2056.09, 2272.66

2072.11, 2272.66

2065.21, 2272.67

2053.12, 2272.67

2053.61, 2272.67

2069.86, 2272.68

2065.49, 2272.68

2050.55, 2272.68

2046.05, 2272.69

2052.71, 2272.69

2073.57, 2272.70

2049.56, 2272.70

2047.16, 2272.70

2055.82, 2272.71

2052.88, 2272.71

2053.19, 2272.72

2052.42, 2272.72

2059.04, 2272.73

2064.60, 2272.73

2046.96, 2272.73

2077.60, 2272.74

2062.36, 2272.74

2072.24, 2272.74

2063.22, 2272.74

2064.82, 2272.75

2089.58, 2272.75

2075.86, 2272.75

2056.99, 2272.76

2072.30, 2272.76

2063.43, 2272.76

2059.64, 2272.76

2068.56, 2272.77

2059.16, 2272.77

2067.62, 2272.77

2076.86, 2272.78

2063.39, 2272.78

2063.84, 2272.78

2058.68, 2272.79

2056.77, 2272.79

2051.88, 2272.79

2066.49, 2272.80

2060.65, 2272.80

2067.96, 2272.80

2064.30, 2272.81

2073.13, 2272.81

2065.01, 2272.81

2063.40, 2272.82

2055.64, 2272.82

2062.06, 2272.82

2055.81, 2272.83

2065.98, 2272.83

2075.90, 2272.83

2076.29, 2272.84

2056.43, 2272.84

2059.44, 2272.84

2073.34, 2272.84

2078.13, 2272.85

2062.71, 2272.85

2063.77, 2272.85

2077.18, 2272.86

2064.52, 2272.86

2061.05, 2272.86

2052.91, 2272.87

2053.29, 2272.87

2057.53, 2272.88

2042.15, 2272.88

2059.82, 2272.88

2059.98, 2272.88

2095.50, 2272.89

2064.45, 2272.89

2062.94, 2272.89

2065.09, 2272.90

2062.21, 2272.90

2062.92, 2272.90

2058.99, 2272.90

2063.50, 2272.91

2055.95, 2272.91

2061.49, 2272.91

2079.15, 2272.91

2069.61, 2272.92

2050.76, 2272.92

2057.18, 2272.92

2056.22, 2272.92

2064.32, 2272.92

2066.73, 2272.93

2069.87, 2272.93

2057.59, 2272.93

2058.46, 2272.93

2053.25, 2272.93

2074.02, 2272.93

2069.90, 2272.93

2081.79, 2272.94

2066.28, 2272.94

2049.33, 2272.94

2087.23, 2272.94

2052.42, 2272.94

2066.14, 2272.94

2061.11, 2272.94

2054.71, 2272.94

2067.17, 2272.94

2074.32, 2272.94

2092.43, 2272.95

2075.64, 2272.95

2052.96, 2272.95

2061.60, 2272.95

2072.06, 2272.95

2057.51, 2272.95

2092.15, 2272.95

2077.02, 2272.96

2067.00, 2272.96

2069.30, 2272.96

2050.53, 2272.97

2071.65, 2272.97

2052.37, 2272.97

2081.44, 2272.98

2055.84, 2272.98

2049.88, 2272.98

2063.79, 2272.99

2053.18, 2272.99

2062.82, 2273.00

2066.98, 2273.00

2081.50, 2273.00

2048.95, 2273.01

2058.99, 2273.01

2052.80, 2273.02

2060.78, 2273.02

2059.78, 2273.02

2066.48, 2273.03

2057.85, 2273.03

2048.28, 2273.04

2055.03, 2273.04

2062.70, 2273.04

2061.97, 2273.05

2083.00, 2273.05

2069.80, 2273.05

2063.78, 2273.06

2065.18, 2273.06

2065.32, 2273.06

2074.33, 2273.07

2056.73, 2273.07

2065.97, 2273.07

2066.00, 2273.07

2052.40, 2273.08

2060.54, 2273.08

2072.45, 2273.08

2075.35, 2273.08

2071.73, 2273.09

2075.97, 2273.09

2086.00, 2273.09

2069.60, 2273.10

2083.76, 2273.10

2064.38, 2273.10

2073.14, 2273.11

2068.01, 2273.11

2078.40, 2273.12

2043.24, 2273.12

2057.72, 2273.13

2073.47, 2273.13

2049.95, 2273.14

2067.89, 2273.14

2061.49, 2273.15

2054.35, 2273.15

2075.63, 2273.16

2068.66, 2273.16

2072.77, 2273.17

2066.98, 2273.18

2062.80, 2273.18

2061.48, 2273.19

2065.15, 2273.19

2069.71, 2273.20

2082.77, 2273.21

2057.08, 2273.21

2057.11, 2273.22

2071.61, 2273.23

2063.16, 2273.24

2059.42, 2273.24

2070.04, 2273.25

2065.00, 2273.26

2064.50, 2273.26

2078.85, 2273.27

2066.58, 2273.28

2069.46, 2273.29

2081.05, 2273.30

2059.80, 2273.30

2075.78, 2273.31

2067.78, 2273.32

2065.98, 2273.33

2070.10, 2273.34

2069.21, 2273.35

2058.42, 2273.36

2060.44, 2273.37

2050.64, 2273.38

2056.46, 2273.38

2060.85, 2273.39

2064.48, 2273.40

2067.55, 2273.41

2078.35, 2273.42

2061.24, 2273.43

2064.22, 2273.44

2077.02, 2273.45

2051.90, 2273.46

2064.89, 2273.47

2063.29, 2273.48

2050.93, 2273.49

2049.09, 2273.50

2061.71, 2273.51

2044.77, 2273.52

2069.88, 2273.53

2062.19, 2273.53

2063.52, 2273.54

2065.35, 2273.55

2049.04, 2273.56

2040.80, 2273.57

2062.78, 2273.57

2077.98, 2273.58

2065.40, 2273.59

2081.14, 2273.59

2050.31, 2273.60

2056.83, 2273.60

2062.28, 2273.61

2070.83, 2273.62

2078.48, 2273.62

2064.25, 2273.63

2069.12, 2273.63

2066.01, 2273.64

2060.70, 2273.64

2061.87, 2273.64

2053.49, 2273.65

2047.55, 2273.65

2078.65, 2273.66

2057.67, 2273.66

2046.97, 2273.66

2054.80, 2273.67

2066.88, 2273.67

2083.69, 2273.67

2058.57, 2273.67

2052.56, 2273.68

2066.86, 2273.68

2065.39, 2273.68

2085.04, 2273.68

2055.80, 2273.68

2066.68, 2273.68

2047.67, 2273.68

2054.77, 2273.68

2047.38, 2273.68

2036.44, 2273.68

2058.74, 2273.68

2075.57, 2273.68

2051.86, 2273.68

2048.39, 2273.68

2064.54, 2273.68

2069.55, 2273.67

2052.06, 2273.67

2069.91, 2273.67

2069.59, 2273.66

2070.56, 2273.66

2067.36, 2273.65

2070.34, 2273.65

2054.93, 2273.64

2046.89, 2273.64

2064.89, 2273.63

2060.99, 2273.63

2068.60, 2273.62

2055.76, 2273.62

2060.08, 2273.61

2060.81, 2273.60

2070.18, 2273.60

2056.72, 2273.59

2068.87, 2273.58

2071.19, 2273.57

2063.52, 2273.57

2051.65, 2273.56

2050.07, 2273.55

2073.51, 2273.54

2069.25, 2273.53

2085.73, 2273.52

2094.27, 2273.52

2064.13, 2273.51

2059.91, 2273.50

2087.89, 2273.49

2071.89, 2273.48

2068.79, 2273.47

2071.28, 2273.47

2075.53, 2273.46

2048.05, 2273.45

2053.71, 2273.45

2064.07, 2273.44

2051.61, 2273.43

2067.96, 2273.43

2074.00, 2273.42

2055.20, 2273.41

2076.72, 2273.41

2059.87, 2273.40

2081.19, 2273.39

2088.52, 2273.39

2058.45, 2273.38

2081.15, 2273.38

2075.51, 2273.37

2063.35, 2273.37

2052.54, 2273.37

2058.45, 2273.36

2069.45, 2273.36

2075.24, 2273.36

2044.12, 2273.35

2059.01, 2273.35

2058.90, 2273.35

2051.29, 2273.35

2060.03, 2273.35

2064.50, 2273.34

2081.15, 2273.34

2065.02, 2273.34

2047.50, 2273.34

2063.85, 2273.34

2056.78, 2273.33

2055.18, 2273.33

2081.72, 2273.33

2068.47, 2273.33

2086.45, 2273.33

2073.14, 2273.33

2090.41, 2273.33

2063.54, 2273.32

2084.55, 2273.32

2067.26, 2273.32

2055.53, 2273.32

2063.15, 2273.32

2062.62, 2273.33

2049.76, 2273.33

2052.48, 2273.33

2056.95, 2273.33

2062.49, 2273.33

2048.15, 2273.33

2065.91, 2273.33

2052.29, 2273.33

2052.73, 2273.34

2065.27, 2273.34

2078.53, 2273.34

2063.25, 2273.34

2092.33, 2273.34

2084.63, 2273.34

2061.66, 2273.34

2072.07, 2273.34

2045.41, 2273.35

2049.34, 2273.35

2062.63, 2273.35

2052.36, 2273.35

2048.94, 2273.35

2051.79, 2273.35

2072.98, 2273.35

2059.40, 2273.36

2036.84, 2273.36

2052.08, 2273.36

2066.41, 2273.36

2041.54, 2273.36

2047.25, 2273.36

2052.73, 2273.35

2065.07, 2273.35

2080.41, 2273.35

2074.64, 2273.35

2072.36, 2273.35

2079.54, 2273.34

2065.15, 2273.34

2050.12, 2273.34

2064.11, 2273.34

2079.81, 2273.33

2074.78, 2273.33

2055.38, 2273.33

2053.34, 2273.32

2047.63, 2273.32

2044.36, 2273.32

2043.74, 2273.31

2071.07, 2273.31

2055.81, 2273.31

2058.38, 2273.30

2075.84, 2273.30

2072.58, 2273.29

2072.16, 2273.29

2073.22, 2273.28

2082.82, 2273.28

2064.68, 2273.27

2074.87, 2273.27

2076.59, 2273.26

2076.36, 2273.26

2071.84, 2273.25

2065.38, 2273.25

2049.34, 2273.24

2051.03, 2273.24

2068.10, 2273.24

2077.31, 2273.23

2074.43, 2273.23

2056.54, 2273.23

2053.95, 2273.22

2086.40, 2273.22

2082.84, 2273.22

2063.78, 2273.21

2060.98, 2273.21

2068.30, 2273.21

2060.73, 2273.21

2078.47, 2273.21

2074.95, 2273.20

2071.79, 2273.20

2058.08, 2273.20

2084.31, 2273.20

2082.03, 2273.20

2083.10, 2273.20

2062.41, 2273.20

2090.04, 2273.20

2068.70, 2273.21

2051.87, 2273.21

2074.09, 2273.21

2075.61, 2273.21

2067.36, 2273.22

2077.04, 2273.22

2077.10, 2273.23

2079.21, 2273.23

2080.42, 2273.24

2060.24, 2273.25

2066.52, 2273.25

2053.45, 2273.26

2058.35, 2273.27

2085.53, 2273.28

2069.15, 2273.29

2070.22, 2273.30

2067.12, 2273.31

2063.71, 2273.32

2056.67, 2273.33

2036.67, 2273.34

2050.67, 2273.35

2052.97, 2273.36

2053.80, 2273.38

2050.18, 2273.39

2059.62, 2273.40

2062.36, 2273.41

2077.14, 2273.42

2078.71, 2273.43

2055.97, 2273.44

2056.50, 2273.45

2059.75, 2273.46

2055.88, 2273.47

2071.49, 2273.48

2051.75, 2273.49

2071.48, 2273.50

2074.35, 2273.51

2061.13, 2273.52

2058.21, 2273.53

2064.02, 2273.54

2071.20, 2273.55

2066.12, 2273.56

2045.81, 2273.57

2059.78, 2273.58

2067.08, 2273.59

2051.61, 2273.60

2058.16, 2273.61

2086.12, 2273.61

2070.51, 2273.62

2067.15, 2273.63

2081.42, 2273.64

2076.24, 2273.64

2065.02, 2273.65

2078.30, 2273.66

2059.23, 2273.67

2068.32, 2273.67

2069.43, 2273.68

2044.94, 2273.69

2062.99, 2273.70

2058.80, 2273.70

2048.78, 2273.71

2068.48, 2273.72

2066.75, 2273.73

2069.47, 2273.73

2049.05, 2273.74

2075.20, 2273.75

2054.42, 2273.75

2057.24, 2273.76

2111.42, 2273.77

2075.64, 2273.77

2071.66, 2273.78

2079.57, 2273.78

2080.96, 2273.79

2081.40, 2273.80

2048.64, 2273.81

2062.26, 2273.81

2072.43, 2273.82

2063.64, 2273.83

2067.96, 2273.83

2060.40, 2273.84

2073.14, 2273.85

2066.21, 2273.86

2050.32, 2273.87

2065.23, 2273.87

2070.82, 2273.88

2060.38, 2273.89

2071.74, 2273.90

2063.07, 2273.91

2051.31, 2273.92

2067.43, 2273.92

2061.64, 2273.93

2062.26, 2273.94

2070.53, 2273.95

2065.85, 2273.96

2064.29, 2273.96

2079.23, 2273.97

2046.22, 2273.98

2059.42, 2273.99

2066.14, 2273.99

2058.31, 2274.00

2082.63, 2274.01

2062.96, 2274.02

2069.80, 2274.02

2069.38, 2274.03

2053.34, 2274.04

2072.23, 2274.05

2061.32, 2274.05

2050.33, 2274.06

2041.93, 2274.07

2073.99, 2274.07

2073.00, 2274.08

2084.00, 2274.09

2072.30, 2274.09

2056.73, 2274.10

2064.37, 2274.11

2066.34, 2274.11

2071.13, 2274.12

2097.31, 2274.12

2067.53, 2274.13

2070.45, 2274.14

2069.85, 2274.14

2064.48, 2274.15

2092.65, 2274.16

2086.56, 2274.17

2056.86, 2274.17

2043.29, 2274.18

2060.13, 2274.19

2066.61, 2274.20

2060.36, 2274.20

2066.24, 2274.21

2060.92, 2274.22

2046.89, 2274.23

2079.79, 2274.24

2069.68, 2274.24

2061.27, 2274.25

2073.73, 2274.26

2059.47, 2274.27

2060.45, 2274.28

2065.14, 2274.28

2069.81, 2274.29

2074.68, 2274.30

2061.57, 2274.31

2061.26, 2274.32

2070.83, 2274.33

2061.58, 2274.33

2066.06, 2274.34

2073.61, 2274.35

2054.06, 2274.36

2059.21, 2274.36

2078.52, 2274.37

2069.75, 2274.38

2056.98, 2274.39

2067.40, 2274.40

2077.64, 2274.40

2072.76, 2274.41

2054.68, 2274.42

2049.77, 2274.43

2055.68, 2274.43

2066.57, 2274.44

2078.46, 2274.45

2064.95, 2274.46

2061.69, 2274.46

2055.87, 2274.47

2072.49, 2274.48

2048.45, 2274.48

2078.94, 2274.49

2083.59, 2274.50

2066.66, 2274.50

2047.37, 2274.51

2059.34, 2274.52

2081.73, 2274.52

2080.57, 2274.53

2060.56, 2274.53

2066.16, 2274.54

2055.82, 2274.55

2060.68, 2274.55

2057.47, 2274.56

2045.85, 2274.56

2069.28, 2274.57

2060.73, 2274.57

2057.77, 2274.58

2069.68, 2274.58

2065.47, 2274.59

2059.35, 2274.59

2058.03, 2274.60

2074.50, 2274.60

2071.05, 2274.60

2053.21, 2274.61

2049.52, 2274.61

2063.25, 2274.61

2054.53, 2274.62

2067.15, 2274.62

2061.22, 2274.62

2060.82, 2274.62

2064.68, 2274.62

2057.67, 2274.62

2072.47, 2274.63

2055.75, 2274.63

2069.27, 2274.63

2067.43, 2274.63

2059.84, 2274.63

2077.78, 2274.63

2084.98, 2274.63

2072.10, 2274.62

2058.61, 2274.62

2061.76, 2274.62

2059.58, 2274.62

2066.56, 2274.62

2063.36, 2274.62

2068.14, 2274.62

2063.11, 2274.62

2071.91, 2274.62

2058.89, 2274.62

2083.19, 2274.62

2070.42, 2274.61

2049.14, 2274.61

2051.91, 2274.61

2050.69, 2274.61

2086.07, 2274.61

2059.01, 2274.61

2064.10, 2274.61

2083.51, 2274.61

2096.75, 2274.60

2074.68, 2274.60

2055.47, 2274.60

2059.65, 2274.60

2062.06, 2274.60

2075.01, 2274.60

2069.80, 2274.60

2070.88, 2274.60

2070.09, 2274.60

2047.71, 2274.60

2072.57, 2274.60

2060.86, 2274.60

2063.79, 2274.59

2074.28, 2274.59

2061.53, 2274.59

2066.75, 2274.59

2058.98, 2274.59

2057.50, 2274.59

2062.45, 2274.59

2090.74, 2274.59

2069.97, 2274.59

2050.90, 2274.59

2067.79, 2274.60

2074.18, 2274.60

2070.62, 2274.60

2091.96, 2274.60

2057.90, 2274.60

2088.19, 2274.60

2076.42, 2274.60

2076.14, 2274.60

2054.61, 2274.60

2055.56, 2274.60

2055.86, 2274.61

2074.69, 2274.61

2056.57, 2274.61

2070.56, 2274.61

2089.76, 2274.62

2081.28, 2274.62

2053.73, 2274.62

2062.47, 2274.63

2074.35, 2274.63

2058.73, 2274.64

2058.77, 2274.64

2061.58, 2274.64

2062.26, 2274.65

2080.43, 2274.65

2072.24, 2274.66

2068.72, 2274.66

2060.37, 2274.67

2058.84, 2274.67

2052.58, 2274.68

2050.76, 2274.68

2065.18, 2274.69

2078.12, 2274.69

2058.71, 2274.70

2069.87, 2274.70

2075.99, 2274.71

2063.70, 2274.72

2052.27, 2274.72

2075.63, 2274.73

2071.86, 2274.73

2060.29, 2274.74

2053.53, 2274.74

2059.65, 2274.75

2071.97, 2274.75

2079.70, 2274.76

2069.67, 2274.76

2062.47, 2274.77

2066.15, 2274.77

2077.31, 2274.78

2058.63, 2274.78

2088.36, 2274.79

2064.44, 2274.79

2078.54, 2274.80

2064.85, 2274.81

2063.09, 2274.81

2072.01, 2274.82

2053.00, 2274.82

2077.90, 2274.83

2047.79, 2274.84

2061.68, 2274.84

2057.57, 2274.85

2062.66, 2274.86

2069.37, 2274.86

2078.34, 2274.87

2093.23, 2274.88

2100.42, 2274.88

2092.74, 2274.89

2093.27, 2274.90

2108.93, 2274.91

2126.29, 2274.92

2137.53, 2274.93

2169.95, 2274.94

2164.20, 2274.95

2191.92, 2274.97

2190.49, 2274.99

2214.15, 2275.01

2244.91, 2275.03

2282.99, 2275.06

3023.00, 2275.10

------------



MINIMUM RANGE LIMIT: 2777

MAXIMUM RANGE LIMIT: 2762



TOTAL RANGE: 

15



-- OSSM Ready! --

