

-- CONNECTING TO WIFI --

--     PLEASE WAIT    --



.



-- WiFi connected! --





-- Connected to WebSocket server! --





Beginning sensorless homing...

1840.60, 0.01

1841.00, 0.03

1869.10, 0.07

1850.50, 0.14

1846.11, 0.25

1846.91, 0.39

1844.42, 0.58

1840.14, 0.81

1863.36, 1.11

1866.18, 1.46

1846.41, 1.87

1837.95, 2.35

1853.19, 2.90

1847.04, 3.53

1844.39, 4.24

1848.05, 5.02

1847.02, 5.89

1846.10, 6.84

1832.89, 7.88

1851.78, 9.02

1867.29, 10.24

1841.30, 11.56

1872.82, 12.98

1866.16, 14.50

1853.20, 16.11

1849.55, 17.82

1839.51, 19.64

1840.48, 21.56

1863.26, 23.58

1855.26, 25.70

1845.26, 27.93

1866.07, 30.27

1860.29, 32.71

1863.23, 35.25

1842.87, 37.90

1865.13, 40.66

1863.89, 43.52

1855.77, 46.49

1854.45, 49.56

1854.55, 52.74

1843.66, 56.02

1876.67, 59.40

1862.30, 62.89

1849.94, 66.48

1872.49, 70.17

1883.55, 73.97

1847.32, 77.86

1852.30, 81.85

1884.99, 85.94

1867.29, 90.13

1857.39, 94.42

1870.91, 98.80

1857.14, 103.28

1875.88, 107.85

1888.33, 112.51

1855.18, 117.27

1880.65, 122.11

1868.63, 127.04

1867.11, 132.06

1864.00, 137.17

1844.51, 142.36

1859.32, 147.63

1861.24, 152.99

1888.36, 158.43

1860.00, 163.94

1861.54, 169.54

1871.29, 175.21

1881.35, 180.95

1848.32, 186.77

1868.90, 192.66

1860.58, 198.62

1879.17, 204.65

1867.16, 210.75

1859.77, 216.91

1881.18, 223.14

1876.39, 229.43

1870.41, 235.79

1873.24, 242.20

1874.08, 248.67

1882.62, 255.20

1864.27, 261.78

1884.02, 268.42

1875.68, 275.11

1867.24, 281.86

1889.31, 288.65

1881.99, 295.49

1900.27, 302.38

1884.95, 309.31

1891.94, 316.29

1879.53, 323.31

1871.23, 330.38

1881.93, 337.48

1891.44, 344.62

1893.35, 351.80

1896.56, 359.02

1877.48, 366.27

1883.60, 373.55

1900.73, 380.87

1885.76, 388.21

1886.89, 395.59

1894.12, 402.99

1881.16, 410.43

1881.90, 417.88

1879.64, 425.36

1878.39, 432.87

1890.14, 440.40

1901.19, 447.94

1892.74, 455.51

1886.09, 463.09

1890.65, 470.70

1919.11, 478.32

1894.07, 485.95

1895.83, 493.60

1905.09, 501.26

1886.56, 508.93

1909.23, 516.61

1891.19, 524.31

1889.96, 532.01

1903.43, 539.72

1896.80, 547.43

1891.47, 555.15

1898.94, 562.88

1904.22, 570.61

1910.39, 578.34

1898.56, 586.08

1918.93, 593.81

1922.71, 601.55

1902.88, 609.28

1910.16, 617.02

1898.93, 624.75

1928.10, 632.48

1913.78, 640.20

1919.55, 647.92

1926.12, 655.64

1930.49, 663.35

1917.56, 671.05

1928.53, 678.74

1910.91, 686.43

1925.67, 694.11

1928.34, 701.78

1930.41, 709.44

1917.68, 717.08

1906.34, 724.72

1922.11, 732.34

1907.87, 739.95

1914.73, 747.55

1931.20, 755.13

1931.26, 762.70

1922.61, 770.26

1927.77, 777.80

1928.43, 785.32

1916.58, 792.82

1910.93, 800.31

1942.78, 807.78

1941.33, 815.23

1915.18, 822.67

1917.22, 830.08

1934.47, 837.47

1940.21, 844.85

1927.55, 852.20

1938.98, 859.53

1936.72, 866.85

1945.25, 874.14

1924.98, 881.40

1961.41, 888.65

1927.94, 895.87

1939.36, 903.07

1949.09, 910.25

1964.71, 917.40

1937.12, 924.52

1936.74, 931.63

1944.75, 938.71

1935.16, 945.76

1945.87, 952.79

1951.88, 959.79

1925.08, 966.77

1955.38, 973.72

1947.28, 980.65

1955.57, 987.54

1956.46, 994.42

1952.95, 1001.26

1950.14, 1008.08

1932.33, 1014.87

1968.91, 1021.63

1963.89, 1028.36

1957.36, 1035.07

1960.44, 1041.75

1967.11, 1048.40

1968.07, 1055.02

1960.84, 1061.62

1963.40, 1068.18

1964.46, 1074.72

1975.82, 1081.23

1955.87, 1087.71

1950.02, 1094.16

1964.37, 1100.58

1960.82, 1106.97

1959.16, 1113.33

1960.30, 1119.66

1986.73, 1125.97

1962.27, 1132.24

1960.80, 1138.48

1962.72, 1144.70

1967.35, 1150.88

1951.37, 1157.04

1974.49, 1163.16

1971.20, 1169.26

1982.42, 1175.32

1972.23, 1181.35

1973.83, 1187.36

1973.54, 1193.33

1977.14, 1199.27

1976.43, 1205.19

1960.93, 1211.07

1980.02, 1216.92

1971.71, 1222.75

1980.19, 1228.54

1995.77, 1234.30

1983.45, 1240.03

1986.23, 1245.73

1981.20, 1251.40

1984.87, 1257.05

1978.04, 1262.66

1974.90, 1268.24

1982.67, 1273.79

1969.32, 1279.31

1992.58, 1284.80

1986.73, 1290.26

1967.68, 1295.69

1987.63, 1301.09

2009.87, 1306.46

1978.01, 1311.80

1988.75, 1317.12

1998.88, 1322.40

1994.31, 1327.65

1986.94, 1332.87

1973.16, 1338.06

1994.59, 1343.23

1997.31, 1348.36

2002.82, 1353.47

1989.44, 1358.54

1988.15, 1363.59

2005.45, 1368.60

1978.56, 1373.59

1983.16, 1378.55

1977.76, 1383.48

1998.06, 1388.38

1974.05, 1393.25

1979.54, 1398.10

1978.53, 1402.91

1983.51, 1407.70

1990.09, 1412.45

1983.67, 1417.18

1982.25, 1421.88

1999.32, 1426.55

1979.59, 1431.19

1999.16, 1435.81

2000.32, 1440.39

1980.28, 1444.95

1994.94, 1449.48

2010.59, 1453.98

1993.35, 1458.45

2018.60, 1462.90

1998.55, 1467.32

1982.89, 1471.71

2013.33, 1476.07

2010.57, 1480.40

2004.51, 1484.71

2004.84, 1488.99

1998.47, 1493.25

2010.00, 1497.48

1998.12, 1501.68

1990.35, 1505.85

2005.37, 1510.00

2018.69, 1514.12

2021.90, 1518.22

1988.61, 1522.29

2004.62, 1526.33

2026.43, 1530.35

2014.83, 1534.34

2004.03, 1538.31

2017.43, 1542.25

2007.83, 1546.16

2014.02, 1550.05

2011.12, 1553.92

2024.51, 1557.76

2022.69, 1561.58

2025.38, 1565.37

2016.76, 1569.14

2024.34, 1572.88

2004.41, 1576.60

2012.49, 1580.30

2005.56, 1583.97

2010.93, 1587.62

2021.20, 1591.24

2008.36, 1594.84

2020.62, 1598.42

2024.08, 1601.97

2016.94, 1605.50

2037.10, 1609.01

2022.35, 1612.50

2042.70, 1615.96

2011.65, 1619.40

2026.20, 1622.82

2013.34, 1626.21

2027.78, 1629.59

2021.42, 1632.94

2014.16, 1636.27

2012.69, 1639.57

2026.03, 1642.86

2012.66, 1646.12

2021.19, 1649.37

2002.41, 1652.59

2026.94, 1655.79

2013.46, 1658.97

2016.18, 1662.12

2015.60, 1665.26

2036.01, 1668.38

2006.03, 1671.47

2026.94, 1674.54

2021.55, 1677.60

2029.45, 1680.63

2029.86, 1683.64

2032.56, 1686.63

2014.16, 1689.61

2027.66, 1692.56

2016.96, 1695.49

2033.86, 1698.40

2021.45, 1701.30

2038.34, 1704.17

2031.13, 1707.02

2028.52, 1709.86

2013.00, 1712.67

2022.99, 1715.47

2024.97, 1718.25

2026.55, 1721.00

2026.32, 1723.74

2026.60, 1726.46

2039.57, 1729.17

2011.95, 1731.85

2018.82, 1734.52

2021.69, 1737.16

2019.45, 1739.79

2029.52, 1742.40

2032.68, 1745.00

2027.04, 1747.57

2032.70, 1750.13

2026.06, 1752.67

2014.11, 1755.19

2025.27, 1757.69

2023.42, 1760.18

2028.07, 1762.65

2016.32, 1765.10

2023.16, 1767.54

2029.81, 1769.95

2009.55, 1772.35

2026.50, 1774.74

2022.34, 1777.10

2024.07, 1779.45

2013.71, 1781.79

2021.55, 1784.10

2027.88, 1786.40

2024.61, 1788.69

2036.64, 1790.96

2039.37, 1793.21

2018.10, 1795.44

2020.82, 1797.66

2037.44, 1799.86

2030.77, 1802.05

2022.19, 1804.22

2025.61, 1806.38

2025.32, 1808.52

2059.04, 1810.64

2037.45, 1812.75

2020.66, 1814.85

2042.18, 1816.92

2021.78, 1818.99

2041.19, 1821.04

2038.10, 1823.07

2030.60, 1825.09

2030.01, 1827.10

2029.71, 1829.09

2029.51, 1831.07

2041.01, 1833.03

2057.91, 1834.98

2018.00, 1836.91

2052.10, 1838.83

2056.39, 1840.74

2031.98, 1842.63

2033.47, 1844.51

2034.36, 1846.38

2041.75, 1848.23

2056.44, 1850.07

2050.02, 1851.90

2060.31, 1853.72

2033.69, 1855.52

2031.77, 1857.31

2043.55, 1859.08

2055.83, 1860.85

2049.41, 1862.60

2034.78, 1864.34

2028.16, 1866.06

2059.63, 1867.78

2032.11, 1869.48

2025.68, 1871.17

2044.85, 1872.85

2040.52, 1874.52

2041.69, 1876.17

2045.35, 1877.82

2041.42, 1879.45

2030.78, 1881.07

2066.95, 1882.68

2034.81, 1884.28

2056.37, 1885.87

2060.83, 1887.44

2045.29, 1889.01

2050.44, 1890.56

2042.40, 1892.10

2050.26, 1893.64

2055.61, 1895.16

2037.86, 1896.67

2050.02, 1898.17

2033.17, 1899.66

2050.92, 1901.14

2047.17, 1902.61

2033.31, 1904.07

2039.76, 1905.52

2036.41, 1906.96

2056.55, 1908.39

2052.40, 1909.81

2049.74, 1911.22

2058.38, 1912.62

2066.12, 1914.01

2067.16, 1915.39

2037.30, 1916.76

2041.54, 1918.12

2042.08, 1919.47

2030.51, 1920.82

2013.25, 1922.15

2029.38, 1923.47

2044.01, 1924.79

2058.35, 1926.09

2053.78, 1927.39

2053.01, 1928.67

2042.14, 1929.95

2042.47, 1931.22

2054.50, 1932.48

2039.62, 1933.73

2055.25, 1934.97

2057.17, 1936.21

2060.70, 1937.43

2041.62, 1938.65

2040.44, 1939.85

2054.86, 1941.05

2043.39, 1942.24

2054.71, 1943.43

2054.62, 1944.60

2040.94, 1945.76

2053.66, 1946.92

2052.48, 1948.07

2051.19, 1949.21

2056.61, 1950.34

2061.12, 1951.47

2059.13, 1952.59

2035.05, 1953.70

2056.96, 1954.80

2042.67, 1955.89

2058.28, 1956.98

2059.19, 1958.06

2052.70, 1959.13

2038.41, 1960.19

2033.11, 1961.25

2044.72, 1962.30

2054.32, 1963.34

2049.73, 1964.37

2045.23, 1965.40

2043.24, 1966.42

2056.94, 1967.43

2055.84, 1968.43

2048.74, 1969.43

2050.94, 1970.42

2055.84, 1971.40

2047.94, 1972.38

2054.04, 1973.35

2051.24, 1974.31

2060.14, 1975.27

2045.03, 1976.22

2047.33, 1977.16

2049.22, 1978.09

2057.52, 1979.02

2056.81, 1979.95

2051.30, 1980.86

2039.49, 1981.77

2042.09, 1982.67

2062.58, 1983.57

2045.87, 1984.46

2059.06, 1985.34

2037.45, 1986.22

2051.73, 1987.09

2047.62, 1987.95

2047.71, 1988.81

2049.40, 1989.66

2065.78, 1990.51

2043.77, 1991.34

2053.75, 1992.18

2052.63, 1993.00

2056.82, 1993.83

2062.40, 1994.64

2059.98, 1995.45

2049.36, 1996.25

2039.64, 1997.05

2055.53, 1997.84

2042.91, 1998.63

2047.28, 1999.41

2049.26, 2000.18

2060.14, 2000.95

2043.32, 2001.71

2051.79, 2002.47

2058.07, 2003.22

2045.05, 2003.97

2058.02, 2004.71

2041.10, 2005.44

2062.67, 2006.17

2070.44, 2006.90

2059.52, 2007.62

2057.49, 2008.33

2065.56, 2009.04

2057.33, 2009.74

2057.00, 2010.44

2059.37, 2011.14

2063.94, 2011.83

2043.51, 2012.51

2063.78, 2013.19

2068.15, 2013.86

2061.72, 2014.53

2065.39, 2015.20

2060.35, 2015.86

2060.62, 2016.51

2074.09, 2017.16

2034.55, 2017.81

2054.72, 2018.45

2038.38, 2019.09

2053.65, 2019.72

2063.41, 2020.35

2064.57, 2020.98

2045.94, 2021.60

2045.70, 2022.21

2051.96, 2022.82

2069.52, 2023.43

2057.88, 2024.03

2057.04, 2024.63

2044.40, 2025.23

2048.76, 2025.82

2050.02, 2026.40

2061.38, 2026.98

2067.34, 2027.56

2047.40, 2028.13

2053.66, 2028.70

2039.01, 2029.27

2048.87, 2029.83

2051.93, 2030.38

2057.38, 2030.93

2065.64, 2031.48

2057.69, 2032.03

2046.45, 2032.57

2049.50, 2033.10

2048.36, 2033.63

2040.41, 2034.16

2070.56, 2034.69

2057.22, 2035.21

2065.37, 2035.72

2048.22, 2036.23

2049.37, 2036.74

2057.42, 2037.25

2041.87, 2037.75

2038.02, 2038.24

2073.57, 2038.74

2059.42, 2039.22

2072.17, 2039.71

2062.62, 2040.19

2065.47, 2040.67

2054.52, 2041.15

2046.87, 2041.62

2045.51, 2042.08

2056.26, 2042.55

2054.81, 2043.01

2034.35, 2043.47

2077.10, 2043.92

2061.65, 2044.37

2043.89, 2044.82

2039.24, 2045.26

2070.58, 2045.70

2073.53, 2046.14

2061.87, 2046.57

2072.31, 2047.00

2065.96, 2047.43

2058.40, 2047.85

2057.64, 2048.27

2051.48, 2048.69

2069.83, 2049.10

2047.57, 2049.51

2049.31, 2049.92

2042.25, 2050.33

2049.79, 2050.73

2073.33, 2051.13

2061.27, 2051.53

2061.21, 2051.92

2065.55, 2052.31

2059.89, 2052.70

2063.03, 2053.09

2068.57, 2053.47

2073.81, 2053.85

2056.35, 2054.23

2060.98, 2054.60

2062.12, 2054.97

2051.96, 2055.34

2063.30, 2055.71

2074.13, 2056.07

2061.97, 2056.43

2060.81, 2056.79

2058.04, 2057.15

2082.58, 2057.51

2067.11, 2057.86

2054.35, 2058.21

2060.69, 2058.56

2071.32, 2058.90

2051.76, 2059.24

2080.39, 2059.59

2064.62, 2059.92

2059.86, 2060.26

2060.29, 2060.60

2057.83, 2060.93

2044.66, 2061.26

2064.69, 2061.59

2059.73, 2061.91

2055.66, 2062.24

2048.59, 2062.56

2058.02, 2062.88

2044.16, 2063.19

2079.89, 2063.51

2054.82, 2063.82

2062.35, 2064.13

2055.38, 2064.44

2044.81, 2064.75

2075.54, 2065.05

2073.67, 2065.35

2060.41, 2065.65

2051.74, 2065.95

2051.27, 2066.25

2075.09, 2066.54

2057.62, 2066.83

2061.85, 2067.12

2044.98, 2067.41

2046.01, 2067.69

2051.04, 2067.98

2061.47, 2068.26

2066.00, 2068.54

2066.03, 2068.81

2054.95, 2069.09

2055.88, 2069.36

2058.51, 2069.63

2065.04, 2069.90

2053.26, 2070.17

2063.59, 2070.43

2051.22, 2070.70

2045.94, 2070.96

2049.07, 2071.22

2047.60, 2071.47

2046.32, 2071.73

2049.85, 2071.98

2072.47, 2072.23

2062.00, 2072.48

2049.22, 2072.73

2072.75, 2072.97

2084.27, 2073.21

2066.30, 2073.45

2062.52, 2073.69

2049.25, 2073.93

2090.47, 2074.16

2063.59, 2074.40

2061.92, 2074.63

2057.34, 2074.86

2063.56, 2075.09

2070.79, 2075.31

2056.41, 2075.54

2054.43, 2075.76

2070.05, 2075.98

2062.78, 2076.21

2044.20, 2076.42

2061.42, 2076.64

2073.24, 2076.86

2060.46, 2077.07

2064.59, 2077.28

2067.71, 2077.50

2072.03, 2077.71

2069.55, 2077.91

2062.57, 2078.12

2068.59, 2078.33

2063.41, 2078.53

2054.83, 2078.74

2064.95, 2078.94

2057.37, 2079.14

2052.99, 2079.34

2053.41, 2079.53

2053.33, 2079.73

2063.45, 2079.93

2070.87, 2080.12

2058.89, 2080.31

2068.41, 2080.50

2070.33, 2080.69

2052.35, 2080.88

2063.47, 2081.07

2061.89, 2081.25

2069.21, 2081.44

2063.73, 2081.62

2058.14, 2081.80

2051.96, 2081.98

2047.88, 2082.16

2080.00, 2082.34

2071.02, 2082.52

2060.43, 2082.69

2053.45, 2082.87

2082.77, 2083.04

2070.79, 2083.21

2056.70, 2083.38

2069.22, 2083.55

2055.74, 2083.72

2046.06, 2083.89

2066.07, 2084.06

2061.09, 2084.22

2057.71, 2084.39

2065.32, 2084.55

2059.94, 2084.71

2083.85, 2084.87

2056.77, 2085.03

2059.29, 2085.19

2068.00, 2085.35

2049.92, 2085.51

2061.13, 2085.66

2067.55, 2085.82

2062.87, 2085.97

2077.68, 2086.12

2056.00, 2086.27

2073.91, 2086.42

2066.53, 2086.57

2052.84, 2086.72

2082.26, 2086.87

2071.47, 2087.01

2060.89, 2087.16

2060.40, 2087.31

2056.72, 2087.45

2048.43, 2087.59

2055.65, 2087.73

2074.86, 2087.88

2066.27, 2088.02

2057.89, 2088.15

2071.40, 2088.29

2063.12, 2088.43

2041.73, 2088.57

2070.14, 2088.70

2065.16, 2088.84

2048.97, 2088.97

2057.08, 2089.10

2061.30, 2089.23

2053.81, 2089.37

2088.42, 2089.50

2078.84, 2089.62

2055.15, 2089.75

2061.66, 2089.88

2086.08, 2090.01

2056.89, 2090.13

2066.70, 2090.26

2072.01, 2090.38

2070.53, 2090.50

2054.04, 2090.63

2059.85, 2090.75

2063.36, 2090.87

2072.47, 2090.99

2076.59, 2091.11

2066.80, 2091.23

2069.61, 2091.35

2053.02, 2091.46

2054.63, 2091.58

2063.45, 2091.70

2059.36, 2091.81

2068.37, 2091.93

2071.98, 2092.04

2049.39, 2092.15

2074.40, 2092.27

2061.62, 2092.38

2050.03, 2092.49

2072.94, 2092.60

2061.65, 2092.71

2077.96, 2092.82

2065.27, 2092.93

2071.08, 2093.03

2060.59, 2093.14

2072.70, 2093.25

2059.81, 2093.35

2068.02, 2093.46

2069.64, 2093.56

2058.65, 2093.67

2048.86, 2093.77

2055.87, 2093.87

2055.78, 2093.97

2069.59, 2094.07

2057.80, 2094.17

2071.61, 2094.27

2071.32, 2094.37

2057.73, 2094.47

2070.44, 2094.57

2056.45, 2094.67

2062.46, 2094.76

2066.37, 2094.86

2064.18, 2094.95

2072.39, 2095.05

2056.70, 2095.14

2058.40, 2095.23

2043.81, 2095.32

2053.82, 2095.42

2069.13, 2095.51

2060.54, 2095.60

2048.05, 2095.69

2059.16, 2095.77

2056.17, 2095.86

2053.38, 2095.95

2075.99, 2096.03

2056.69, 2096.12

2067.20, 2096.20

2049.31, 2096.29

2078.72, 2096.37

2051.63, 2096.45

2059.64, 2096.53

2056.74, 2096.61

2054.05, 2096.69

2085.66, 2096.77

2059.07, 2096.85

2053.98, 2096.92

2068.48, 2097.00

2067.19, 2097.07

2065.80, 2097.15

2062.31, 2097.22

2059.31, 2097.30

2060.42, 2097.37

2051.53, 2097.44

2053.74, 2097.51

2055.44, 2097.58

2065.85, 2097.65

2071.46, 2097.72

2068.77, 2097.79

2055.57, 2097.86

2071.98, 2097.93

2071.79, 2097.99

2066.09, 2098.06

2055.40, 2098.12

2083.11, 2098.19

2075.71, 2098.25

2066.52, 2098.32

2064.33, 2098.38

2058.33, 2098.44

2056.04, 2098.50

2058.14, 2098.57

2075.35, 2098.63

2069.96, 2098.69

2056.06, 2098.75

2060.47, 2098.81

2046.57, 2098.87

2062.28, 2098.93

2070.09, 2098.99

2079.69, 2099.05

2055.90, 2099.10

2058.00, 2099.16

2062.51, 2099.22

2063.62, 2099.27

2082.92, 2099.33

2079.73, 2099.39

2053.43, 2099.44

2056.04, 2099.50

2057.74, 2099.55

2052.45, 2099.61

2082.35, 2099.66

2063.46, 2099.71

2059.07, 2099.77

2056.67, 2099.82

2063.48, 2099.87

2054.58, 2099.92

2062.29, 2099.97

2059.79, 2100.02

2077.40, 2100.08

2057.70, 2100.13

2064.71, 2100.18

2059.91, 2100.22

2060.82, 2100.27

2062.32, 2100.32

2079.93, 2100.37

2060.53, 2100.42

2061.44, 2100.47

2052.74, 2100.51

2066.95, 2100.56

2042.05, 2100.61

2054.56, 2100.65

2065.16, 2100.70

2070.87, 2100.74

2063.87, 2100.79

2075.47, 2100.83

2079.68, 2100.88

2048.58, 2100.92

2074.99, 2100.96

2052.69, 2101.00

2064.50, 2101.05

2055.50, 2101.09

2064.90, 2101.13

2053.51, 2101.17

2068.41, 2101.21

2067.42, 2101.25

2057.62, 2101.29

2061.73, 2101.33

2052.93, 2101.37

2090.43, 2101.41

2069.44, 2101.45

2062.34, 2101.49

2062.15, 2101.53

2063.65, 2101.57

2071.95, 2101.61

2069.66, 2101.64

2080.66, 2101.68

2060.26, 2101.72

2061.67, 2101.76

2062.37, 2101.79

2060.98, 2101.83

2066.58, 2101.87

2076.78, 2101.90

2067.79, 2101.94

2064.09, 2101.98

2079.29, 2102.01

2072.00, 2102.05

2072.30, 2102.08

2072.30, 2102.12

2085.41, 2102.16

2066.01, 2102.19

2060.72, 2102.23

2076.12, 2102.27

2061.32, 2102.30

2063.33, 2102.34

2059.63, 2102.38

2070.73, 2102.41

2070.84, 2102.45

2068.64, 2102.49

2068.34, 2102.52

2064.25, 2102.56

2062.85, 2102.60

2044.96, 2102.63

2069.66, 2102.67

2053.26, 2102.71

2066.47, 2102.74

2056.57, 2102.78

2054.97, 2102.81

2046.98, 2102.85

2050.98, 2102.89

2061.28, 2102.92

2081.69, 2102.95

2067.99, 2102.99

2051.90, 2103.02

2058.00, 2103.06

2052.60, 2103.09

2056.31, 2103.12

2065.41, 2103.16

2070.21, 2103.19

2057.82, 2103.22

2055.92, 2103.25

2063.52, 2103.28

2073.03, 2103.32

2061.43, 2103.35

2063.33, 2103.38

2045.43, 2103.41

2046.24, 2103.44

2071.24, 2103.47

2073.04, 2103.49

2052.75, 2103.52

2068.25, 2103.55

2051.95, 2103.58

2065.35, 2103.60

2068.96, 2103.63

2078.06, 2103.66

2070.06, 2103.68

2064.17, 2103.71

2066.87, 2103.73

2065.87, 2103.76

2071.07, 2103.78

2070.98, 2103.81

2047.78, 2103.83

2054.98, 2103.86

2065.68, 2103.88

2079.89, 2103.90

2049.99, 2103.93

2071.39, 2103.95

2073.09, 2103.97

2059.90, 2104.00

2066.10, 2104.02

2056.10, 2104.04

2073.80, 2104.06

2073.70, 2104.09

2080.31, 2104.11

2074.41, 2104.13

2065.61, 2104.15

2060.41, 2104.18

2064.72, 2104.20

2068.12, 2104.22

2071.32, 2104.24

2074.72, 2104.26

2063.32, 2104.28

2076.03, 2104.31

2067.53, 2104.33

2061.03, 2104.35

2065.43, 2104.37

2055.44, 2104.39

2080.64, 2104.42

2071.74, 2104.44

2077.24, 2104.46

2072.24, 2104.48

2073.05, 2104.50

2038.85, 2104.53

2071.05, 2104.55

2048.15, 2104.57

2075.35, 2104.59

2078.96, 2104.62

2051.06, 2104.64

2064.56, 2104.66

2070.96, 2104.68

2065.47, 2104.71

2080.67, 2104.73

2077.67, 2104.75

2085.67, 2104.77

2065.88, 2104.80

2056.78, 2104.82

2075.08, 2104.84

2060.28, 2104.87

2052.68, 2104.89

2065.69, 2104.91

2073.79, 2104.94

2084.69, 2104.96

2068.59, 2104.98

2069.70, 2105.01

2054.90, 2105.03

2061.10, 2105.06

2063.80, 2105.08

2059.01, 2105.10

2058.61, 2105.13

2070.21, 2105.15

2046.11, 2105.17

2060.22, 2105.20

2052.52, 2105.22

2054.72, 2105.24

2057.82, 2105.27

2059.82, 2105.29

2070.13, 2105.31

2065.73, 2105.34

2056.93, 2105.36

2057.53, 2105.38

2046.24, 2105.40

2061.44, 2105.42

2064.94, 2105.44

2084.84, 2105.46

2070.74, 2105.48

2056.05, 2105.50

2069.65, 2105.52

2051.45, 2105.54

2075.15, 2105.56

2064.55, 2105.58

2063.46, 2105.60

2061.96, 2105.61

2067.26, 2105.63

2072.86, 2105.65

2053.96, 2105.67

2051.56, 2105.68

2066.87, 2105.70

2055.67, 2105.72

2066.17, 2105.73

2046.77, 2105.75

2077.67, 2105.77

2062.38, 2105.78

2050.08, 2105.80

2055.48, 2105.81

2075.18, 2105.82

2068.08, 2105.84

2055.28, 2105.85

2048.48, 2105.87

2062.19, 2105.88

2049.29, 2105.89

2065.99, 2105.90

2062.49, 2105.92

2060.79, 2105.93

2066.49, 2105.94

2070.19, 2105.95

2063.39, 2105.96

2050.40, 2105.97

2050.60, 2105.98

2060.10, 2105.99

2084.50, 2106.00

2061.60, 2106.01

2057.20, 2106.01

2073.10, 2106.02

2043.20, 2106.03

2080.00, 2106.04

2056.40, 2106.04

2050.40, 2106.05

2058.90, 2106.06

2056.31, 2106.06

2076.31, 2106.07

2066.31, 2106.07

2065.41, 2106.08

2060.51, 2106.08

2054.41, 2106.09

2072.41, 2106.09

2076.61, 2106.10

2061.11, 2106.10

2047.31, 2106.10

2074.01, 2106.11

2073.91, 2106.11

2075.41, 2106.12

2045.81, 2106.12

2070.51, 2106.12

2070.11, 2106.12

2064.91, 2106.13

2071.51, 2106.13

2055.51, 2106.13

2062.91, 2106.14

2044.81, 2106.14

2077.11, 2106.14

2071.11, 2106.14

2060.11, 2106.15

2063.21, 2106.15

2067.21, 2106.15

2060.81, 2106.15

2058.61, 2106.15

2058.22, 2106.16

2068.52, 2106.16

2074.82, 2106.16

2081.32, 2106.16

2064.82, 2106.16

2058.52, 2106.16

2070.12, 2106.17

2071.12, 2106.17

2057.12, 2106.17

2061.52, 2106.17

2069.12, 2106.17

2067.12, 2106.18

2077.02, 2106.18

2075.82, 2106.18

2044.32, 2106.18

2078.32, 2106.18

2049.72, 2106.19

2057.92, 2106.19

2047.32, 2106.19

2066.72, 2106.19

2075.22, 2106.20

2067.82, 2106.20

2062.22, 2106.20

2056.92, 2106.20

2082.42, 2106.21

2069.32, 2106.21

2079.22, 2106.21

2077.22, 2106.22

2058.92, 2106.22

2055.82, 2106.22

2053.92, 2106.23

2067.82, 2106.23

2056.12, 2106.23

2055.22, 2106.24

2082.02, 2106.24

2068.12, 2106.24

2058.82, 2106.25

2049.62, 2106.25

2054.12, 2106.25

2050.02, 2106.26

2058.03, 2106.26

2083.33, 2106.26

2069.43, 2106.27

2089.23, 2106.27

2041.53, 2106.27

2061.13, 2106.28

2060.53, 2106.28

2071.83, 2106.28

2076.13, 2106.29

2077.43, 2106.29

2053.63, 2106.30

2066.43, 2106.30

2058.83, 2106.30

2051.33, 2106.31

2047.73, 2106.31

2068.73, 2106.31

2060.73, 2106.32

2055.93, 2106.32

2068.13, 2106.32

2080.83, 2106.33

2048.53, 2106.33

2094.63, 2106.33

2069.63, 2106.34

2065.03, 2106.34

2072.53, 2106.34

2078.73, 2106.35

2070.87, 2106.35

2056.59, 2106.35

2056.76, 2106.36

2041.48, 2106.36

2054.55, 2106.36

2071.35, 2106.37

2074.04, 2106.37

2055.50, 2106.38

2056.15, 2106.38

2058.52, 2106.38

2054.85, 2106.39

2063.59, 2106.39

2072.96, 2106.39

2047.80, 2106.40

2068.78, 2106.40

2077.28, 2106.40

2087.83, 2106.41

2058.98, 2106.41

2073.10, 2106.41

2056.01, 2106.41

2060.60, 2106.42

2073.66, 2106.42

2063.17, 2106.42

2070.42, 2106.43

2053.54, 2106.43

2045.05, 2106.43

2060.21, 2106.43

2060.52, 2106.44

2043.75, 2106.44

2054.58, 2106.44

2063.76, 2106.44

2058.18, 2106.44

2080.32, 2106.45

2068.73, 2106.45

2063.47, 2106.45

2066.45, 2106.45

2084.84, 2106.45

2071.48, 2106.45

2050.85, 2106.45

2061.88, 2106.45

2060.19, 2106.45

2060.52, 2106.45

2055.75, 2106.45

2073.98, 2106.45

2083.90, 2106.45

2069.39, 2106.45

2076.94, 2106.45

2062.59, 2106.45

2044.06, 2106.45

2057.41, 2106.45

2070.94, 2106.45

2063.79, 2106.45

2055.48, 2106.45

2057.85, 2106.45

2083.78, 2106.45

2079.68, 2106.45

2081.37, 2106.45

2063.34, 2106.45

2047.23, 2106.45

2081.72, 2106.45

2083.07, 2106.45

2066.11, 2106.45

2060.11, 2106.45

2050.71, 2106.45

2069.47, 2106.46

2050.55, 2106.46

2069.05, 2106.46

2068.81, 2106.46

2063.18, 2106.46

2061.82, 2106.46

2055.68, 2106.46

2057.47, 2106.46

2066.75, 2106.46

2059.27, 2106.46

2050.83, 2106.47

2065.68, 2106.47

2082.97, 2106.47

2069.80, 2106.47

2072.58, 2106.47

2065.86, 2106.47

2069.49, 2106.47

2078.75, 2106.47

2073.67, 2106.47

2074.77, 2106.47

2062.88, 2106.47

2071.39, 2106.48

2063.14, 2106.48

2055.41, 2106.48

2077.34, 2106.48

2075.53, 2106.48

2035.55, 2106.49

2063.46, 2106.49

2077.95, 2106.49

2070.99, 2106.49

2080.80, 2106.50

2077.98, 2106.50

2052.80, 2106.50

2062.18, 2106.50

2085.02, 2106.51

2051.30, 2106.51

2042.53, 2106.52

2072.35, 2106.52

2048.74, 2106.52

2063.57, 2106.53

2057.86, 2106.53

2059.49, 2106.53

2063.55, 2106.54

2072.55, 2106.54

2050.86, 2106.54

2060.79, 2106.55

2065.58, 2106.55

2060.26, 2106.55

2045.83, 2106.56

2071.98, 2106.56

2059.20, 2106.56

2053.12, 2106.56

2068.41, 2106.57

2060.04, 2106.57

2064.00, 2106.57

2067.00, 2106.57

2067.70, 2106.57

2067.27, 2106.57

2058.43, 2106.58

2063.04, 2106.58

2063.70, 2106.58

2073.57, 2106.58

2067.96, 2106.58

2053.70, 2106.58

2046.77, 2106.58

2055.18, 2106.58

2057.22, 2106.58

2068.32, 2106.58

2074.13, 2106.58

2058.31, 2106.58

2048.73, 2106.58

2075.97, 2106.58

2059.90, 2106.57

2086.99, 2106.57

2055.20, 2106.57

2055.92, 2106.57

2087.99, 2106.57

2058.70, 2106.57

2066.67, 2106.56

2054.47, 2106.56

2067.85, 2106.56

2050.28, 2106.56

2044.43, 2106.56

2058.14, 2106.55

2045.21, 2106.55

2065.22, 2106.55

2072.72, 2106.54

2057.47, 2106.54

2054.65, 2106.54

2073.86, 2106.53

2074.09, 2106.53

2066.71, 2106.52

2069.67, 2106.52

2072.17, 2106.51

2059.12, 2106.51

2059.31, 2106.50

2051.73, 2106.50

2070.97, 2106.49

2040.50, 2106.49

2059.65, 2106.48

2060.26, 2106.48

2066.73, 2106.47

2054.17, 2106.47

2052.62, 2106.46

2055.76, 2106.45

2077.38, 2106.45

2064.64, 2106.44

2057.66, 2106.43

2065.27, 2106.42

2072.03, 2106.42

2064.20, 2106.41

2057.42, 2106.40

2064.04, 2106.39

2072.20, 2106.39

2050.92, 2106.38

2057.09, 2106.37

2072.31, 2106.36

2072.23, 2106.35

2051.02, 2106.34

2044.70, 2106.33

2064.57, 2106.33

2063.96, 2106.32

2051.80, 2106.31

2071.88, 2106.30

2077.49, 2106.29

2056.55, 2106.28

2072.15, 2106.27

2069.22, 2106.26

2058.02, 2106.25

2058.90, 2106.24

2068.49, 2106.23

2061.55, 2106.22

2078.55, 2106.21

2069.26, 2106.20

2057.03, 2106.19

2056.90, 2106.18

2060.29, 2106.17

2051.73, 2106.16

2052.97, 2106.15

2070.10, 2106.14

2060.81, 2106.13

2054.68, 2106.12

2049.07, 2106.11

2066.71, 2106.10

2046.97, 2106.09

2052.30, 2106.08

2051.53, 2106.07

2054.35, 2106.06

2080.24, 2106.05

2070.02, 2106.04

2067.60, 2106.03

2062.26, 2106.02

2069.23, 2106.01

2061.02, 2105.99

2052.60, 2105.98

2062.86, 2105.97

2060.49, 2105.96

2047.25, 2105.95

2058.82, 2105.94

2059.78, 2105.92

2068.68, 2105.91

2068.77, 2105.90

2052.58, 2105.89

2074.26, 2105.87

2072.13, 2105.86

2057.81, 2105.85

2071.48, 2105.84

2064.75, 2105.82

2064.57, 2105.81

2063.86, 2105.80

2053.79, 2105.79

2067.48, 2105.77

2065.95, 2105.76

2047.29, 2105.75

2054.93, 2105.74

2056.39, 2105.73

2053.54, 2105.71

2077.35, 2105.70

2070.24, 2105.69

2056.02, 2105.68

2042.80, 2105.66

2045.68, 2105.65

2067.57, 2105.64

2065.06, 2105.62

2065.41, 2105.61

2068.14, 2105.60

2050.21, 2105.59

2063.02, 2105.57

2068.10, 2105.56

2063.21, 2105.55

2077.62, 2105.53

2061.86, 2105.52

2052.79, 2105.51

2062.58, 2105.49

2071.56, 2105.48

2071.46, 2105.47

2071.55, 2105.45

2083.15, 2105.44

2066.62, 2105.43

2072.26, 2105.42

2060.73, 2105.41

2082.87, 2105.39

2080.19, 2105.38

2062.52, 2105.37

2079.25, 2105.36

2055.13, 2105.35

2051.81, 2105.34

2084.68, 2105.33

2053.87, 2105.32

2041.09, 2105.31

2071.31, 2105.31

2072.13, 2105.30

2068.11, 2105.29

2065.01, 2105.28

2051.60, 2105.28

2052.56, 2105.27

2065.36, 2105.26

2038.84, 2105.25

2053.78, 2105.25

2061.58, 2105.24

2050.06, 2105.23

2072.41, 2105.23

2068.14, 2105.22

2055.91, 2105.22

2068.59, 2105.21

2054.76, 2105.20

2069.48, 2105.20

2056.65, 2105.19

2060.56, 2105.18

2044.76, 2105.18

2048.58, 2105.17

2060.46, 2105.16

2057.35, 2105.16

2086.73, 2105.15

2069.27, 2105.14

2064.53, 2105.14

2064.65, 2105.13

2061.17, 2105.12

2063.02, 2105.12

2077.50, 2105.11

2056.75, 2105.10

2067.98, 2105.10

2064.90, 2105.09

2046.69, 2105.08

2080.87, 2105.08

2068.19, 2105.07

2049.42, 2105.07

2060.64, 2105.06

2056.06, 2105.06

2066.61, 2105.05

2040.66, 2105.04

2037.57, 2105.04

2056.46, 2105.03

2069.55, 2105.03

2069.95, 2105.02

2059.90, 2105.01

2042.49, 2105.01

2052.25, 2105.00

2062.13, 2104.99

2057.51, 2104.99

2044.45, 2104.98

2063.35, 2104.97

2077.83, 2104.96

2057.98, 2104.95

2079.20, 2104.95

2056.62, 2104.94

2062.76, 2104.93

2061.68, 2104.92

2061.67, 2104.91

2063.17, 2104.90

2072.72, 2104.90

2078.77, 2104.89

2072.18, 2104.88

2056.72, 2104.87

2043.87, 2104.86

2070.79, 2104.85

2040.38, 2104.85

2070.54, 2104.84

2059.75, 2104.83

2078.48, 2104.82

2064.35, 2104.81

2054.73, 2104.80

2068.27, 2104.80

2078.43, 2104.79

2051.34, 2104.78

2063.23, 2104.77

2073.12, 2104.76

2065.81, 2104.76

2067.88, 2104.75

2058.29, 2104.74

2063.53, 2104.74

2059.75, 2104.73

2048.18, 2104.72

2059.22, 2104.71

2069.22, 2104.71

2049.62, 2104.70

2056.56, 2104.69

2070.86, 2104.69

2059.79, 2104.68

2064.78, 2104.67

2064.58, 2104.67

2054.06, 2104.66

2053.41, 2104.65

2066.74, 2104.65

2063.97, 2104.64

2066.30, 2104.63

2076.83, 2104.63

2063.48, 2104.62

2064.75, 2104.61

2060.17, 2104.61

2064.32, 2104.60

2063.63, 2104.60

2055.66, 2104.59

2065.47, 2104.58

2053.55, 2104.58

2085.85, 2104.57

2065.89, 2104.57

2057.99, 2104.56

2061.50, 2104.56

2075.95, 2104.55

2060.49, 2104.55

2054.95, 2104.54

2073.59, 2104.54

2047.76, 2104.53

2058.58, 2104.53

2078.86, 2104.52

2059.59, 2104.52

2064.46, 2104.52

2065.55, 2104.51

2059.35, 2104.51

2057.54, 2104.50

2076.85, 2104.50

2067.99, 2104.50

2065.40, 2104.49

2058.64, 2104.49

2067.76, 2104.49

2054.28, 2104.49

2063.63, 2104.48

2072.06, 2104.48

2072.51, 2104.48

2056.55, 2104.48

2047.86, 2104.47

2053.49, 2104.47

2056.45, 2104.47

2061.15, 2104.47

2049.61, 2104.47

2044.56, 2104.47

2054.66, 2104.46

2063.87, 2104.46

2032.29, 2104.46

2052.63, 2104.46

2065.06, 2104.45

2069.71, 2104.45

2064.17, 2104.45

2076.02, 2104.44

2063.30, 2104.44

2071.43, 2104.44

2073.94, 2104.43

2072.69, 2104.43

2065.07, 2104.43

2057.21, 2104.42

2059.42, 2104.42

2063.94, 2104.42

2047.59, 2104.41

2056.66, 2104.41

2060.97, 2104.41

2056.20, 2104.40

2064.92, 2104.40

2054.49, 2104.40

2064.35, 2104.39

2071.73, 2104.39

2066.17, 2104.38

2063.12, 2104.38

2071.01, 2104.38

2059.90, 2104.37

2066.19, 2104.37

2062.92, 2104.37

2074.79, 2104.36

2064.78, 2104.36

2054.48, 2104.36

2058.15, 2104.35

2062.01, 2104.35

2053.40, 2104.35

2080.34, 2104.34

2055.73, 2104.34

2073.67, 2104.34

2052.97, 2104.33

2063.50, 2104.33

2062.75, 2104.33

2076.68, 2104.32

2077.57, 2104.32

2059.06, 2104.32

2061.91, 2104.32

2065.59, 2104.32

2060.56, 2104.31

2079.66, 2104.31

2084.97, 2104.31

2070.60, 2104.31

2057.66, 2104.31

2079.17, 2104.31

2083.42, 2104.31

2046.84, 2104.31

2049.38, 2104.31

2060.04, 2104.31

2075.80, 2104.31

2053.28, 2104.31

2048.63, 2104.31

2078.06, 2104.32

2074.81, 2104.32

2061.08, 2104.32

2046.61, 2104.32

2069.56, 2104.32

2050.46, 2104.33

2066.45, 2104.33

2070.64, 2104.33

2054.16, 2104.33

2049.42, 2104.34

2063.54, 2104.34

2059.25, 2104.34

2063.63, 2104.35

2084.36, 2104.35

2060.24, 2104.35

2058.42, 2104.35

2071.44, 2104.36

2066.74, 2104.36

2045.87, 2104.36

2081.99, 2104.37

2060.40, 2104.37

2080.24, 2104.38

2071.72, 2104.38

2069.47, 2104.38

2074.95, 2104.39

2066.19, 2104.39

2055.42, 2104.40

2067.04, 2104.40

2071.00, 2104.41

2055.30, 2104.41

2059.13, 2104.42

2057.41, 2104.42

2056.64, 2104.43

2055.06, 2104.43

2053.11, 2104.44

2076.31, 2104.45

2064.33, 2104.45

2054.43, 2104.46

2063.84, 2104.46

2067.38, 2104.47

2064.34, 2104.48

2058.23, 2104.48

2064.52, 2104.49

2046.65, 2104.49

2064.97, 2104.50

2049.90, 2104.50

2069.59, 2104.51

2067.36, 2104.51

2056.94, 2104.52

2068.89, 2104.53

2072.09, 2104.53

2043.11, 2104.54

2046.11, 2104.54

2063.31, 2104.54

2061.33, 2104.55

2050.53, 2104.55

2067.95, 2104.56

2067.30, 2104.56

2055.73, 2104.57

2056.77, 2104.57

2060.18, 2104.57

2062.62, 2104.58

2070.76, 2104.58

2071.88, 2104.58

2070.69, 2104.58

2073.57, 2104.59

2063.86, 2104.59

2064.89, 2104.59

2062.29, 2104.60

2058.63, 2104.60

2050.16, 2104.60

2072.42, 2104.60

2074.44, 2104.61

2068.94, 2104.61

2080.19, 2104.61

2075.62, 2104.61

2048.96, 2104.62

2046.30, 2104.62

2068.63, 2104.62

2085.06, 2104.62

2063.61, 2104.63

2056.46, 2104.63

2056.95, 2104.63

2056.39, 2104.64

2063.24, 2104.64

2054.12, 2104.64

2056.21, 2104.64

2076.02, 2104.65

2055.90, 2104.65

2061.19, 2104.65

2053.32, 2104.66

2065.23, 2104.66

2055.32, 2104.66

2079.73, 2104.66

2070.07, 2104.67

2071.81, 2104.67

2069.68, 2104.67

2063.57, 2104.67

2056.06, 2104.68

2066.61, 2104.68

2061.56, 2104.68

2064.46, 2104.68

2092.65, 2104.69

2072.86, 2104.69

2084.29, 2104.69

2072.63, 2104.70

2061.26, 2104.70

2037.43, 2104.71

2064.44, 2104.71

2071.74, 2104.71

2068.57, 2104.72

2059.36, 2104.72

2062.64, 2104.73

2060.46, 2104.73

2061.05, 2104.74

2048.10, 2104.74

2072.21, 2104.75

2063.02, 2104.75

2067.40, 2104.76

2074.44, 2104.76

2076.14, 2104.77

2048.11, 2104.77

2055.51, 2104.78

2075.65, 2104.78

2072.77, 2104.79

2071.08, 2104.80

2056.21, 2104.80

2056.22, 2104.81

2072.52, 2104.81

2067.05, 2104.82

2043.31, 2104.83

2057.13, 2104.83

2052.41, 2104.84

2062.74, 2104.84

2052.27, 2104.85

2059.63, 2104.86

2063.56, 2104.86

2064.06, 2104.87

2072.71, 2104.87

2069.37, 2104.88

2070.64, 2104.88

2070.76, 2104.89

2058.68, 2104.90

2070.37, 2104.90

2049.94, 2104.91

2080.49, 2104.91

2068.45, 2104.92

2068.15, 2104.92

2063.91, 2104.93

2082.49, 2104.93

2058.35, 2104.94

2066.83, 2104.95

2045.18, 2104.95

2051.12, 2104.96

2070.61, 2104.96

2086.66, 2104.97

2064.97, 2104.97

2069.30, 2104.98

2057.13, 2104.99

2044.91, 2104.99

2082.19, 2105.00

2055.42, 2105.00

2067.54, 2105.01

2056.25, 2105.02

2069.03, 2105.02

2083.30, 2105.03

2070.53, 2105.04

2060.15, 2105.04

2067.12, 2105.05

2090.01, 2105.06

2078.20, 2105.06

2068.72, 2105.07

2070.77, 2105.08

2082.18, 2105.08

2050.92, 2105.09

2070.69, 2105.10

2100.37, 2105.11

2059.44, 2105.12

2046.74, 2105.13

2058.87, 2105.14

2062.49, 2105.15

2063.55, 2105.16

2060.35, 2105.17

2051.94, 2105.18

2053.59, 2105.19

2047.66, 2105.20

2079.47, 2105.21

2056.75, 2105.22

2070.87, 2105.23

2075.09, 2105.24

2074.21, 2105.25

2059.12, 2105.26

2040.81, 2105.27

2067.08, 2105.28

2063.01, 2105.29

2057.10, 2105.30

2051.91, 2105.31

2058.69, 2105.32

2049.87, 2105.33

2069.39, 2105.33

2065.54, 2105.34

2062.85, 2105.35

2061.99, 2105.36

2067.70, 2105.37

2073.47, 2105.38

2070.15, 2105.39

2064.81, 2105.39

2062.48, 2105.40

2075.15, 2105.41

2062.71, 2105.42

2059.67, 2105.43

2050.27, 2105.43

2049.83, 2105.44

2064.08, 2105.45

2058.31, 2105.46

2078.23, 2105.46

2062.92, 2105.47

2073.89, 2105.48

2060.89, 2105.48

2073.59, 2105.49

2055.16, 2105.50

2073.72, 2105.50

2067.67, 2105.51

2052.77, 2105.52

2063.48, 2105.52

2062.95, 2105.53

2066.69, 2105.53

2070.17, 2105.54

2066.42, 2105.55

2073.54, 2105.55

2051.85, 2105.56

2064.09, 2105.56

2063.01, 2105.57

2068.10, 2105.57

2086.61, 2105.58

2065.96, 2105.59

2060.20, 2105.59

2043.72, 2105.60

2055.97, 2105.60

2064.40, 2105.61

2086.64, 2105.61

2083.66, 2105.62

2074.37, 2105.62

2055.24, 2105.63

2065.12, 2105.64

2057.91, 2105.64

2055.89, 2105.65

2063.19, 2105.65

2064.02, 2105.66

2063.70, 2105.66

2073.77, 2105.67

2073.88, 2105.67

2068.19, 2105.68

2038.32, 2105.69

2064.43, 2105.69

2069.24, 2105.70

2056.52, 2105.70

2062.45, 2105.71

2043.55, 2105.71

2040.75, 2105.72

2049.28, 2105.72

2032.63, 2105.73

2050.56, 2105.73

2060.96, 2105.74

2053.50, 2105.74

2073.35, 2105.74

2077.64, 2105.74

2080.46, 2105.74

2065.05, 2105.75

2059.90, 2105.75

2047.59, 2105.75

2058.86, 2105.75

2071.59, 2105.75

2066.26, 2105.75

2073.13, 2105.75

2063.61, 2105.75

2062.96, 2105.75

2062.20, 2105.75

2054.92, 2105.75

2065.09, 2105.75

2065.61, 2105.75

2074.96, 2105.75

2063.60, 2105.75

2053.36, 2105.75

2073.64, 2105.75

2072.66, 2105.74

2059.97, 2105.74

2057.00, 2105.74

2055.30, 2105.74

2066.23, 2105.74

2067.72, 2105.74

2060.17, 2105.74

2059.02, 2105.73

2064.60, 2105.73

2061.76, 2105.73

2054.48, 2105.73

2066.65, 2105.72

2063.36, 2105.72

2067.04, 2105.72

2050.80, 2105.72

2065.98, 2105.71

2065.30, 2105.71

2072.73, 2105.71

2058.77, 2105.71

2037.68, 2105.70

2057.57, 2105.70

2059.66, 2105.69

2054.97, 2105.69

2062.10, 2105.69

2056.71, 2105.68

2059.67, 2105.68

2057.77, 2105.67

2062.08, 2105.67

2067.01, 2105.66

2065.40, 2105.66

2063.34, 2105.65

2061.23, 2105.65

2062.42, 2105.64

2053.44, 2105.63

2053.14, 2105.63

2065.71, 2105.62

2046.87, 2105.61

2067.99, 2105.61

2058.30, 2105.60

2052.63, 2105.59

2062.86, 2105.59

2059.79, 2105.58

2058.28, 2105.57

2051.73, 2105.56

2055.97, 2105.55

2064.70, 2105.54

2052.37, 2105.53

2061.14, 2105.52

2064.51, 2105.51

2062.75, 2105.50

2060.58, 2105.49

2060.56, 2105.48

2072.86, 2105.47

2066.59, 2105.46

2053.16, 2105.45

2077.12, 2105.44

2070.11, 2105.43

2062.51, 2105.42

2061.95, 2105.41

2052.00, 2105.40

2061.50, 2105.38

2072.45, 2105.37

2061.74, 2105.36

2056.97, 2105.35

2070.20, 2105.34

2058.12, 2105.33

2071.41, 2105.32

2066.04, 2105.30

2051.60, 2105.29

2053.16, 2105.28

2061.82, 2105.27

2053.68, 2105.26

2068.37, 2105.25

2068.64, 2105.23

2057.56, 2105.22

2061.96, 2105.21

2058.30, 2105.20

2078.43, 2105.19

2054.94, 2105.18

2070.59, 2105.17

2063.76, 2105.15

2076.28, 2105.14

2058.93, 2105.13

2053.99, 2105.12

2078.30, 2105.11

2068.03, 2105.10

2054.20, 2105.09

2070.62, 2105.08

2067.36, 2105.07

2062.94, 2105.06

2056.39, 2105.05

2049.44, 2105.04

2075.44, 2105.03

2059.14, 2105.02

2064.01, 2105.01

2068.40, 2105.00

2078.24, 2104.99

2054.92, 2104.98

2045.99, 2104.98

2049.20, 2104.97

2038.02, 2104.96

2069.80, 2104.95

2061.78, 2104.94

2069.58, 2104.93

2062.66, 2104.92

2050.37, 2104.91

2060.24, 2104.90

2069.92, 2104.90

2057.69, 2104.89

2061.37, 2104.88

2042.14, 2104.87

2056.21, 2104.86

2065.22, 2104.85

2061.92, 2104.84

2062.99, 2104.83

2074.20, 2104.82

2062.52, 2104.82

2068.85, 2104.81

2049.49, 2104.80

2049.85, 2104.79

2048.08, 2104.78

2074.01, 2104.77

2079.10, 2104.76

2053.81, 2104.75

2044.18, 2104.74

2060.62, 2104.73

2068.96, 2104.72

2063.80, 2104.71

2054.58, 2104.70

2055.46, 2104.69

2058.65, 2104.68

2057.26, 2104.67

2056.33, 2104.66

2073.33, 2104.65

2070.33, 2104.64

2078.43, 2104.63

2072.74, 2104.62

2070.77, 2104.61

2043.78, 2104.60

2054.68, 2104.60

2068.47, 2104.59

2057.95, 2104.58

2074.69, 2104.57

2057.17, 2104.56

2063.92, 2104.55

2049.49, 2104.54

2055.95, 2104.53

2061.49, 2104.52

2080.55, 2104.51

2042.96, 2104.50

2064.80, 2104.49

2061.38, 2104.48

2056.04, 2104.48

2051.00, 2104.47

2052.30, 2104.46

2060.93, 2104.45

2071.89, 2104.44

2068.59, 2104.43

2083.96, 2104.42

2069.70, 2104.41

2074.57, 2104.40

2085.26, 2104.40

2080.03, 2104.39

2063.90, 2104.38

2069.09, 2104.37

2065.81, 2104.37

2053.68, 2104.36

2048.17, 2104.35

2061.12, 2104.35

2067.51, 2104.34

2052.35, 2104.34

2069.74, 2104.33

2081.37, 2104.32

2073.04, 2104.32

2075.50, 2104.32

2054.55, 2104.31

2066.85, 2104.31

2052.69, 2104.30

2064.37, 2104.30

2070.94, 2104.30

2063.49, 2104.29

2079.95, 2104.29

2072.49, 2104.29

2060.75, 2104.29

2060.07, 2104.29

2074.21, 2104.29

2072.42, 2104.29

2051.44, 2104.28

2058.94, 2104.28

2067.29, 2104.29

2065.13, 2104.29

2075.21, 2104.29

2058.22, 2104.29

2055.62, 2104.29

2048.76, 2104.29

2058.48, 2104.29

2047.35, 2104.29

2057.33, 2104.30

2067.33, 2104.30

2064.73, 2104.30

2058.27, 2104.30

2061.33, 2104.30

2079.33, 2104.31

2086.93, 2104.31

2065.39, 2104.31

2065.14, 2104.31

2065.01, 2104.32

2040.60, 2104.32

2061.66, 2104.32

2064.07, 2104.33

2061.81, 2104.33

2062.08, 2104.33

2068.31, 2104.34

2070.13, 2104.34

2061.51, 2104.34

2055.85, 2104.35

2060.19, 2104.35

2050.42, 2104.36

2045.64, 2104.36

2053.66, 2104.36

2056.07, 2104.37

2052.31, 2104.37

2067.93, 2104.37

2074.49, 2104.38

2059.45, 2104.38

2075.34, 2104.38

2052.53, 2104.39

2072.55, 2104.39

2076.36, 2104.39

2068.94, 2104.39

2071.09, 2104.40

2069.41, 2104.40

2078.24, 2104.40

2071.02, 2104.41

2049.90, 2104.41

2071.39, 2104.41

2068.54, 2104.42

2055.85, 2104.42

2054.49, 2104.42

2053.25, 2104.43

2046.72, 2104.43

2065.97, 2104.44

2067.30, 2104.44

2064.53, 2104.44

2071.75, 2104.45

2068.08, 2104.45

2068.71, 2104.45

2062.07, 2104.46

2050.91, 2104.46

2061.19, 2104.47

2061.82, 2104.47

2085.58, 2104.47

2078.66, 2104.48

2055.57, 2104.48

2053.26, 2104.49

2062.23, 2104.49

2081.42, 2104.50

2071.04, 2104.50

2062.50, 2104.51

2064.85, 2104.51

2047.49, 2104.51

2062.85, 2104.52

2047.08, 2104.52

2059.31, 2104.53

2061.43, 2104.53

2072.64, 2104.54

2095.26, 2104.54

2066.43, 2104.55

2059.24, 2104.55

2044.02, 2104.56

2059.90, 2104.57

2054.59, 2104.57

2072.76, 2104.58

2050.68, 2104.58

2067.47, 2104.59

2049.65, 2104.59

2068.56, 2104.60

2061.66, 2104.60

2060.27, 2104.61

2063.23, 2104.61

2052.72, 2104.61

2051.77, 2104.62

2066.88, 2104.62

2057.79, 2104.63

2055.58, 2104.63

2045.06, 2104.64

2066.81, 2104.64

2048.58, 2104.64

2069.46, 2104.65

2054.25, 2104.65

2067.42, 2104.65

2050.64, 2104.65

2059.36, 2104.65

2063.04, 2104.66

2085.50, 2104.66

2070.65, 2104.66

2053.86, 2104.66

2065.49, 2104.66

2069.45, 2104.66

2065.44, 2104.66

2074.84, 2104.66

2056.58, 2104.67

2072.96, 2104.67

2052.10, 2104.67

2060.51, 2104.67

2057.85, 2104.67

2069.29, 2104.67

2061.93, 2104.67

2074.69, 2104.67

2050.87, 2104.67

2045.69, 2104.67

2052.77, 2104.67

2071.08, 2104.67

2041.81, 2104.67

2057.38, 2104.67

2078.74, 2104.67

2060.87, 2104.67

2049.89, 2104.67

2066.89, 2104.67

2056.29, 2104.66

2053.13, 2104.66

2061.31, 2104.66

2075.03, 2104.66

2056.00, 2104.66

2062.10, 2104.66

2056.91, 2104.65

2063.19, 2104.65

2052.32, 2104.65

2063.03, 2104.65

2076.60, 2104.64

2062.16, 2104.64

2067.92, 2104.64

2080.39, 2104.63

2057.04, 2104.63

2080.20, 2104.63

2056.02, 2104.62

2051.20, 2104.62

2054.32, 2104.62

2072.03, 2104.62

2059.00, 2104.61

2056.20, 2104.61

2067.12, 2104.61

2065.01, 2104.60

2068.10, 2104.60

2079.21, 2104.60

2068.32, 2104.59

2054.93, 2104.59

2064.69, 2104.59

2066.37, 2104.58

2073.44, 2104.58

2058.64, 2104.58

2070.56, 2104.58

2064.16, 2104.57

2058.82, 2104.57

2068.58, 2104.57

2051.46, 2104.57

2051.85, 2104.57

2051.58, 2104.56

2044.36, 2104.56

2072.54, 2104.56

2068.95, 2104.56

2063.90, 2104.56

2040.39, 2104.55

2046.14, 2104.55

2039.91, 2104.55

2058.99, 2104.55

2080.50, 2104.54

2051.65, 2104.54

2051.56, 2104.54

2057.96, 2104.53

2067.60, 2104.53

2046.06, 2104.53

2059.71, 2104.52

2091.27, 2104.52

2055.63, 2104.51

2071.86, 2104.51

2066.89, 2104.50

2073.39, 2104.50

2066.44, 2104.50

2067.14, 2104.49

2071.01, 2104.49

2094.70, 2104.48

2072.67, 2104.48

2072.37, 2104.47

2064.04, 2104.47

2069.00, 2104.47

2045.10, 2104.46

2067.11, 2104.46

2076.31, 2104.46

2063.33, 2104.46

2051.73, 2104.45

2054.57, 2104.45

2054.76, 2104.45

2058.58, 2104.45

2071.16, 2104.44

2063.42, 2104.44

2069.94, 2104.44

2069.79, 2104.44

2065.98, 2104.44

2071.90, 2104.44

2052.49, 2104.44

2074.85, 2104.44

2071.69, 2104.44

2069.57, 2104.44

2075.56, 2104.44

2088.16, 2104.44

2049.82, 2104.44

2063.98, 2104.44

2075.30, 2104.44

2051.53, 2104.44

2057.45, 2104.44

2054.55, 2104.44

2062.15, 2104.45

2061.52, 2104.45

2058.35, 2104.45

2081.74, 2104.45

2064.77, 2104.46

2062.78, 2104.46

2065.98, 2104.46

2044.50, 2104.47

2053.25, 2104.47

2069.93, 2104.47

2070.49, 2104.48

2071.45, 2104.48

2062.65, 2104.48

2069.36, 2104.49

2055.44, 2104.49

2064.34, 2104.50

2067.23, 2104.50

2063.22, 2104.51

2067.72, 2104.51

2061.37, 2104.52

2064.74, 2104.52

2072.37, 2104.53

2054.54, 2104.53

2054.75, 2104.54

2071.48, 2104.54

2064.15, 2104.55

2070.81, 2104.55

2055.98, 2104.56

2074.10, 2104.56

2060.41, 2104.57

2065.44, 2104.57

2057.24, 2104.58

2055.62, 2104.58

2055.06, 2104.59

2072.31, 2104.60

2036.03, 2104.60

2057.50, 2104.61

2066.25, 2104.61

2061.43, 2104.62

2068.74, 2104.62

2065.67, 2104.63

2052.57, 2104.63

2069.36, 2104.64

2065.94, 2104.64

2056.09, 2104.65

2055.41, 2104.65

2067.94, 2104.66

2075.59, 2104.66

2064.56, 2104.67

2074.96, 2104.67

2053.60, 2104.67

2075.96, 2104.68

2075.30, 2104.68

2076.73, 2104.69

2076.37, 2104.69

2064.74, 2104.70

2058.47, 2104.70

2064.35, 2104.71

2050.43, 2104.71

2057.94, 2104.72

2078.39, 2104.72

2069.54, 2104.73

2063.45, 2104.74

2059.55, 2104.74

2066.75, 2104.75

2069.38, 2104.75

2056.84, 2104.76

2071.98, 2104.76

2065.40, 2104.77

2078.24, 2104.78

2056.92, 2104.78

2067.09, 2104.79

2076.51, 2104.80

2054.35, 2104.80

2066.94, 2104.81

2051.59, 2104.82

2070.46, 2104.82

2071.45, 2104.83

2083.44, 2104.84

2052.44, 2104.85

2057.64, 2104.85

2076.46, 2104.86

2086.35, 2104.87

2062.23, 2104.88

2062.22, 2104.89

2052.12, 2104.89

2068.61, 2104.90

2064.36, 2104.91

2067.84, 2104.92

2070.88, 2104.93

2066.39, 2104.94

2056.84, 2104.95

2056.48, 2104.96

2055.95, 2104.97

2050.59, 2104.97

2071.26, 2104.98

2044.33, 2104.99

2043.43, 2105.00

2066.04, 2105.01

2072.50, 2105.02

2061.95, 2105.03

2048.40, 2105.04

2066.34, 2105.04

2074.13, 2105.05

2061.61, 2105.06

2050.96, 2105.07

2058.40, 2105.08

2078.44, 2105.08

2073.14, 2105.09

2058.41, 2105.10

2048.54, 2105.10

2077.65, 2105.11

2073.67, 2105.12

2073.77, 2105.12

2066.48, 2105.13

2056.05, 2105.14

2092.00, 2105.14

2062.10, 2105.15

2069.21, 2105.16

2074.32, 2105.17

2071.43, 2105.17

2066.74, 2105.18

2072.37, 2105.19

2070.94, 2105.19

2064.69, 2105.20

2060.67, 2105.21

2077.27, 2105.22

2077.13, 2105.23

2066.81, 2105.24

2067.58, 2105.24

2064.16, 2105.25

2049.62, 2105.26

2055.86, 2105.27

2050.09, 2105.28

2060.41, 2105.29

2064.14, 2105.30

2059.51, 2105.31

2068.75, 2105.32

2070.48, 2105.33

2064.05, 2105.33

2050.80, 2105.34

2080.68, 2105.35

2063.97, 2105.36

2054.40, 2105.37

2077.74, 2105.38

2061.77, 2105.39

2064.68, 2105.40

2061.77, 2105.41

2054.88, 2105.42

2047.69, 2105.42

2080.77, 2105.43

2064.18, 2105.44

2060.62, 2105.45

2045.36, 2105.46

2053.54, 2105.47

2059.95, 2105.47

2041.70, 2105.48

2072.27, 2105.49

2051.13, 2105.50

2053.91, 2105.50

2086.29, 2105.51

2065.53, 2105.52

2050.65, 2105.52

2048.67, 2105.53

2055.67, 2105.53

2070.17, 2105.54

2057.62, 2105.54

2071.36, 2105.55

2043.04, 2105.55

2054.70, 2105.56

2045.77, 2105.56

2059.68, 2105.56

2067.17, 2105.57

2057.72, 2105.57

2039.87, 2105.57

2038.29, 2105.57

2054.53, 2105.57

2073.55, 2105.57

2058.36, 2105.57

2062.74, 2105.57

2062.77, 2105.57

2075.98, 2105.57

2066.20, 2105.56

2057.22, 2105.56

2058.52, 2105.56

2061.35, 2105.56

2064.04, 2105.55

2063.40, 2105.55

2045.04, 2105.54

2077.30, 2105.54

2059.03, 2105.54

2061.80, 2105.53

2062.08, 2105.53

2066.81, 2105.52

2068.08, 2105.51

2064.01, 2105.51

2058.10, 2105.50

2071.71, 2105.50

2070.17, 2105.49

2069.82, 2105.48

2088.28, 2105.48

2068.13, 2105.47

2064.21, 2105.46

2057.02, 2105.46

2061.50, 2105.45

2037.75, 2105.44

2046.47, 2105.44

2063.45, 2105.43

2075.04, 2105.42

2051.80, 2105.42

2056.48, 2105.41

2074.35, 2105.40

2078.13, 2105.40

2071.01, 2105.39

2063.30, 2105.38

2058.03, 2105.37

2050.40, 2105.37

2070.34, 2105.36

2047.63, 2105.35

2052.06, 2105.35

2055.51, 2105.34

2071.55, 2105.33

2056.35, 2105.32

2063.44, 2105.32

2061.64, 2105.31

2080.06, 2105.30

2074.21, 2105.29

2050.72, 2105.29

2069.97, 2105.28

2069.60, 2105.27

2058.16, 2105.26

2078.52, 2105.26

2073.25, 2105.25

2062.53, 2105.24

2076.85, 2105.24

2058.59, 2105.23

2044.26, 2105.22

2074.83, 2105.22

2060.18, 2105.21

2055.32, 2105.20

2068.03, 2105.20

2053.30, 2105.19

2063.13, 2105.19

2066.61, 2105.18

2056.56, 2105.17

2048.96, 2105.17

2053.10, 2105.16

2053.21, 2105.16

2050.12, 2105.15

2081.51, 2105.15

2050.25, 2105.14

2085.23, 2105.13

2073.92, 2105.13

2067.49, 2105.12

2067.75, 2105.12

2064.27, 2105.11

2046.63, 2105.10

2073.16, 2105.10

2073.12, 2105.09

2054.81, 2105.09

2065.08, 2105.08

2063.51, 2105.08

2068.45, 2105.07

2071.65, 2105.07

2043.96, 2105.06

2055.40, 2105.06

2068.54, 2105.05

2056.85, 2105.05

2056.99, 2105.04

2078.60, 2105.04

2066.46, 2105.03

2048.55, 2105.03

2064.95, 2105.02

2062.30, 2105.02

2078.03, 2105.02

2058.70, 2105.01

2066.47, 2105.01

2073.85, 2105.00

2068.58, 2105.00

2045.36, 2105.00

2060.74, 2104.99

2076.17, 2104.99

2066.52, 2104.98

2074.55, 2104.98

2072.16, 2104.98

2064.72, 2104.98

2066.47, 2104.97

2068.85, 2104.97

2046.28, 2104.97

2056.03, 2104.97

2078.70, 2104.96

2063.77, 2104.96

2065.18, 2104.96

2059.72, 2104.96

2069.77, 2104.96

2050.38, 2104.96

2049.34, 2104.95

2056.63, 2104.95

2059.36, 2104.95

2057.74, 2104.95

2056.47, 2104.95

2055.15, 2104.95

2062.01, 2104.95

2058.70, 2104.95

2064.07, 2104.94

2073.81, 2104.94

2057.78, 2104.94

2058.88, 2104.94

2069.19, 2104.94

2069.12, 2104.94

2068.41, 2104.93

2063.94, 2104.93

2050.09, 2104.93

2049.61, 2104.93

2071.16, 2104.93

2064.82, 2104.93

2052.58, 2104.92

2058.66, 2104.92

2053.77, 2104.92

2069.28, 2104.92

2075.63, 2104.91

2075.96, 2104.91

2073.80, 2104.91

2048.58, 2104.91

2037.06, 2104.91

2069.11, 2104.90

2063.81, 2104.90

2070.68, 2104.90

2073.47, 2104.90

2066.45, 2104.89

2068.64, 2104.89

2068.46, 2104.89

2054.35, 2104.89

2044.93, 2104.89

2066.49, 2104.88

2060.45, 2104.88

2050.44, 2104.88

2050.14, 2104.88

2066.31, 2104.87

2086.43, 2104.87

2048.34, 2104.87

2065.13, 2104.87

2068.71, 2104.86

2077.57, 2104.86

2065.26, 2104.86

2087.63, 2104.86

2076.86, 2104.85

2048.09, 2104.85

2059.21, 2104.85

2064.32, 2104.85

2060.03, 2104.85

2060.10, 2104.84

2063.51, 2104.84

2063.65, 2104.84

2048.56, 2104.84

2058.56, 2104.84

2052.16, 2104.84

2056.02, 2104.84

2060.30, 2104.83

2066.83, 2104.83

2069.88, 2104.83

2059.09, 2104.83

2061.41, 2104.83

2069.84, 2104.83

2060.28, 2104.82

2061.73, 2104.82

2071.97, 2104.82

2064.60, 2104.82

2060.76, 2104.82

2068.08, 2104.82

2073.11, 2104.81

2072.31, 2104.81

2070.93, 2104.81

2066.09, 2104.81

2062.11, 2104.81

2066.61, 2104.81

2065.36, 2104.81

2059.04, 2104.81

2051.30, 2104.81

2061.03, 2104.81

2066.50, 2104.81

2053.35, 2104.80

2064.54, 2104.80

2065.75, 2104.80

2068.58, 2104.80

2074.16, 2104.80

2064.32, 2104.80

2079.63, 2104.80

2070.56, 2104.80

2052.96, 2104.80

2057.80, 2104.81

2057.18, 2104.81

2083.12, 2104.81

2063.91, 2104.81

2060.49, 2104.81

2054.55, 2104.81

2069.75, 2104.81

2053.18, 2104.81

2049.92, 2104.81

2053.39, 2104.82

2069.04, 2104.82

2059.90, 2104.82

2080.59, 2104.82

2066.66, 2104.82

2050.37, 2104.82

2055.54, 2104.82

2060.95, 2104.83

2060.90, 2104.83

2073.69, 2104.83

2097.57, 2104.83

2068.46, 2104.83

2050.05, 2104.83

2049.40, 2104.84

2052.34, 2104.84

2050.53, 2104.84

2065.95, 2104.84

2068.80, 2104.84

2078.68, 2104.84

2078.07, 2104.85

2060.61, 2104.85

2062.26, 2104.85

2055.33, 2104.85

2082.43, 2104.85

2078.34, 2104.86

2076.53, 2104.86

2053.15, 2104.86

2052.42, 2104.86

2060.24, 2104.87

2065.72, 2104.87

2069.37, 2104.87

2049.94, 2104.88

2067.99, 2104.88

2049.70, 2104.88

2066.47, 2104.89

2050.75, 2104.89

2071.57, 2104.89

2060.36, 2104.90

2078.14, 2104.90

2068.41, 2104.90

2055.64, 2104.90

2072.26, 2104.91

2082.63, 2104.91

2075.06, 2104.92

2052.41, 2104.92

2050.44, 2104.92

2068.84, 2104.93

2079.18, 2104.93

2066.42, 2104.93

2062.24, 2104.94

2075.22, 2104.94

2059.02, 2104.95

2077.90, 2104.95

2070.69, 2104.96

2073.37, 2104.96

2062.74, 2104.97

2070.87, 2104.97

2061.59, 2104.98

2064.26, 2104.99

2075.93, 2104.99

2051.59, 2105.00

2054.46, 2105.00

2052.15, 2105.01

2077.31, 2105.02

2061.33, 2105.02

2045.53, 2105.03

2059.85, 2105.04

2052.59, 2105.05

2058.66, 2105.05

2053.97, 2105.06

2043.10, 2105.06

2061.91, 2105.07

2059.59, 2105.08

2070.66, 2105.08

2068.27, 2105.09

2055.23, 2105.09

2064.62, 2105.10

2063.36, 2105.10

2064.44, 2105.11

2042.74, 2105.11

2069.37, 2105.12

2067.64, 2105.12

2072.26, 2105.13

2063.73, 2105.13

2066.37, 2105.13

2057.14, 2105.14

2070.31, 2105.14

2064.83, 2105.15

2060.68, 2105.15

2045.87, 2105.15

2058.09, 2105.15

2096.51, 2105.16

2081.35, 2105.16

2084.64, 2105.16

2073.16, 2105.17

2073.42, 2105.17

2070.14, 2105.17

2058.71, 2105.18

2048.67, 2105.18

2059.27, 2105.19

2057.23, 2105.19

2051.72, 2105.19

2060.37, 2105.20

2070.74, 2105.20

2081.07, 2105.21

2062.81, 2105.21

2077.18, 2105.21

2051.02, 2105.22

2040.80, 2105.22

2054.48, 2105.23

2061.15, 2105.23

2069.91, 2105.23

2068.99, 2105.24

2051.10, 2105.24

2059.61, 2105.24

2068.06, 2105.25

2079.71, 2105.25

2062.57, 2105.25

2071.26, 2105.26

2066.43, 2105.26

2074.14, 2105.26

2054.51, 2105.27

2058.45, 2105.27

2061.95, 2105.28

2068.39, 2105.28

2050.54, 2105.28

2082.05, 2105.29

2076.11, 2105.29

2071.21, 2105.29

2082.92, 2105.30

2057.29, 2105.30

2054.03, 2105.30

2066.10, 2105.31

2053.91, 2105.31

2074.79, 2105.32

2060.28, 2105.32

2050.23, 2105.32

2080.12, 2105.33

2062.81, 2105.33

2061.28, 2105.34

2039.93, 2105.34

2048.59, 2105.35

2043.56, 2105.35

2070.66, 2105.35

2069.37, 2105.36

2068.44, 2105.36

2056.74, 2105.36

2069.17, 2105.37

2062.32, 2105.37

2069.33, 2105.37

2059.43, 2105.38

2056.74, 2105.38

2053.67, 2105.38

2054.07, 2105.38

2058.41, 2105.39

2053.54, 2105.39

2055.85, 2105.39

2065.89, 2105.39

2056.29, 2105.39

2051.73, 2105.39

2047.77, 2105.39

2061.58, 2105.39

2070.26, 2105.39

2070.83, 2105.39

2077.88, 2105.39

2084.99, 2105.39

2064.40, 2105.39

2056.74, 2105.39

2064.47, 2105.39

2049.45, 2105.39

2066.14, 2105.39

2050.61, 2105.39

2055.06, 2105.39

2075.31, 2105.39

2060.03, 2105.38

2062.70, 2105.38

2078.47, 2105.38

2070.05, 2105.38

2061.90, 2105.38

2080.09, 2105.37

2062.31, 2105.37

2050.43, 2105.37

2057.44, 2105.37

2053.44, 2105.37

2069.84, 2105.36

2073.38, 2105.36

2072.74, 2105.36

2069.77, 2105.36

2058.28, 2105.35

2075.53, 2105.35

2066.75, 2105.35

2074.68, 2105.35

2084.57, 2105.35

2047.46, 2105.35

2041.05, 2105.34

2068.20, 2105.34

2063.22, 2105.34

2062.32, 2105.34

2051.13, 2105.34

2067.71, 2105.34

2057.67, 2105.34

2074.37, 2105.34

2064.24, 2105.34

2049.62, 2105.33

2078.46, 2105.33

2067.55, 2105.33

2068.85, 2105.33

2067.49, 2105.33

2065.25, 2105.33

2065.92, 2105.33

2073.69, 2105.33

2045.97, 2105.33

2067.20, 2105.33

2059.72, 2105.33

2070.37, 2105.33

2081.14, 2105.33

2053.91, 2105.33

2081.29, 2105.33

2064.03, 2105.33

2067.80, 2105.33

2082.48, 2105.33

2066.25, 2105.33

2059.92, 2105.33

2063.99, 2105.33

2052.80, 2105.33

2061.78, 2105.34

2077.78, 2105.34

2071.88, 2105.34

2073.49, 2105.34

2078.15, 2105.34

2058.71, 2105.35

2078.57, 2105.35

2057.86, 2105.35

2052.09, 2105.36

2070.71, 2105.36

2074.77, 2105.37

2075.58, 2105.37

2069.86, 2105.37

2058.59, 2105.38

2063.96, 2105.38

2054.60, 2105.39

2074.66, 2105.40

2061.27, 2105.40

2062.73, 2105.41

2058.87, 2105.41

2058.39, 2105.42

2059.54, 2105.43

2062.65, 2105.43

2055.47, 2105.44

2074.15, 2105.44

2072.61, 2105.45

2065.96, 2105.46

2052.00, 2105.46

2067.90, 2105.47

2072.59, 2105.48

2064.26, 2105.48

2073.73, 2105.49

2054.57, 2105.50

2046.96, 2105.50

2056.40, 2105.51

2071.34, 2105.52

2047.13, 2105.52

2061.71, 2105.53

2045.27, 2105.54

2071.43, 2105.54

2058.54, 2105.55

2071.55, 2105.56

2074.66, 2105.56

2067.17, 2105.57

2062.22, 2105.57

2060.32, 2105.58

2075.83, 2105.58

2050.68, 2105.59

2063.37, 2105.59

2061.44, 2105.60

2094.84, 2105.61

2058.98, 2105.61

2062.80, 2105.62

2066.28, 2105.62

2069.73, 2105.63

2075.67, 2105.63

2062.47, 2105.64

2080.75, 2105.64

2064.47, 2105.65

2065.65, 2105.65

2048.46, 2105.66

2063.95, 2105.66

2070.49, 2105.67

2054.25, 2105.68

2054.63, 2105.68

2074.06, 2105.69

2068.11, 2105.69

2060.71, 2105.70

2081.67, 2105.70

2057.27, 2105.71

2061.03, 2105.72

2060.90, 2105.72

2052.69, 2105.73

2061.77, 2105.73

2075.28, 2105.74

2062.23, 2105.74

2076.12, 2105.75

2063.11, 2105.76

2050.81, 2105.76

2066.08, 2105.77

2092.01, 2105.77

2075.80, 2105.78

2082.38, 2105.78

2071.44, 2105.79

2066.24, 2105.80

2060.42, 2105.80

2058.04, 2105.81

2063.50, 2105.82

2054.85, 2105.82

2069.49, 2105.83

2051.55, 2105.84

2062.95, 2105.84

2070.40, 2105.85

2079.24, 2105.86

2059.62, 2105.86

2063.36, 2105.87

2049.24, 2105.88

2058.72, 2105.88

2056.27, 2105.89

2044.03, 2105.90

2072.90, 2105.90

2055.39, 2105.91

2055.24, 2105.92

2071.62, 2105.92

2046.46, 2105.93

2057.85, 2105.93

2046.58, 2105.94

2068.96, 2105.94

2058.30, 2105.95

2047.03, 2105.95

2068.50, 2105.96

2057.35, 2105.96

2068.54, 2105.96

2081.65, 2105.97

2069.67, 2105.97

2060.77, 2105.97

2057.18, 2105.97

2059.42, 2105.98

2059.04, 2105.98

2070.30, 2105.98

2052.63, 2105.98

2072.16, 2105.98

2064.32, 2105.98

2051.53, 2105.98

2067.75, 2105.98

2056.98, 2105.99

2071.40, 2105.99

2058.74, 2105.99

2049.37, 2105.99

2040.24, 2105.98

2046.72, 2105.98

2064.37, 2105.98

2069.34, 2105.98

2058.73, 2105.98

2065.77, 2105.98

2070.18, 2105.97

2063.32, 2105.97

2070.93, 2105.97

2066.99, 2105.96

2066.70, 2105.96

2063.37, 2105.96

2055.14, 2105.95

2068.41, 2105.95

2069.24, 2105.95

2048.02, 2105.94

2056.60, 2105.94

2048.16, 2105.93

2071.62, 2105.93

2068.66, 2105.92

2060.77, 2105.92

2045.68, 2105.91

2089.17, 2105.91

2085.42, 2105.90

2075.24, 2105.89

2060.62, 2105.89

2054.56, 2105.88

2049.36, 2105.88

2058.64, 2105.87

2055.26, 2105.87

2066.83, 2105.86

2075.88, 2105.85

2062.99, 2105.85

2059.50, 2105.84

2052.55, 2105.84

2048.85, 2105.83

2055.29, 2105.82

2057.23, 2105.82

2074.02, 2105.81

2062.10, 2105.80

2074.21, 2105.80

2060.02, 2105.79

2053.80, 2105.78

2077.78, 2105.77

2053.48, 2105.77

2065.95, 2105.76

2067.89, 2105.75

2050.59, 2105.74

2063.36, 2105.74

2079.34, 2105.73

2060.13, 2105.72

2055.11, 2105.72

2072.31, 2105.71

2051.43, 2105.70

2062.24, 2105.69

2070.92, 2105.69

2064.99, 2105.68

2049.50, 2105.67

2066.85, 2105.66

2060.19, 2105.65

2073.12, 2105.65

2054.51, 2105.64

2061.05, 2105.63

2046.91, 2105.62

2050.99, 2105.62

2050.50, 2105.61

2064.55, 2105.60

2058.76, 2105.59

2063.98, 2105.58

2064.80, 2105.57

2064.38, 2105.56

2054.14, 2105.56

2061.91, 2105.55

2044.29, 2105.54

2052.03, 2105.53

2050.50, 2105.52

2075.75, 2105.51

2060.38, 2105.50

2057.74, 2105.49

2061.67, 2105.48

2065.17, 2105.47

2052.22, 2105.46

2052.42, 2105.44

2075.54, 2105.43

2052.45, 2105.42

2070.25, 2105.41

2056.82, 2105.40

2047.98, 2105.39

2074.50, 2105.37

2065.55, 2105.36

2063.46, 2105.35

2055.95, 2105.34

2067.79, 2105.32

2063.58, 2105.31

2068.16, 2105.30

2056.32, 2105.29

2040.53, 2105.27

2053.85, 2105.26

2059.59, 2105.25

2068.76, 2105.23

2058.18, 2105.22

2063.92, 2105.21

2060.69, 2105.19

2073.97, 2105.18

2058.40, 2105.17

2069.04, 2105.15

2051.40, 2105.14

2064.94, 2105.13

2049.69, 2105.11

2074.67, 2105.10

2070.87, 2105.08

2064.49, 2105.07

2059.25, 2105.06

2058.42, 2105.04

2055.34, 2105.03

2079.33, 2105.02

2062.63, 2105.00

2081.56, 2104.99

2078.26, 2104.98

2066.43, 2104.96

2069.04, 2104.95

2074.40, 2104.94

2056.74, 2104.93

2069.97, 2104.92

2064.40, 2104.90

2058.84, 2104.89

2073.28, 2104.88

2062.63, 2104.87

2058.66, 2104.86

2055.27, 2104.85

2057.53, 2104.84

2066.35, 2104.83

2058.94, 2104.83

2045.19, 2104.82

2053.32, 2104.81

2067.73, 2104.80

2049.27, 2104.79

2032.43, 2104.78

2072.84, 2104.77

2071.08, 2104.76

2065.51, 2104.75

2061.75, 2104.75

2086.48, 2104.74

2071.35, 2104.73

2073.53, 2104.72

2076.35, 2104.71

2074.64, 2104.71

2071.06, 2104.70

2062.11, 2104.69

2059.41, 2104.68

2056.44, 2104.68

2048.24, 2104.67

2049.12, 2104.67

2072.51, 2104.66

2059.15, 2104.65

2080.92, 2104.65

2062.49, 2104.64

2067.45, 2104.64

2058.34, 2104.63

2059.53, 2104.63

2051.75, 2104.62

2064.88, 2104.62

2061.49, 2104.62

2050.75, 2104.61

2063.38, 2104.61

2050.94, 2104.60

2073.29, 2104.60

2071.13, 2104.59

2064.11, 2104.59

2053.11, 2104.59

2065.91, 2104.58

2059.89, 2104.58

2054.59, 2104.58

2064.36, 2104.57

2058.04, 2104.57

2079.60, 2104.57

2056.36, 2104.56

2068.64, 2104.56

2069.26, 2104.56

2073.83, 2104.55

2041.88, 2104.55

2072.79, 2104.55

2057.48, 2104.55

2067.35, 2104.54

2071.23, 2104.54

2060.42, 2104.54

2063.54, 2104.54

2063.55, 2104.53

2057.06, 2104.53

2066.51, 2104.53

2070.25, 2104.53

2072.23, 2104.53

2070.32, 2104.53

2061.63, 2104.52

2049.56, 2104.52

2063.66, 2104.52

2083.37, 2104.52

2071.24, 2104.52

2066.62, 2104.52

2060.86, 2104.52

2074.09, 2104.52

2054.81, 2104.52

2051.68, 2104.52

2054.77, 2104.52

2049.08, 2104.52

2063.51, 2104.52

2073.05, 2104.52

2060.01, 2104.52

2065.40, 2104.52

2064.84, 2104.53

2051.18, 2104.53

2060.32, 2104.53

2076.53, 2104.53

2070.45, 2104.53

2056.95, 2104.53

2056.19, 2104.53

2059.72, 2104.53

2060.47, 2104.53

2050.25, 2104.54

2059.72, 2104.54

2060.77, 2104.54

2066.28, 2104.54

2072.83, 2104.54

2066.08, 2104.54

2067.91, 2104.54

2073.99, 2104.54

2059.30, 2104.54

2061.13, 2104.55

2053.21, 2104.55

2084.32, 2104.55

2068.63, 2104.55

2050.76, 2104.55

2059.98, 2104.55

2062.50, 2104.56

2061.55, 2104.56

2064.35, 2104.56

2051.04, 2104.56

2059.00, 2104.56

2061.90, 2104.56

2050.99, 2104.57

2050.10, 2104.57

2064.81, 2104.57

2057.18, 2104.57

2076.02, 2104.57

2051.70, 2104.57

2065.17, 2104.57

2067.62, 2104.57

2072.36, 2104.57

2058.44, 2104.57

2048.24, 2104.57

2048.12, 2104.58

2059.91, 2104.58

2049.39, 2104.58

2075.74, 2104.58

2060.27, 2104.57

2077.83, 2104.57

2076.58, 2104.57

2069.66, 2104.57

2078.27, 2104.57

2093.53, 2104.57

2069.25, 2104.57

2067.73, 2104.57

2058.97, 2104.57

2051.90, 2104.57

2078.79, 2104.57

2057.28, 2104.58

2078.43, 2104.58

2074.84, 2104.58

2058.68, 2104.58

2065.07, 2104.58

2063.81, 2104.58

2072.38, 2104.59

2076.74, 2104.59

2064.97, 2104.59

2066.00, 2104.60

2070.10, 2104.60

2069.01, 2104.60

2043.80, 2104.61

2054.18, 2104.61

2067.12, 2104.62

2069.61, 2104.62

2066.76, 2104.62

2060.38, 2104.63

2071.34, 2104.63

2085.93, 2104.64

2069.09, 2104.65

2063.41, 2104.65

2059.14, 2104.66

2070.01, 2104.66

2050.60, 2104.67

2056.46, 2104.68

2044.75, 2104.68

2047.07, 2104.69

2077.71, 2104.70

2068.27, 2104.70

2069.63, 2104.71

2062.66, 2104.72

2059.87, 2104.72

2068.99, 2104.73

2059.50, 2104.74

2075.85, 2104.74

2060.98, 2104.75

2051.20, 2104.76

2080.12, 2104.77

2047.51, 2104.77

2075.65, 2104.78

2067.47, 2104.79

2057.95, 2104.79

2069.89, 2104.80

2056.79, 2104.81

2060.98, 2104.82

2075.60, 2104.82

2073.46, 2104.83

2068.15, 2104.84

2077.21, 2104.84

2068.22, 2104.85

2071.12, 2104.86

2064.71, 2104.87

2048.97, 2104.88

2069.60, 2104.88

2041.06, 2104.89

2066.61, 2104.90

2051.86, 2104.91

2061.69, 2104.92

2064.67, 2104.92

2048.07, 2104.93

2077.41, 2104.94

2054.54, 2104.95

2059.85, 2104.96

2055.69, 2104.96

2063.37, 2104.97

2071.04, 2104.98

2067.90, 2104.98

2068.79, 2104.99

2063.68, 2105.00

2052.97, 2105.01

2056.40, 2105.01

2071.84, 2105.02

2057.68, 2105.03

2063.57, 2105.03

2063.76, 2105.04

2063.98, 2105.04

2067.00, 2105.05

2057.30, 2105.06

2057.13, 2105.06

2061.81, 2105.07

2055.78, 2105.07

2053.68, 2105.08

2070.37, 2105.08

2061.24, 2105.09

2069.52, 2105.09

2060.35, 2105.10

2069.24, 2105.10

2052.72, 2105.11

2050.77, 2105.11

2083.08, 2105.11

2059.31, 2105.12

2056.13, 2105.12

2063.71, 2105.12

2064.57, 2105.13

2078.76, 2105.13

2069.18, 2105.13

2072.32, 2105.14

2053.23, 2105.14

2059.42, 2105.14

2070.04, 2105.15

2074.70, 2105.15

2075.17, 2105.15

2067.42, 2105.16

2057.94, 2105.16

2065.89, 2105.16

2068.59, 2105.16

2063.56, 2105.17

2060.56, 2105.17

2053.66, 2105.17

2071.97, 2105.18

2081.10, 2105.18

2067.01, 2105.18

2063.90, 2105.19

2060.19, 2105.19

2046.62, 2105.20

2052.36, 2105.20

2060.74, 2105.20

2074.67, 2105.21

2078.97, 2105.21

2067.40, 2105.21

2050.64, 2105.22

2066.96, 2105.22

2063.90, 2105.23

2067.09, 2105.23

2072.61, 2105.23

2070.96, 2105.24

2074.60, 2105.24

2061.36, 2105.24

2067.64, 2105.25

2056.76, 2105.25

2058.58, 2105.26

2063.26, 2105.26

2075.23, 2105.27

2063.22, 2105.27

2057.72, 2105.28

2048.47, 2105.28

2052.15, 2105.29

2056.81, 2105.29

2076.38, 2105.29

2075.74, 2105.30

2064.17, 2105.30

2070.82, 2105.31

2058.48, 2105.31

2056.65, 2105.32

2062.96, 2105.32

2058.30, 2105.32

2073.93, 2105.33

2072.19, 2105.33

2091.72, 2105.34

2069.77, 2105.34

2060.18, 2105.35

2072.72, 2105.35

2079.07, 2105.36

2076.21, 2105.36

2059.92, 2105.37

2073.29, 2105.37

2048.93, 2105.38

2058.49, 2105.39

2077.85, 2105.39

2074.58, 2105.40

2062.96, 2105.41

2066.60, 2105.41

2069.66, 2105.42

2066.77, 2105.43

2073.08, 2105.43

2070.31, 2105.44

2072.63, 2105.45

2065.26, 2105.46

2063.23, 2105.47

2062.22, 2105.47

2068.12, 2105.48

2063.31, 2105.49

2056.43, 2105.50

2049.94, 2105.51

2082.19, 2105.52

2066.72, 2105.53

2061.17, 2105.54

2068.92, 2105.55

2057.99, 2105.56

2065.10, 2105.57

2077.21, 2105.58

2075.82, 2105.59

2065.98, 2105.60

2051.60, 2105.61

2073.06, 2105.62

2074.01, 2105.63

2062.80, 2105.64

2037.78, 2105.65

2057.68, 2105.66

2058.77, 2105.67

2071.18, 2105.68

2068.72, 2105.69

2057.17, 2105.70

2067.32, 2105.71

2072.83, 2105.72

2048.58, 2105.73

2056.26, 2105.74

2060.43, 2105.75

2076.54, 2105.76

2071.85, 2105.77

2080.79, 2105.78

2067.38, 2105.79

2050.94, 2105.80

2066.59, 2105.81

2071.46, 2105.82

2059.85, 2105.83

2063.78, 2105.84

2064.68, 2105.85

2066.47, 2105.86

2067.65, 2105.87

2064.06, 2105.88

2038.11, 2105.88

2088.31, 2105.89

2070.03, 2105.90

2063.60, 2105.91

2073.46, 2105.92

2053.95, 2105.93

2064.59, 2105.94

2053.66, 2105.95

2040.27, 2105.96

2059.03, 2105.96

2062.00, 2105.97

2055.60, 2105.98

2068.06, 2105.99

2055.41, 2106.00

2069.54, 2106.00

2062.55, 2106.01

2053.86, 2106.02

2052.59, 2106.02

2058.96, 2106.03

2046.80, 2106.03

2064.28, 2106.04

2069.33, 2106.04

2061.63, 2106.05

2071.16, 2106.05

2065.32, 2106.06

2059.83, 2106.06

2067.58, 2106.06

2070.96, 2106.07

2068.20, 2106.07

2060.62, 2106.07

2041.66, 2106.07

2071.27, 2106.08

2064.33, 2106.08

2053.83, 2106.08

2055.78, 2106.08

2061.68, 2106.08

2070.27, 2106.08

2081.63, 2106.08

2074.06, 2106.08

2050.61, 2106.09

2057.76, 2106.09

2051.48, 2106.09

2065.15, 2106.09

2077.11, 2106.09

2071.71, 2106.08

2049.87, 2106.08

2066.79, 2106.08

2058.78, 2106.08

2063.08, 2106.08

2061.31, 2106.08

2059.33, 2106.08

2090.73, 2106.08

2056.37, 2106.08

2071.64, 2106.07

2071.56, 2106.07

2074.06, 2106.07

2076.51, 2106.07

2065.45, 2106.07

2056.15, 2106.07

2093.31, 2106.06

2063.73, 2106.06

2071.57, 2106.06

2056.06, 2106.06

2074.61, 2106.06

2062.26, 2106.06

2052.03, 2106.06

2069.40, 2106.06

2051.34, 2106.06

2065.83, 2106.06

2082.98, 2106.06

2070.20, 2106.06

2054.52, 2106.06

2045.65, 2106.06

2065.57, 2106.06

2071.36, 2106.06

2067.04, 2106.06

2067.00, 2106.06

2088.20, 2106.06

2069.52, 2106.06

2071.35, 2106.06

2055.54, 2106.06

2066.25, 2106.07

2064.13, 2106.07

2059.91, 2106.07

2071.69, 2106.07

2060.67, 2106.07

2071.47, 2106.07

2064.85, 2106.08

2070.08, 2106.08

2039.71, 2106.08

2064.77, 2106.08

2043.28, 2106.08

2044.63, 2106.09

2063.26, 2106.09

2061.13, 2106.09

2052.41, 2106.09

2071.94, 2106.09

2073.69, 2106.09

2046.57, 2106.10

2049.46, 2106.10

2076.55, 2106.10

2075.45, 2106.10

2077.65, 2106.10

2077.56, 2106.10

2045.86, 2106.10

2063.59, 2106.10

2058.46, 2106.10

2058.95, 2106.10

2064.79, 2106.10

2069.68, 2106.10

2049.87, 2106.10

2058.59, 2106.10

2052.66, 2106.10

2059.77, 2106.10

2070.78, 2106.10

2052.58, 2106.10

2046.56, 2106.10

2062.36, 2106.10

2082.04, 2106.09

2069.10, 2106.09

2072.61, 2106.09

2052.66, 2106.09

2053.97, 2106.09

2087.30, 2106.08

2052.43, 2106.08

2040.54, 2106.08

2066.15, 2106.08

2061.12, 2106.07

2057.41, 2106.07

2070.34, 2106.07

2057.73, 2106.06

2053.87, 2106.06

2061.39, 2106.06

2053.14, 2106.05

2063.61, 2106.05

2069.56, 2106.04

2055.66, 2106.04

2057.27, 2106.03

2050.73, 2106.03

2069.97, 2106.02

2059.30, 2106.02

2064.73, 2106.01

2052.47, 2106.00

2066.75, 2106.00

2066.07, 2105.99

2063.11, 2105.98

2075.61, 2105.98

2086.66, 2105.97

2068.27, 2105.96

2067.63, 2105.96

2065.16, 2105.95

2070.62, 2105.94

2063.36, 2105.94

2064.54, 2105.93

2077.15, 2105.92

2049.92, 2105.92

2071.89, 2105.91

2063.19, 2105.90

2069.62, 2105.90

2063.46, 2105.89

2069.25, 2105.89

2081.52, 2105.88

2062.85, 2105.87

2065.09, 2105.87

2078.01, 2105.86

2075.30, 2105.86

2083.93, 2105.85

2064.69, 2105.85

2086.17, 2105.85

2079.12, 2105.84

2095.31, 2105.84

2105.63, 2105.84

2146.76, 2105.84

2079.48, 2105.84

2065.25, 2105.84

2058.12, 2105.84

2052.11, 2105.84

2064.11, 2105.85

2080.41, 2105.85

2055.24, 2105.86

2053.12, 2105.86

2068.11, 2105.87

2074.61, 2105.88

2079.76, 2105.88

2053.18, 2105.89

2067.92, 2105.90

2071.59, 2105.91

2064.76, 2105.92

2046.48, 2105.93

2052.65, 2105.94

2044.76, 2105.95

2051.68, 2105.96

2052.87, 2105.97

2074.09, 2105.98

2051.11, 2105.99

2066.31, 2106.01

2047.23, 2106.02

2057.02, 2106.03

2055.50, 2106.04

2080.05, 2106.05

2071.81, 2106.06

2058.08, 2106.07

2049.01, 2106.08

2065.10, 2106.09

2065.51, 2106.10

2042.75, 2106.11

2050.38, 2106.12

2062.34, 2106.13

2069.93, 2106.14

2071.59, 2106.15

2067.46, 2106.16

2062.35, 2106.17

2050.63, 2106.18

2088.26, 2106.19

2057.83, 2106.20

2069.08, 2106.20

2060.21, 2106.21

2066.52, 2106.22

2062.35, 2106.23

2067.94, 2106.23

2059.39, 2106.24

2058.44, 2106.25

2055.34, 2106.26

2055.93, 2106.26

2069.49, 2106.27

2045.55, 2106.27

2072.75, 2106.28

2069.68, 2106.29

2043.27, 2106.29

2068.03, 2106.30

2046.40, 2106.30

2048.14, 2106.31

2072.21, 2106.31

2080.92, 2106.31

2073.19, 2106.32

2057.12, 2106.32

2055.21, 2106.32

2071.02, 2106.33

2073.20, 2106.33

2073.52, 2106.33

2063.15, 2106.33

2062.82, 2106.34

2074.08, 2106.34

2066.11, 2106.34

2050.21, 2106.34

2056.92, 2106.34

2069.79, 2106.34

2070.68, 2106.35

2062.37, 2106.35

2057.54, 2106.35

2046.15, 2106.35

2052.32, 2106.35

2071.53, 2106.35

2056.35, 2106.35

2067.74, 2106.35

2061.77, 2106.35

2074.48, 2106.35

2064.95, 2106.35

2064.39, 2106.35

2072.94, 2106.35

2059.59, 2106.35

2058.26, 2106.35

2052.73, 2106.34

2082.07, 2106.34

2067.31, 2106.34

2064.53, 2106.34

2057.75, 2106.34

2064.28, 2106.34

2042.23, 2106.33

2072.82, 2106.33

2058.48, 2106.33

2054.25, 2106.33

2063.52, 2106.33

2069.95, 2106.32

2066.10, 2106.32

2080.51, 2106.32

2064.85, 2106.31

2075.79, 2106.31

2093.48, 2106.31

2066.45, 2106.31

2065.54, 2106.30

2068.85, 2106.30

2064.59, 2106.30

2063.46, 2106.30

2063.65, 2106.29

2056.16, 2106.29

2062.92, 2106.29

2071.69, 2106.29

2071.97, 2106.29

2066.40, 2106.29

2062.44, 2106.28

2053.74, 2106.28

2056.27, 2106.28

2052.13, 2106.28

2061.91, 2106.28

2064.79, 2106.28

2059.18, 2106.28

2063.22, 2106.28

2069.12, 2106.27

2063.01, 2106.27

2057.50, 2106.27

2064.35, 2106.27

2066.44, 2106.27

2069.54, 2106.27

2054.55, 2106.26

2064.46, 2106.26

2065.35, 2106.26

2052.33, 2106.26

2059.53, 2106.26

2060.45, 2106.25

2066.75, 2106.25

2068.27, 2106.25

2055.13, 2106.25

2073.91, 2106.25

2073.89, 2106.24

2084.99, 2106.24

2063.60, 2106.24

2069.66, 2106.24

2075.77, 2106.23

2060.38, 2106.23

2076.84, 2106.23

2061.48, 2106.23

2053.75, 2106.23

2052.67, 2106.22

2064.97, 2106.22

2057.80, 2106.22

2055.88, 2106.22

2068.09, 2106.22

2062.61, 2106.22

2048.06, 2106.21

2046.61, 2106.21

2061.76, 2106.21

2069.78, 2106.21

2048.38, 2106.21

2048.84, 2106.20

2045.28, 2106.20

2072.23, 2106.20

2070.62, 2106.19

2058.76, 2106.19

2066.08, 2106.19

2062.51, 2106.18

2063.05, 2106.18

2069.31, 2106.17

2082.93, 2106.17

2066.49, 2106.16

2054.35, 2106.16

2073.14, 2106.16

2062.01, 2106.15

2060.80, 2106.15

2079.08, 2106.14

2053.41, 2106.14

2070.84, 2106.13

2052.18, 2106.13

2070.52, 2106.12

2067.95, 2106.12

2062.90, 2106.11

2063.89, 2106.11

2062.99, 2106.10

2064.60, 2106.10

2068.76, 2106.09

2075.38, 2106.09

2061.34, 2106.09

2062.33, 2106.08

2084.53, 2106.08

2071.55, 2106.07

2073.96, 2106.07

2039.60, 2106.07

2067.16, 2106.06

2040.42, 2106.06

2054.34, 2106.05

2045.13, 2106.05

2071.11, 2106.05

2054.91, 2106.04

2072.69, 2106.04

2047.57, 2106.03

2051.76, 2106.03

2057.28, 2106.02

2068.83, 2106.02

2059.48, 2106.02

2059.05, 2106.01

2063.20, 2106.01

2060.22, 2106.00

2058.62, 2105.99

2055.56, 2105.99

2064.16, 2105.98

2068.52, 2105.98

2062.55, 2105.97

2064.76, 2105.96

2063.58, 2105.96

2049.76, 2105.95

2061.78, 2105.94

2065.88, 2105.94

2057.99, 2105.93

2073.70, 2105.92

2058.17, 2105.91

2047.22, 2105.91

2047.82, 2105.90

2075.88, 2105.89

2061.49, 2105.88

2052.95, 2105.88

2069.09, 2105.87

2054.21, 2105.86

2053.82, 2105.85

2063.18, 2105.84

2054.52, 2105.83

2061.85, 2105.82

2062.19, 2105.81

2073.92, 2105.80

2062.79, 2105.79

2056.08, 2105.78

2068.21, 2105.77

2066.92, 2105.76

2058.49, 2105.75

2057.45, 2105.74

2068.04, 2105.73

2047.80, 2105.72

2058.48, 2105.71

2056.35, 2105.70

2061.83, 2105.69

2069.58, 2105.67

2068.06, 2105.66

2067.51, 2105.65

2071.65, 2105.64

2061.17, 2105.63

2052.32, 2105.62

2058.83, 2105.61

2046.18, 2105.59

2063.72, 2105.58

2044.97, 2105.57

2071.10, 2105.56

2061.51, 2105.55

2092.35, 2105.53

2055.74, 2105.52

2059.37, 2105.51

2053.54, 2105.50

2046.95, 2105.48

2056.10, 2105.47

2064.51, 2105.46

2081.45, 2105.45

2059.85, 2105.43

2059.58, 2105.42

2063.36, 2105.41

2058.14, 2105.40

2085.91, 2105.38

2061.59, 2105.37

2072.76, 2105.36

2064.58, 2105.35

2053.46, 2105.33

2047.75, 2105.32

2054.77, 2105.31

2070.68, 2105.30

2069.27, 2105.29

2054.33, 2105.27

2071.03, 2105.26

2045.60, 2105.25

2077.36, 2105.24

2068.84, 2105.23

2053.08, 2105.21

2061.31, 2105.20

2048.83, 2105.19

2071.88, 2105.18

2067.59, 2105.17

2057.36, 2105.16

2051.94, 2105.15

2064.29, 2105.13

2079.13, 2105.12

2056.81, 2105.11

2063.88, 2105.10

2057.69, 2105.09

2056.87, 2105.08

2045.39, 2105.07

2072.24, 2105.06

2070.22, 2105.05

2071.12, 2105.03

2059.41, 2105.02

2061.74, 2105.01

2053.37, 2105.00

2080.74, 2104.99

2059.07, 2104.98

2045.81, 2104.97

2051.48, 2104.96

2047.75, 2104.95

2059.37, 2104.94

2058.84, 2104.93

2057.38, 2104.92

2074.04, 2104.91

2087.50, 2104.90

2069.85, 2104.89

2056.59, 2104.88

2065.76, 2104.87

2062.78, 2104.86

2066.48, 2104.85

2053.15, 2104.84

2051.11, 2104.83

2062.71, 2104.82

2058.77, 2104.81

2071.28, 2104.80

2060.93, 2104.79

2060.19, 2104.78

2058.92, 2104.77

2072.09, 2104.76

2064.81, 2104.75

2075.78, 2104.74

2056.48, 2104.73

2071.75, 2104.72

2060.17, 2104.72

2060.62, 2104.71

2074.56, 2104.70

2077.76, 2104.69

2064.48, 2104.68

2059.15, 2104.68

2062.61, 2104.67

2060.66, 2104.66

2074.37, 2104.65

2079.74, 2104.65

2057.67, 2104.64

2053.77, 2104.64

2058.88, 2104.63

2069.29, 2104.62

2053.43, 2104.62

2064.24, 2104.61

2055.32, 2104.61

2060.73, 2104.60

2063.77, 2104.60

2049.48, 2104.59

2065.35, 2104.59

2056.53, 2104.58

2069.75, 2104.58

2072.18, 2104.58

2053.22, 2104.57

2055.32, 2104.57

2052.63, 2104.56

2057.46, 2104.56

2073.45, 2104.56

2079.14, 2104.55

2057.41, 2104.55

2079.54, 2104.54

2054.95, 2104.54

2066.40, 2104.54

2056.34, 2104.53

2074.73, 2104.53

2050.77, 2104.53

2059.28, 2104.52

2057.83, 2104.52

2052.38, 2104.52

2055.24, 2104.52

2071.12, 2104.51

2061.61, 2104.51

2054.56, 2104.51

2062.16, 2104.50

2049.02, 2104.50

2050.80, 2104.50

2059.38, 2104.49

2082.94, 2104.49

2071.79, 2104.49

2077.18, 2104.48

2061.42, 2104.48

2062.84, 2104.48

2066.78, 2104.47

2066.38, 2104.47

2068.94, 2104.47

2056.39, 2104.47

2063.34, 2104.46

2048.23, 2104.46

2053.12, 2104.46

2068.11, 2104.46

2045.41, 2104.45

2052.44, 2104.45

2047.94, 2104.45

2049.49, 2104.44

2053.75, 2104.44

2066.77, 2104.44

2065.58, 2104.43

2069.16, 2104.43

2063.92, 2104.43

2078.59, 2104.42

2066.26, 2104.42

2080.33, 2104.41

2067.13, 2104.41

2054.01, 2104.41

2074.90, 2104.40

2053.69, 2104.40

2073.17, 2104.40

2054.92, 2104.39

2052.39, 2104.39

2052.44, 2104.39

2057.74, 2104.38

2075.57, 2104.38

2066.96, 2104.38

2043.60, 2104.37

2061.36, 2104.37

2041.74, 2104.36

2064.17, 2104.36

2077.82, 2104.36

2061.98, 2104.35

2047.50, 2104.35

2048.35, 2104.35

2069.53, 2104.34

2075.95, 2104.34

2064.20, 2104.33

2048.12, 2104.33

2067.01, 2104.32

2059.80, 2104.32

2047.48, 2104.32

2052.15, 2104.31

2072.91, 2104.31

2066.19, 2104.30

2072.72, 2104.30

2050.67, 2104.29

2057.57, 2104.29

2049.26, 2104.28

2076.93, 2104.28

2057.39, 2104.27

2055.24, 2104.27

2051.62, 2104.26

2058.96, 2104.26

2050.40, 2104.25

2061.84, 2104.24

2063.18, 2104.24

2062.02, 2104.23

2057.90, 2104.23

2058.29, 2104.22

2063.83, 2104.21

2072.88, 2104.21

2051.49, 2104.20

2059.45, 2104.19

2065.34, 2104.18

2090.43, 2104.18

2049.14, 2104.17

2058.31, 2104.16

2064.23, 2104.16

2061.82, 2104.15

2057.98, 2104.14

2068.50, 2104.13

2057.05, 2104.13

2052.91, 2104.12

2064.89, 2104.11

2048.29, 2104.11

2071.53, 2104.10

2049.15, 2104.09

2061.62, 2104.08

2066.26, 2104.08

2067.13, 2104.07

2058.41, 2104.06

2068.74, 2104.05

2057.07, 2104.05

2058.41, 2104.04

2058.34, 2104.03

2073.73, 2104.02

2071.57, 2104.02

2061.36, 2104.01

2062.84, 2104.00

2060.38, 2103.99

2053.94, 2103.99

2054.69, 2103.98

2032.37, 2103.97

2071.84, 2103.97

2061.98, 2103.96

2064.20, 2103.95

2055.32, 2103.94

2064.13, 2103.94

2063.61, 2103.93

2062.86, 2103.92

2071.69, 2103.91

2062.67, 2103.91

2069.47, 2103.90

2044.15, 2103.89

2056.21, 2103.88

2069.72, 2103.88

2054.67, 2103.87

2053.37, 2103.86

2060.64, 2103.85

2048.26, 2103.85

2067.73, 2103.84

2053.27, 2103.83

2084.33, 2103.82

2054.53, 2103.82

2056.25, 2103.81

2050.43, 2103.80

2053.94, 2103.79

2053.09, 2103.78

2051.11, 2103.78

2063.91, 2103.77

2053.79, 2103.76

2057.48, 2103.75

2083.95, 2103.74

2074.49, 2103.73

2071.55, 2103.73

2053.45, 2103.72

2054.65, 2103.71

2069.26, 2103.70

2064.73, 2103.69

2063.87, 2103.68

2092.19, 2103.68

2067.42, 2103.67

2059.64, 2103.66

2061.66, 2103.65

2070.17, 2103.65

2060.12, 2103.64

2061.01, 2103.63

2058.30, 2103.62

2052.53, 2103.62

2053.85, 2103.61

2057.09, 2103.61

2062.21, 2103.60

2076.22, 2103.59

2059.32, 2103.59

2072.63, 2103.58

2063.76, 2103.58

2065.38, 2103.57

2052.94, 2103.56

2067.79, 2103.56

2063.58, 2103.55

2060.66, 2103.55

2078.17, 2103.55

2055.02, 2103.54

2059.50, 2103.54

2060.85, 2103.53

2050.19, 2103.53

2071.42, 2103.53

2055.34, 2103.52

2054.43, 2103.52

2057.64, 2103.52

2058.66, 2103.51

2062.37, 2103.51

2068.54, 2103.51

2063.75, 2103.50

2080.48, 2103.50

2056.55, 2103.50

2059.35, 2103.49

2056.34, 2103.49

2062.93, 2103.49

2062.49, 2103.49

2054.65, 2103.48

2076.96, 2103.48

2055.40, 2103.48

2064.54, 2103.48

2044.75, 2103.48

2047.18, 2103.47

2078.02, 2103.47

2070.60, 2103.47

2072.76, 2103.47

2064.88, 2103.47

2058.89, 2103.46

2064.79, 2103.46

2063.68, 2103.46

2067.57, 2103.46

2077.96, 2103.46

2050.20, 2103.46

2063.92, 2103.46

2065.09, 2103.46

2061.41, 2103.46

2075.84, 2103.46

2082.48, 2103.46

2057.15, 2103.46

2059.91, 2103.46

2066.69, 2103.46

2059.07, 2103.46

2055.71, 2103.46

2062.77, 2103.46

2063.48, 2103.46

2065.05, 2103.46

2066.80, 2103.47

2059.98, 2103.47

2067.10, 2103.47

2048.71, 2103.47

2061.97, 2103.48

2061.50, 2103.48

2060.75, 2103.48

2067.57, 2103.48

2060.86, 2103.49

2086.69, 2103.49

2072.07, 2103.49

2073.41, 2103.50

2063.54, 2103.50

2063.05, 2103.50

2080.41, 2103.51

2075.34, 2103.51

2054.53, 2103.52

2065.75, 2103.52

2077.48, 2103.53

2062.05, 2103.53

2059.30, 2103.54

2073.93, 2103.55

2059.39, 2103.55

2059.74, 2103.56

2054.97, 2103.57

2054.40, 2103.57

2056.34, 2103.58

2059.23, 2103.59

2061.92, 2103.60

2057.59, 2103.60

2046.46, 2103.61

2042.05, 2103.62

2063.90, 2103.63

2054.39, 2103.63

2051.54, 2103.64

2062.55, 2103.65

2066.76, 2103.66

2058.08, 2103.66

2054.41, 2103.67

2063.24, 2103.68

2066.72, 2103.68

2055.07, 2103.69

2069.41, 2103.69

2063.14, 2103.70

2076.01, 2103.71

2077.70, 2103.71

2051.77, 2103.72

2050.88, 2103.72

2049.89, 2103.73

2083.29, 2103.73

2053.33, 2103.74

2066.73, 2103.74

2065.57, 2103.75

2055.26, 2103.75

2070.13, 2103.76

2058.61, 2103.76

2056.06, 2103.77

2055.61, 2103.77

2057.06, 2103.78

2052.81, 2103.78

2072.58, 2103.79

2080.76, 2103.79

2069.78, 2103.79

2069.78, 2103.80

2082.58, 2103.80

2067.46, 2103.81

2062.65, 2103.81

2062.96, 2103.82

2064.10, 2103.82

2068.61, 2103.83

2053.56, 2103.83

2072.16, 2103.84

2073.02, 2103.84

2055.10, 2103.85

2052.31, 2103.85

2060.23, 2103.86

2060.42, 2103.86

2076.14, 2103.87

2074.11, 2103.87

2061.81, 2103.88

2065.58, 2103.88

2060.26, 2103.89

2071.53, 2103.90

2071.95, 2103.90

2054.20, 2103.91

2059.82, 2103.91

2061.98, 2103.92

2056.30, 2103.93

2053.23, 2103.93

2081.02, 2103.94

2082.20, 2103.95

2068.92, 2103.95

2054.39, 2103.96

2055.24, 2103.97

2061.82, 2103.97

2065.58, 2103.98

2050.86, 2103.99

2051.19, 2104.00

2058.22, 2104.00

2063.12, 2104.01

2046.51, 2104.02

2050.45, 2104.02

2058.85, 2104.03

2073.58, 2104.04

2050.76, 2104.04

2053.88, 2104.05

2050.49, 2104.05

2047.75, 2104.06

2054.38, 2104.06

2063.24, 2104.07

2055.62, 2104.07

2061.16, 2104.08

2053.52, 2104.08

2066.95, 2104.09

2082.50, 2104.09

2066.15, 2104.09

2062.71, 2104.09

2058.07, 2104.10

2050.51, 2104.10

2059.55, 2104.10

2073.56, 2104.10

2058.46, 2104.11

2062.35, 2104.11

2062.73, 2104.11

2063.57, 2104.11

2058.06, 2104.11

2055.01, 2104.11

2062.60, 2104.11

2058.56, 2104.11

2059.16, 2104.11

2054.92, 2104.11

2070.79, 2104.11

2048.88, 2104.11

2061.79, 2104.11

2062.08, 2104.11

2050.21, 2104.11

2055.42, 2104.11

2044.24, 2104.11

2076.22, 2104.11

2054.12, 2104.11

2046.11, 2104.10

2070.01, 2104.10

2062.10, 2104.10

2061.81, 2104.09

2059.48, 2104.09

2057.35, 2104.09

2068.63, 2104.08

2064.06, 2104.08

2065.81, 2104.08

2065.88, 2104.07

2062.49, 2104.07

2042.35, 2104.06

2041.33, 2104.06

2066.83, 2104.05

2077.18, 2104.05

2059.22, 2104.04

2054.62, 2104.04

2075.26, 2104.03

2056.53, 2104.02

2065.95, 2104.02

2074.40, 2104.01

2074.84, 2104.01

2045.38, 2104.00

2058.34, 2104.00

2068.23, 2103.99

2050.32, 2103.98

2055.93, 2103.98

2055.69, 2103.97

2054.17, 2103.97

2069.22, 2103.96

2065.72, 2103.95

2059.57, 2103.95

2062.56, 2103.94

2059.66, 2103.93

2057.87, 2103.93

2046.09, 2103.92

2046.11, 2103.91

2063.21, 2103.90

2054.72, 2103.90

2050.37, 2103.89

2056.54, 2103.88

2043.45, 2103.87

2058.35, 2103.87

2054.93, 2103.86

2054.19, 2103.85

2076.72, 2103.84

2059.27, 2103.83

2057.53, 2103.82

2056.95, 2103.81

2062.20, 2103.80

2072.12, 2103.79

2054.21, 2103.78

2070.02, 2103.77

2067.40, 2103.76

2045.14, 2103.75

2078.01, 2103.74

2066.30, 2103.73

2064.03, 2103.72

2052.30, 2103.71

2057.93, 2103.70

2062.29, 2103.69

2058.03, 2103.67

2061.80, 2103.66

2063.48, 2103.65

2078.85, 2103.64

2066.48, 2103.63

2051.75, 2103.62

2072.47, 2103.61

2061.05, 2103.60

2075.50, 2103.59

2076.05, 2103.58

2059.21, 2103.57

2062.92, 2103.56

2042.69, 2103.55

2046.47, 2103.54

2049.35, 2103.53

2066.83, 2103.52

2054.08, 2103.51

2080.21, 2103.51

2071.52, 2103.50

2043.65, 2103.49

2055.67, 2103.48

2056.67, 2103.47

2072.77, 2103.46

2053.08, 2103.45

2037.91, 2103.44

2050.19, 2103.44

2056.32, 2103.43

2057.33, 2103.42

2048.63, 2103.41

2043.16, 2103.40

2058.12, 2103.39

2063.21, 2103.38

2054.52, 2103.37

2060.75, 2103.36

2080.58, 2103.35

2071.96, 2103.34

2075.70, 2103.33

2056.27, 2103.32

2077.93, 2103.31

2060.59, 2103.30

2057.16, 2103.29

2044.02, 2103.28

2061.30, 2103.27

2056.83, 2103.26

2056.98, 2103.25

2056.70, 2103.24

2075.97, 2103.23

2063.10, 2103.22

2062.91, 2103.21

2065.49, 2103.20

2045.65, 2103.19

2059.66, 2103.18

2044.27, 2103.17

2062.03, 2103.16

2065.10, 2103.15

2068.91, 2103.15

2064.69, 2103.14

2063.27, 2103.13

2055.53, 2103.12

2054.95, 2103.11

2059.20, 2103.10

2054.82, 2103.09

2055.18, 2103.08

2057.32, 2103.07

2064.43, 2103.06

2055.14, 2103.05

2053.31, 2103.04

2068.83, 2103.03

2066.28, 2103.02

2063.63, 2103.01

2068.56, 2103.00

2056.96, 2103.00

2055.20, 2102.99

2060.92, 2102.98

2059.69, 2102.97

2066.77, 2102.96

2049.98, 2102.95

2053.80, 2102.94

2042.68, 2102.93

2049.77, 2102.92

2042.58, 2102.91

2056.26, 2102.90

2075.13, 2102.89

2071.31, 2102.88

2062.03, 2102.88

2052.60, 2102.87

2063.56, 2102.86

2060.26, 2102.85

2064.83, 2102.84

2063.68, 2102.83

2054.97, 2102.82

2070.80, 2102.81

2073.18, 2102.80

2052.72, 2102.79

2037.67, 2102.78

2063.37, 2102.77

2059.24, 2102.76

2068.52, 2102.75

2086.05, 2102.74

2055.41, 2102.73

2075.74, 2102.72

2063.37, 2102.71

2072.04, 2102.70

2063.20, 2102.70

2069.52, 2102.69

2048.15, 2102.68

2055.52, 2102.67

2065.45, 2102.66

2047.95, 2102.66

2058.19, 2102.65

2051.92, 2102.64

2053.59, 2102.63

2069.86, 2102.63

2057.49, 2102.62

2069.15, 2102.61

2055.11, 2102.61

2073.91, 2102.60

2062.79, 2102.59

2069.88, 2102.59

2075.59, 2102.58

2060.26, 2102.58

2081.83, 2102.57

2059.78, 2102.56

2076.78, 2102.56

2069.38, 2102.56

2055.54, 2102.55

2063.05, 2102.55

2074.71, 2102.54

2060.67, 2102.54

2072.57, 2102.54

2049.06, 2102.54

2061.81, 2102.53

2049.98, 2102.53

2057.10, 2102.53

2055.91, 2102.53

2079.09, 2102.53

2055.31, 2102.53

2051.83, 2102.53

2059.28, 2102.53

2063.33, 2102.53

2070.13, 2102.53

2058.51, 2102.53

2050.35, 2102.53

2062.54, 2102.53

2056.75, 2102.53

2079.08, 2102.53

2053.41, 2102.53

2068.54, 2102.53

2063.65, 2102.53

2049.87, 2102.53

2075.89, 2102.53

2070.99, 2102.54

2053.70, 2102.54

2073.07, 2102.54

2062.51, 2102.54

2060.85, 2102.54

2051.59, 2102.55

2066.76, 2102.55

2065.98, 2102.55

2068.50, 2102.56

2067.85, 2102.56

2066.58, 2102.56

2058.66, 2102.57

2049.97, 2102.57

2052.90, 2102.57

2059.79, 2102.58

2067.98, 2102.58

2073.50, 2102.59

2061.45, 2102.59

2059.15, 2102.60

2053.91, 2102.60

2053.69, 2102.60

2068.77, 2102.61

2054.18, 2102.61

2058.82, 2102.62

2066.98, 2102.62

2055.10, 2102.63

2053.51, 2102.63

2065.35, 2102.64

2075.04, 2102.64

2058.10, 2102.65

2055.21, 2102.65

2050.52, 2102.66

2070.85, 2102.66

2070.39, 2102.67

2064.04, 2102.67

2057.20, 2102.68

2053.72, 2102.68

2066.37, 2102.69

2060.04, 2102.69

2060.60, 2102.70

2063.36, 2102.70

2077.64, 2102.71

2055.36, 2102.71

2074.04, 2102.72

2064.70, 2102.72

2051.27, 2102.73

2058.73, 2102.73

2066.07, 2102.74

2074.31, 2102.74

2061.53, 2102.75

2061.85, 2102.75

2074.69, 2102.76

2071.87, 2102.76

2063.49, 2102.77

2043.75, 2102.78

2051.97, 2102.78

2039.70, 2102.79

2066.97, 2102.79

2053.30, 2102.80

2052.83, 2102.80

2065.08, 2102.81

2063.41, 2102.81

2066.14, 2102.82

2076.21, 2102.83

2073.42, 2102.83

2073.24, 2102.84

2065.42, 2102.84

2069.84, 2102.85

2081.08, 2102.85

2067.41, 2102.86

2059.14, 2102.87

2062.51, 2102.87

2103.65, 2102.88

------------



MINIMUM RANGE LIMIT: 1440

MAXIMUM RANGE LIMIT: 2218



TOTAL RANGE: 

778



-- OSSM Ready! --

